ERROR - 2023-05-24 05:08:58 --> Error connecting to the database: No connection could be made because the target machine actively refused it
CRITICAL - 2023-05-24 05:08:58 --> Unable to connect to the database.
#0 F:\Project\xampp\htdocs\operasional\system\Database\BaseConnection.php(618): CodeIgniter\Database\BaseConnection->initialize()
#1 F:\Project\xampp\htdocs\operasional\system\Database\BaseBuilder.php(1866): CodeIgniter\Database\BaseConnection->query('SELECT *\nFROM `...', Array, false)
#2 F:\Project\xampp\htdocs\operasional\system\Model.php(247): CodeIgniter\Database\BaseBuilder->get()
#3 F:\Project\xampp\htdocs\operasional\system\BaseModel.php(624): CodeIgniter\Model->doFirst()
#4 F:\Project\xampp\htdocs\operasional\app\Controllers\Login.php(15): CodeIgniter\BaseModel->first()
#5 F:\Project\xampp\htdocs\operasional\system\CodeIgniter.php(936): App\Controllers\Login->auth()
#6 F:\Project\xampp\htdocs\operasional\system\CodeIgniter.php(432): CodeIgniter\CodeIgniter->runController(Object(App\Controllers\Login))
#7 F:\Project\xampp\htdocs\operasional\system\CodeIgniter.php(333): CodeIgniter\CodeIgniter->handleRequest(NULL, Object(Config\Cache), false)
#8 F:\Project\xampp\htdocs\operasional\public\index.php(44): CodeIgniter\CodeIgniter->run()
#9 F:\Project\xampp\htdocs\operasional\system\Commands\Server\rewrite.php(45): require_once('F:\\Project\\xamp...')
#10 {main}
CRITICAL - 2023-05-24 06:03:00 --> Call to undefined method App\Models\OperationModel::getSchedules
#0 F:\Project\xampp\htdocs\operasional\app\Controllers\Operation.php(31): CodeIgniter\Model->__call('getSchedules', Array)
#1 F:\Project\xampp\htdocs\operasional\system\CodeIgniter.php(936): App\Controllers\Operation->index()
#2 F:\Project\xampp\htdocs\operasional\system\CodeIgniter.php(432): CodeIgniter\CodeIgniter->runController(Object(App\Controllers\Operation))
#3 F:\Project\xampp\htdocs\operasional\system\CodeIgniter.php(333): CodeIgniter\CodeIgniter->handleRequest(NULL, Object(Config\Cache), false)
#4 F:\Project\xampp\htdocs\operasional\public\index.php(44): CodeIgniter\CodeIgniter->run()
#5 F:\Project\xampp\htdocs\operasional\system\Commands\Server\rewrite.php(45): require_once('F:\\Project\\xamp...')
#6 {main}
ERROR - 2023-05-24 06:03:26 --> mysqli_sql_exception: You have an error in your SQL syntax; check the manual that corresponds to your MariaDB server version for the right syntax to use near 'SELECT ports.port_name FROM ports WHERE operation.origin = ports.port_id) as ...' at line 2 in F:\Project\xampp\htdocs\operasional\system\Database\MySQLi\Connection.php:314
Stack trace:
#0 F:\Project\xampp\htdocs\operasional\system\Database\MySQLi\Connection.php(314): mysqli->query(' SELECT cruises...')
#1 F:\Project\xampp\htdocs\operasional\system\Database\BaseConnection.php(713): CodeIgniter\Database\MySQLi\Connection->execute(' SELECT cruises...')
#2 F:\Project\xampp\htdocs\operasional\system\Database\BaseConnection.php(641): CodeIgniter\Database\BaseConnection->simpleQuery(' SELECT cruises...')
#3 F:\Project\xampp\htdocs\operasional\app\Models\OperationModel.php(24): CodeIgniter\Database\BaseConnection->query(' SELECT cruises...')
#4 F:\Project\xampp\htdocs\operasional\app\Controllers\Operation.php(31): App\Models\OperationModel->getOperasional()
#5 F:\Project\xampp\htdocs\operasional\system\CodeIgniter.php(936): App\Controllers\Operation->index()
#6 F:\Project\xampp\htdocs\operasional\system\CodeIgniter.php(432): CodeIgniter\CodeIgniter->runController(Object(App\Controllers\Operation))
#7 F:\Project\xampp\htdocs\operasional\system\CodeIgniter.php(333): CodeIgniter\CodeIgniter->handleRequest(NULL, Object(Config\Cache), false)
#8 F:\Project\xampp\htdocs\operasional\public\index.php(44): CodeIgniter\CodeIgniter->run()
#9 F:\Project\xampp\htdocs\operasional\system\Commands\Server\rewrite.php(45): require_once('F:\\Project\\xamp...')
#10 {main}
CRITICAL - 2023-05-24 06:03:26 --> You have an error in your SQL syntax; check the manual that corresponds to your MariaDB server version for the right syntax to use near 'SELECT ports.port_name FROM ports WHERE operation.origin = ports.port_id) as ...' at line 2
#0 F:\Project\xampp\htdocs\operasional\system\Database\MySQLi\Connection.php(314): mysqli->query(' SELECT cruises...')
#1 F:\Project\xampp\htdocs\operasional\system\Database\BaseConnection.php(713): CodeIgniter\Database\MySQLi\Connection->execute(' SELECT cruises...')
#2 F:\Project\xampp\htdocs\operasional\system\Database\BaseConnection.php(641): CodeIgniter\Database\BaseConnection->simpleQuery(' SELECT cruises...')
#3 F:\Project\xampp\htdocs\operasional\app\Models\OperationModel.php(24): CodeIgniter\Database\BaseConnection->query(' SELECT cruises...')
#4 F:\Project\xampp\htdocs\operasional\app\Controllers\Operation.php(31): App\Models\OperationModel->getOperasional()
#5 F:\Project\xampp\htdocs\operasional\system\CodeIgniter.php(936): App\Controllers\Operation->index()
#6 F:\Project\xampp\htdocs\operasional\system\CodeIgniter.php(432): CodeIgniter\CodeIgniter->runController(Object(App\Controllers\Operation))
#7 F:\Project\xampp\htdocs\operasional\system\CodeIgniter.php(333): CodeIgniter\CodeIgniter->handleRequest(NULL, Object(Config\Cache), false)
#8 F:\Project\xampp\htdocs\operasional\public\index.php(44): CodeIgniter\CodeIgniter->run()
#9 F:\Project\xampp\htdocs\operasional\system\Commands\Server\rewrite.php(45): require_once('F:\\Project\\xamp...')
#10 {main}
ERROR - 2023-05-24 06:09:29 --> mysqli_sql_exception: You have an error in your SQL syntax; check the manual that corresponds to your MariaDB server version for the right syntax to use near 'SELECT ports.port_name FROM ports WHERE operation.origin = ports.port_id) AS ...' at line 2 in F:\Project\xampp\htdocs\operasional\system\Database\MySQLi\Connection.php:314
Stack trace:
#0 F:\Project\xampp\htdocs\operasional\system\Database\MySQLi\Connection.php(314): mysqli->query(' SELECT cruises...')
#1 F:\Project\xampp\htdocs\operasional\system\Database\BaseConnection.php(713): CodeIgniter\Database\MySQLi\Connection->execute(' SELECT cruises...')
#2 F:\Project\xampp\htdocs\operasional\system\Database\BaseConnection.php(641): CodeIgniter\Database\BaseConnection->simpleQuery(' SELECT cruises...')
#3 F:\Project\xampp\htdocs\operasional\app\Models\OperationModel.php(24): CodeIgniter\Database\BaseConnection->query(' SELECT cruises...')
#4 F:\Project\xampp\htdocs\operasional\app\Controllers\Operation.php(31): App\Models\OperationModel->getOperasional()
#5 F:\Project\xampp\htdocs\operasional\system\CodeIgniter.php(936): App\Controllers\Operation->index()
#6 F:\Project\xampp\htdocs\operasional\system\CodeIgniter.php(432): CodeIgniter\CodeIgniter->runController(Object(App\Controllers\Operation))
#7 F:\Project\xampp\htdocs\operasional\system\CodeIgniter.php(333): CodeIgniter\CodeIgniter->handleRequest(NULL, Object(Config\Cache), false)
#8 F:\Project\xampp\htdocs\operasional\public\index.php(44): CodeIgniter\CodeIgniter->run()
#9 F:\Project\xampp\htdocs\operasional\system\Commands\Server\rewrite.php(45): require_once('F:\\Project\\xamp...')
#10 {main}
CRITICAL - 2023-05-24 06:09:29 --> You have an error in your SQL syntax; check the manual that corresponds to your MariaDB server version for the right syntax to use near 'SELECT ports.port_name FROM ports WHERE operation.origin = ports.port_id) AS ...' at line 2
#0 F:\Project\xampp\htdocs\operasional\system\Database\MySQLi\Connection.php(314): mysqli->query(' SELECT cruises...')
#1 F:\Project\xampp\htdocs\operasional\system\Database\BaseConnection.php(713): CodeIgniter\Database\MySQLi\Connection->execute(' SELECT cruises...')
#2 F:\Project\xampp\htdocs\operasional\system\Database\BaseConnection.php(641): CodeIgniter\Database\BaseConnection->simpleQuery(' SELECT cruises...')
#3 F:\Project\xampp\htdocs\operasional\app\Models\OperationModel.php(24): CodeIgniter\Database\BaseConnection->query(' SELECT cruises...')
#4 F:\Project\xampp\htdocs\operasional\app\Controllers\Operation.php(31): App\Models\OperationModel->getOperasional()
#5 F:\Project\xampp\htdocs\operasional\system\CodeIgniter.php(936): App\Controllers\Operation->index()
#6 F:\Project\xampp\htdocs\operasional\system\CodeIgniter.php(432): CodeIgniter\CodeIgniter->runController(Object(App\Controllers\Operation))
#7 F:\Project\xampp\htdocs\operasional\system\CodeIgniter.php(333): CodeIgniter\CodeIgniter->handleRequest(NULL, Object(Config\Cache), false)
#8 F:\Project\xampp\htdocs\operasional\public\index.php(44): CodeIgniter\CodeIgniter->run()
#9 F:\Project\xampp\htdocs\operasional\system\Commands\Server\rewrite.php(45): require_once('F:\\Project\\xamp...')
#10 {main}
ERROR - 2023-05-24 06:17:47 --> mysqli_sql_exception: You have an error in your SQL syntax; check the manual that corresponds to your MariaDB server version for the right syntax to use near 'SELECT ports.port_name FROM ports WHERE operation.origin = ports.port_id) AS ...' at line 2 in F:\Project\xampp\htdocs\operasional\system\Database\MySQLi\Connection.php:314
Stack trace:
#0 F:\Project\xampp\htdocs\operasional\system\Database\MySQLi\Connection.php(314): mysqli->query(' SELECT cruises...')
#1 F:\Project\xampp\htdocs\operasional\system\Database\BaseConnection.php(713): CodeIgniter\Database\MySQLi\Connection->execute(' SELECT cruises...')
#2 F:\Project\xampp\htdocs\operasional\system\Database\BaseConnection.php(641): CodeIgniter\Database\BaseConnection->simpleQuery(' SELECT cruises...')
#3 F:\Project\xampp\htdocs\operasional\app\Models\OperationModel.php(24): CodeIgniter\Database\BaseConnection->query(' SELECT cruises...')
#4 F:\Project\xampp\htdocs\operasional\app\Controllers\Operation.php(31): App\Models\OperationModel->getOperasional()
#5 F:\Project\xampp\htdocs\operasional\system\CodeIgniter.php(936): App\Controllers\Operation->index()
#6 F:\Project\xampp\htdocs\operasional\system\CodeIgniter.php(432): CodeIgniter\CodeIgniter->runController(Object(App\Controllers\Operation))
#7 F:\Project\xampp\htdocs\operasional\system\CodeIgniter.php(333): CodeIgniter\CodeIgniter->handleRequest(NULL, Object(Config\Cache), false)
#8 F:\Project\xampp\htdocs\operasional\public\index.php(44): CodeIgniter\CodeIgniter->run()
#9 F:\Project\xampp\htdocs\operasional\system\Commands\Server\rewrite.php(45): require_once('F:\\Project\\xamp...')
#10 {main}
CRITICAL - 2023-05-24 06:17:47 --> You have an error in your SQL syntax; check the manual that corresponds to your MariaDB server version for the right syntax to use near 'SELECT ports.port_name FROM ports WHERE operation.origin = ports.port_id) AS ...' at line 2
#0 F:\Project\xampp\htdocs\operasional\system\Database\MySQLi\Connection.php(314): mysqli->query(' SELECT cruises...')
#1 F:\Project\xampp\htdocs\operasional\system\Database\BaseConnection.php(713): CodeIgniter\Database\MySQLi\Connection->execute(' SELECT cruises...')
#2 F:\Project\xampp\htdocs\operasional\system\Database\BaseConnection.php(641): CodeIgniter\Database\BaseConnection->simpleQuery(' SELECT cruises...')
#3 F:\Project\xampp\htdocs\operasional\app\Models\OperationModel.php(24): CodeIgniter\Database\BaseConnection->query(' SELECT cruises...')
#4 F:\Project\xampp\htdocs\operasional\app\Controllers\Operation.php(31): App\Models\OperationModel->getOperasional()
#5 F:\Project\xampp\htdocs\operasional\system\CodeIgniter.php(936): App\Controllers\Operation->index()
#6 F:\Project\xampp\htdocs\operasional\system\CodeIgniter.php(432): CodeIgniter\CodeIgniter->runController(Object(App\Controllers\Operation))
#7 F:\Project\xampp\htdocs\operasional\system\CodeIgniter.php(333): CodeIgniter\CodeIgniter->handleRequest(NULL, Object(Config\Cache), false)
#8 F:\Project\xampp\htdocs\operasional\public\index.php(44): CodeIgniter\CodeIgniter->run()
#9 F:\Project\xampp\htdocs\operasional\system\Commands\Server\rewrite.php(45): require_once('F:\\Project\\xamp...')
#10 {main}
ERROR - 2023-05-24 06:20:35 --> mysqli_sql_exception: You have an error in your SQL syntax; check the manual that corresponds to your MariaDB server version for the right syntax to use near 'SELECT ports.port_name FROM ports WHERE operation.origin = ports.port_id) AS ...' at line 2 in F:\Project\xampp\htdocs\operasional\system\Database\MySQLi\Connection.php:314
Stack trace:
#0 F:\Project\xampp\htdocs\operasional\system\Database\MySQLi\Connection.php(314): mysqli->query(' SELECT cruises...')
#1 F:\Project\xampp\htdocs\operasional\system\Database\BaseConnection.php(713): CodeIgniter\Database\MySQLi\Connection->execute(' SELECT cruises...')
#2 F:\Project\xampp\htdocs\operasional\system\Database\BaseConnection.php(641): CodeIgniter\Database\BaseConnection->simpleQuery(' SELECT cruises...')
#3 F:\Project\xampp\htdocs\operasional\app\Models\OperationModel.php(24): CodeIgniter\Database\BaseConnection->query(' SELECT cruises...')
#4 F:\Project\xampp\htdocs\operasional\app\Controllers\Operation.php(31): App\Models\OperationModel->getOperasional()
#5 F:\Project\xampp\htdocs\operasional\system\CodeIgniter.php(936): App\Controllers\Operation->index()
#6 F:\Project\xampp\htdocs\operasional\system\CodeIgniter.php(432): CodeIgniter\CodeIgniter->runController(Object(App\Controllers\Operation))
#7 F:\Project\xampp\htdocs\operasional\system\CodeIgniter.php(333): CodeIgniter\CodeIgniter->handleRequest(NULL, Object(Config\Cache), false)
#8 F:\Project\xampp\htdocs\operasional\public\index.php(44): CodeIgniter\CodeIgniter->run()
#9 F:\Project\xampp\htdocs\operasional\system\Commands\Server\rewrite.php(45): require_once('F:\\Project\\xamp...')
#10 {main}
CRITICAL - 2023-05-24 06:20:35 --> You have an error in your SQL syntax; check the manual that corresponds to your MariaDB server version for the right syntax to use near 'SELECT ports.port_name FROM ports WHERE operation.origin = ports.port_id) AS ...' at line 2
#0 F:\Project\xampp\htdocs\operasional\system\Database\MySQLi\Connection.php(314): mysqli->query(' SELECT cruises...')
#1 F:\Project\xampp\htdocs\operasional\system\Database\BaseConnection.php(713): CodeIgniter\Database\MySQLi\Connection->execute(' SELECT cruises...')
#2 F:\Project\xampp\htdocs\operasional\system\Database\BaseConnection.php(641): CodeIgniter\Database\BaseConnection->simpleQuery(' SELECT cruises...')
#3 F:\Project\xampp\htdocs\operasional\app\Models\OperationModel.php(24): CodeIgniter\Database\BaseConnection->query(' SELECT cruises...')
#4 F:\Project\xampp\htdocs\operasional\app\Controllers\Operation.php(31): App\Models\OperationModel->getOperasional()
#5 F:\Project\xampp\htdocs\operasional\system\CodeIgniter.php(936): App\Controllers\Operation->index()
#6 F:\Project\xampp\htdocs\operasional\system\CodeIgniter.php(432): CodeIgniter\CodeIgniter->runController(Object(App\Controllers\Operation))
#7 F:\Project\xampp\htdocs\operasional\system\CodeIgniter.php(333): CodeIgniter\CodeIgniter->handleRequest(NULL, Object(Config\Cache), false)
#8 F:\Project\xampp\htdocs\operasional\public\index.php(44): CodeIgniter\CodeIgniter->run()
#9 F:\Project\xampp\htdocs\operasional\system\Commands\Server\rewrite.php(45): require_once('F:\\Project\\xamp...')
#10 {main}
ERROR - 2023-05-24 06:21:22 --> mysqli_sql_exception: You have an error in your SQL syntax; check the manual that corresponds to your MariaDB server version for the right syntax to use near 'SELECT ports.port_name FROM ports WHERE operation.origin = ports.port_id) AS ...' at line 2 in F:\Project\xampp\htdocs\operasional\system\Database\MySQLi\Connection.php:314
Stack trace:
#0 F:\Project\xampp\htdocs\operasional\system\Database\MySQLi\Connection.php(314): mysqli->query(' SELECT cruises...')
#1 F:\Project\xampp\htdocs\operasional\system\Database\BaseConnection.php(713): CodeIgniter\Database\MySQLi\Connection->execute(' SELECT cruises...')
#2 F:\Project\xampp\htdocs\operasional\system\Database\BaseConnection.php(641): CodeIgniter\Database\BaseConnection->simpleQuery(' SELECT cruises...')
#3 F:\Project\xampp\htdocs\operasional\app\Models\OperationModel.php(23): CodeIgniter\Database\BaseConnection->query(' SELECT cruises...')
#4 F:\Project\xampp\htdocs\operasional\app\Controllers\Operation.php(31): App\Models\OperationModel->getOperasional()
#5 F:\Project\xampp\htdocs\operasional\system\CodeIgniter.php(936): App\Controllers\Operation->index()
#6 F:\Project\xampp\htdocs\operasional\system\CodeIgniter.php(432): CodeIgniter\CodeIgniter->runController(Object(App\Controllers\Operation))
#7 F:\Project\xampp\htdocs\operasional\system\CodeIgniter.php(333): CodeIgniter\CodeIgniter->handleRequest(NULL, Object(Config\Cache), false)
#8 F:\Project\xampp\htdocs\operasional\public\index.php(44): CodeIgniter\CodeIgniter->run()
#9 F:\Project\xampp\htdocs\operasional\system\Commands\Server\rewrite.php(45): require_once('F:\\Project\\xamp...')
#10 {main}
CRITICAL - 2023-05-24 06:21:22 --> You have an error in your SQL syntax; check the manual that corresponds to your MariaDB server version for the right syntax to use near 'SELECT ports.port_name FROM ports WHERE operation.origin = ports.port_id) AS ...' at line 2
#0 F:\Project\xampp\htdocs\operasional\system\Database\MySQLi\Connection.php(314): mysqli->query(' SELECT cruises...')
#1 F:\Project\xampp\htdocs\operasional\system\Database\BaseConnection.php(713): CodeIgniter\Database\MySQLi\Connection->execute(' SELECT cruises...')
#2 F:\Project\xampp\htdocs\operasional\system\Database\BaseConnection.php(641): CodeIgniter\Database\BaseConnection->simpleQuery(' SELECT cruises...')
#3 F:\Project\xampp\htdocs\operasional\app\Models\OperationModel.php(23): CodeIgniter\Database\BaseConnection->query(' SELECT cruises...')
#4 F:\Project\xampp\htdocs\operasional\app\Controllers\Operation.php(31): App\Models\OperationModel->getOperasional()
#5 F:\Project\xampp\htdocs\operasional\system\CodeIgniter.php(936): App\Controllers\Operation->index()
#6 F:\Project\xampp\htdocs\operasional\system\CodeIgniter.php(432): CodeIgniter\CodeIgniter->runController(Object(App\Controllers\Operation))
#7 F:\Project\xampp\htdocs\operasional\system\CodeIgniter.php(333): CodeIgniter\CodeIgniter->handleRequest(NULL, Object(Config\Cache), false)
#8 F:\Project\xampp\htdocs\operasional\public\index.php(44): CodeIgniter\CodeIgniter->run()
#9 F:\Project\xampp\htdocs\operasional\system\Commands\Server\rewrite.php(45): require_once('F:\\Project\\xamp...')
#10 {main}
ERROR - 2023-05-24 06:38:46 --> mysqli_sql_exception: You have an error in your SQL syntax; check the manual that corresponds to your MariaDB server version for the right syntax to use near 'OUTER JOIN ship ON ship.ship_id = operation.ship_id
        FULL OUTER JOIN ...' at line 19 in F:\Project\xampp\htdocs\operasional\system\Database\MySQLi\Connection.php:314
Stack trace:
#0 F:\Project\xampp\htdocs\operasional\system\Database\MySQLi\Connection.php(314): mysqli->query('SELECT\r\n       ...')
#1 F:\Project\xampp\htdocs\operasional\system\Database\BaseConnection.php(713): CodeIgniter\Database\MySQLi\Connection->execute('SELECT\r\n       ...')
#2 F:\Project\xampp\htdocs\operasional\system\Database\BaseConnection.php(641): CodeIgniter\Database\BaseConnection->simpleQuery('SELECT\r\n       ...')
#3 F:\Project\xampp\htdocs\operasional\app\Models\OperationModel.php(40): CodeIgniter\Database\BaseConnection->query('SELECT\r\n       ...')
#4 F:\Project\xampp\htdocs\operasional\app\Controllers\Operation.php(31): App\Models\OperationModel->getOperasional()
#5 F:\Project\xampp\htdocs\operasional\system\CodeIgniter.php(936): App\Controllers\Operation->index()
#6 F:\Project\xampp\htdocs\operasional\system\CodeIgniter.php(432): CodeIgniter\CodeIgniter->runController(Object(App\Controllers\Operation))
#7 F:\Project\xampp\htdocs\operasional\system\CodeIgniter.php(333): CodeIgniter\CodeIgniter->handleRequest(NULL, Object(Config\Cache), false)
#8 F:\Project\xampp\htdocs\operasional\public\index.php(44): CodeIgniter\CodeIgniter->run()
#9 F:\Project\xampp\htdocs\operasional\system\Commands\Server\rewrite.php(45): require_once('F:\\Project\\xamp...')
#10 {main}
CRITICAL - 2023-05-24 06:38:46 --> You have an error in your SQL syntax; check the manual that corresponds to your MariaDB server version for the right syntax to use near 'OUTER JOIN ship ON ship.ship_id = operation.ship_id
        FULL OUTER JOIN ...' at line 19
#0 F:\Project\xampp\htdocs\operasional\system\Database\MySQLi\Connection.php(314): mysqli->query('SELECT\r\n       ...')
#1 F:\Project\xampp\htdocs\operasional\system\Database\BaseConnection.php(713): CodeIgniter\Database\MySQLi\Connection->execute('SELECT\r\n       ...')
#2 F:\Project\xampp\htdocs\operasional\system\Database\BaseConnection.php(641): CodeIgniter\Database\BaseConnection->simpleQuery('SELECT\r\n       ...')
#3 F:\Project\xampp\htdocs\operasional\app\Models\OperationModel.php(40): CodeIgniter\Database\BaseConnection->query('SELECT\r\n       ...')
#4 F:\Project\xampp\htdocs\operasional\app\Controllers\Operation.php(31): App\Models\OperationModel->getOperasional()
#5 F:\Project\xampp\htdocs\operasional\system\CodeIgniter.php(936): App\Controllers\Operation->index()
#6 F:\Project\xampp\htdocs\operasional\system\CodeIgniter.php(432): CodeIgniter\CodeIgniter->runController(Object(App\Controllers\Operation))
#7 F:\Project\xampp\htdocs\operasional\system\CodeIgniter.php(333): CodeIgniter\CodeIgniter->handleRequest(NULL, Object(Config\Cache), false)
#8 F:\Project\xampp\htdocs\operasional\public\index.php(44): CodeIgniter\CodeIgniter->run()
#9 F:\Project\xampp\htdocs\operasional\system\Commands\Server\rewrite.php(45): require_once('F:\\Project\\xamp...')
#10 {main}
ERROR - 2023-05-24 06:39:27 --> mysqli_sql_exception: You have an error in your SQL syntax; check the manual that corresponds to your MariaDB server version for the right syntax to use near 'OUTER JOIN ship ON ship.ship_id = operation.ship_id
        OUTER JOIN cruis...' at line 19 in F:\Project\xampp\htdocs\operasional\system\Database\MySQLi\Connection.php:314
Stack trace:
#0 F:\Project\xampp\htdocs\operasional\system\Database\MySQLi\Connection.php(314): mysqli->query('SELECT\r\n       ...')
#1 F:\Project\xampp\htdocs\operasional\system\Database\BaseConnection.php(713): CodeIgniter\Database\MySQLi\Connection->execute('SELECT\r\n       ...')
#2 F:\Project\xampp\htdocs\operasional\system\Database\BaseConnection.php(641): CodeIgniter\Database\BaseConnection->simpleQuery('SELECT\r\n       ...')
#3 F:\Project\xampp\htdocs\operasional\app\Models\OperationModel.php(40): CodeIgniter\Database\BaseConnection->query('SELECT\r\n       ...')
#4 F:\Project\xampp\htdocs\operasional\app\Controllers\Operation.php(31): App\Models\OperationModel->getOperasional()
#5 F:\Project\xampp\htdocs\operasional\system\CodeIgniter.php(936): App\Controllers\Operation->index()
#6 F:\Project\xampp\htdocs\operasional\system\CodeIgniter.php(432): CodeIgniter\CodeIgniter->runController(Object(App\Controllers\Operation))
#7 F:\Project\xampp\htdocs\operasional\system\CodeIgniter.php(333): CodeIgniter\CodeIgniter->handleRequest(NULL, Object(Config\Cache), false)
#8 F:\Project\xampp\htdocs\operasional\public\index.php(44): CodeIgniter\CodeIgniter->run()
#9 F:\Project\xampp\htdocs\operasional\system\Commands\Server\rewrite.php(45): require_once('F:\\Project\\xamp...')
#10 {main}
CRITICAL - 2023-05-24 06:39:27 --> You have an error in your SQL syntax; check the manual that corresponds to your MariaDB server version for the right syntax to use near 'OUTER JOIN ship ON ship.ship_id = operation.ship_id
        OUTER JOIN cruis...' at line 19
#0 F:\Project\xampp\htdocs\operasional\system\Database\MySQLi\Connection.php(314): mysqli->query('SELECT\r\n       ...')
#1 F:\Project\xampp\htdocs\operasional\system\Database\BaseConnection.php(713): CodeIgniter\Database\MySQLi\Connection->execute('SELECT\r\n       ...')
#2 F:\Project\xampp\htdocs\operasional\system\Database\BaseConnection.php(641): CodeIgniter\Database\BaseConnection->simpleQuery('SELECT\r\n       ...')
#3 F:\Project\xampp\htdocs\operasional\app\Models\OperationModel.php(40): CodeIgniter\Database\BaseConnection->query('SELECT\r\n       ...')
#4 F:\Project\xampp\htdocs\operasional\app\Controllers\Operation.php(31): App\Models\OperationModel->getOperasional()
#5 F:\Project\xampp\htdocs\operasional\system\CodeIgniter.php(936): App\Controllers\Operation->index()
#6 F:\Project\xampp\htdocs\operasional\system\CodeIgniter.php(432): CodeIgniter\CodeIgniter->runController(Object(App\Controllers\Operation))
#7 F:\Project\xampp\htdocs\operasional\system\CodeIgniter.php(333): CodeIgniter\CodeIgniter->handleRequest(NULL, Object(Config\Cache), false)
#8 F:\Project\xampp\htdocs\operasional\public\index.php(44): CodeIgniter\CodeIgniter->run()
#9 F:\Project\xampp\htdocs\operasional\system\Commands\Server\rewrite.php(45): require_once('F:\\Project\\xamp...')
#10 {main}
ERROR - 2023-05-24 06:39:53 --> mysqli_sql_exception: You have an error in your SQL syntax; check the manual that corresponds to your MariaDB server version for the right syntax to use near 'FULL OUTER JOIN domestic ON domestic.operation_id = operation.id_operation
 ...' at line 24 in F:\Project\xampp\htdocs\operasional\system\Database\MySQLi\Connection.php:314
Stack trace:
#0 F:\Project\xampp\htdocs\operasional\system\Database\MySQLi\Connection.php(314): mysqli->query('SELECT\r\n       ...')
#1 F:\Project\xampp\htdocs\operasional\system\Database\BaseConnection.php(713): CodeIgniter\Database\MySQLi\Connection->execute('SELECT\r\n       ...')
#2 F:\Project\xampp\htdocs\operasional\system\Database\BaseConnection.php(641): CodeIgniter\Database\BaseConnection->simpleQuery('SELECT\r\n       ...')
#3 F:\Project\xampp\htdocs\operasional\app\Models\OperationModel.php(40): CodeIgniter\Database\BaseConnection->query('SELECT\r\n       ...')
#4 F:\Project\xampp\htdocs\operasional\app\Controllers\Operation.php(31): App\Models\OperationModel->getOperasional()
#5 F:\Project\xampp\htdocs\operasional\system\CodeIgniter.php(936): App\Controllers\Operation->index()
#6 F:\Project\xampp\htdocs\operasional\system\CodeIgniter.php(432): CodeIgniter\CodeIgniter->runController(Object(App\Controllers\Operation))
#7 F:\Project\xampp\htdocs\operasional\system\CodeIgniter.php(333): CodeIgniter\CodeIgniter->handleRequest(NULL, Object(Config\Cache), false)
#8 F:\Project\xampp\htdocs\operasional\public\index.php(44): CodeIgniter\CodeIgniter->run()
#9 F:\Project\xampp\htdocs\operasional\system\Commands\Server\rewrite.php(45): require_once('F:\\Project\\xamp...')
#10 {main}
CRITICAL - 2023-05-24 06:39:53 --> You have an error in your SQL syntax; check the manual that corresponds to your MariaDB server version for the right syntax to use near 'FULL OUTER JOIN domestic ON domestic.operation_id = operation.id_operation
 ...' at line 24
#0 F:\Project\xampp\htdocs\operasional\system\Database\MySQLi\Connection.php(314): mysqli->query('SELECT\r\n       ...')
#1 F:\Project\xampp\htdocs\operasional\system\Database\BaseConnection.php(713): CodeIgniter\Database\MySQLi\Connection->execute('SELECT\r\n       ...')
#2 F:\Project\xampp\htdocs\operasional\system\Database\BaseConnection.php(641): CodeIgniter\Database\BaseConnection->simpleQuery('SELECT\r\n       ...')
#3 F:\Project\xampp\htdocs\operasional\app\Models\OperationModel.php(40): CodeIgniter\Database\BaseConnection->query('SELECT\r\n       ...')
#4 F:\Project\xampp\htdocs\operasional\app\Controllers\Operation.php(31): App\Models\OperationModel->getOperasional()
#5 F:\Project\xampp\htdocs\operasional\system\CodeIgniter.php(936): App\Controllers\Operation->index()
#6 F:\Project\xampp\htdocs\operasional\system\CodeIgniter.php(432): CodeIgniter\CodeIgniter->runController(Object(App\Controllers\Operation))
#7 F:\Project\xampp\htdocs\operasional\system\CodeIgniter.php(333): CodeIgniter\CodeIgniter->handleRequest(NULL, Object(Config\Cache), false)
#8 F:\Project\xampp\htdocs\operasional\public\index.php(44): CodeIgniter\CodeIgniter->run()
#9 F:\Project\xampp\htdocs\operasional\system\Commands\Server\rewrite.php(45): require_once('F:\\Project\\xamp...')
#10 {main}
ERROR - 2023-05-24 06:42:07 --> mysqli_sql_exception: Column 'destination' cannot be null in F:\Project\xampp\htdocs\operasional\system\Database\MySQLi\Connection.php:314
Stack trace:
#0 F:\Project\xampp\htdocs\operasional\system\Database\MySQLi\Connection.php(314): mysqli->query('INSERT INTO `op...')
#1 F:\Project\xampp\htdocs\operasional\system\Database\BaseConnection.php(713): CodeIgniter\Database\MySQLi\Connection->execute('INSERT INTO `op...')
#2 F:\Project\xampp\htdocs\operasional\system\Database\BaseConnection.php(641): CodeIgniter\Database\BaseConnection->simpleQuery('INSERT INTO `op...')
#3 F:\Project\xampp\htdocs\operasional\system\Database\BaseBuilder.php(2263): CodeIgniter\Database\BaseConnection->query('INSERT INTO `op...', Array, false)
#4 F:\Project\xampp\htdocs\operasional\system\Model.php(278): CodeIgniter\Database\BaseBuilder->insert()
#5 F:\Project\xampp\htdocs\operasional\system\BaseModel.php(758): CodeIgniter\Model->doInsert(Array)
#6 F:\Project\xampp\htdocs\operasional\system\Model.php(705): CodeIgniter\BaseModel->insert(Array, true)
#7 F:\Project\xampp\htdocs\operasional\app\Controllers\Operation.php(75): CodeIgniter\Model->insert(Array)
#8 F:\Project\xampp\htdocs\operasional\system\CodeIgniter.php(936): App\Controllers\Operation->save()
#9 F:\Project\xampp\htdocs\operasional\system\CodeIgniter.php(432): CodeIgniter\CodeIgniter->runController(Object(App\Controllers\Operation))
#10 F:\Project\xampp\htdocs\operasional\system\CodeIgniter.php(333): CodeIgniter\CodeIgniter->handleRequest(NULL, Object(Config\Cache), false)
#11 F:\Project\xampp\htdocs\operasional\public\index.php(44): CodeIgniter\CodeIgniter->run()
#12 F:\Project\xampp\htdocs\operasional\system\Commands\Server\rewrite.php(45): require_once('F:\\Project\\xamp...')
#13 {main}
CRITICAL - 2023-05-24 06:42:07 --> Column 'destination' cannot be null
#0 F:\Project\xampp\htdocs\operasional\system\Database\MySQLi\Connection.php(314): mysqli->query('INSERT INTO `op...')
#1 F:\Project\xampp\htdocs\operasional\system\Database\BaseConnection.php(713): CodeIgniter\Database\MySQLi\Connection->execute('INSERT INTO `op...')
#2 F:\Project\xampp\htdocs\operasional\system\Database\BaseConnection.php(641): CodeIgniter\Database\BaseConnection->simpleQuery('INSERT INTO `op...')
#3 F:\Project\xampp\htdocs\operasional\system\Database\BaseBuilder.php(2263): CodeIgniter\Database\BaseConnection->query('INSERT INTO `op...', Array, false)
#4 F:\Project\xampp\htdocs\operasional\system\Model.php(278): CodeIgniter\Database\BaseBuilder->insert()
#5 F:\Project\xampp\htdocs\operasional\system\BaseModel.php(758): CodeIgniter\Model->doInsert(Array)
#6 F:\Project\xampp\htdocs\operasional\system\Model.php(705): CodeIgniter\BaseModel->insert(Array, true)
#7 F:\Project\xampp\htdocs\operasional\app\Controllers\Operation.php(75): CodeIgniter\Model->insert(Array)
#8 F:\Project\xampp\htdocs\operasional\system\CodeIgniter.php(936): App\Controllers\Operation->save()
#9 F:\Project\xampp\htdocs\operasional\system\CodeIgniter.php(432): CodeIgniter\CodeIgniter->runController(Object(App\Controllers\Operation))
#10 F:\Project\xampp\htdocs\operasional\system\CodeIgniter.php(333): CodeIgniter\CodeIgniter->handleRequest(NULL, Object(Config\Cache), false)
#11 F:\Project\xampp\htdocs\operasional\public\index.php(44): CodeIgniter\CodeIgniter->run()
#12 F:\Project\xampp\htdocs\operasional\system\Commands\Server\rewrite.php(45): require_once('F:\\Project\\xamp...')
#13 {main}
ERROR - 2023-05-24 07:00:40 --> mysqli_sql_exception: Illegal mix of collations (utf8mb4_unicode_ci,IMPLICIT) and (utf8mb4_general_ci,IMPLICIT) for operation '=' in F:\Project\xampp\htdocs\operasional\system\Database\MySQLi\Connection.php:314
Stack trace:
#0 F:\Project\xampp\htdocs\operasional\system\Database\MySQLi\Connection.php(314): mysqli->query('SELECT\r\n       ...')
#1 F:\Project\xampp\htdocs\operasional\system\Database\BaseConnection.php(713): CodeIgniter\Database\MySQLi\Connection->execute('SELECT\r\n       ...')
#2 F:\Project\xampp\htdocs\operasional\system\Database\BaseConnection.php(641): CodeIgniter\Database\BaseConnection->simpleQuery('SELECT\r\n       ...')
#3 F:\Project\xampp\htdocs\operasional\app\Models\OperationModel.php(40): CodeIgniter\Database\BaseConnection->query('SELECT\r\n       ...')
#4 F:\Project\xampp\htdocs\operasional\app\Controllers\Operation.php(31): App\Models\OperationModel->getOperasional()
#5 F:\Project\xampp\htdocs\operasional\system\CodeIgniter.php(936): App\Controllers\Operation->index()
#6 F:\Project\xampp\htdocs\operasional\system\CodeIgniter.php(432): CodeIgniter\CodeIgniter->runController(Object(App\Controllers\Operation))
#7 F:\Project\xampp\htdocs\operasional\system\CodeIgniter.php(333): CodeIgniter\CodeIgniter->handleRequest(NULL, Object(Config\Cache), false)
#8 F:\Project\xampp\htdocs\operasional\public\index.php(44): CodeIgniter\CodeIgniter->run()
#9 F:\Project\xampp\htdocs\operasional\system\Commands\Server\rewrite.php(45): require_once('F:\\Project\\xamp...')
#10 {main}
CRITICAL - 2023-05-24 07:00:40 --> Illegal mix of collations (utf8mb4_unicode_ci,IMPLICIT) and (utf8mb4_general_ci,IMPLICIT) for operation '='
#0 F:\Project\xampp\htdocs\operasional\system\Database\MySQLi\Connection.php(314): mysqli->query('SELECT\r\n       ...')
#1 F:\Project\xampp\htdocs\operasional\system\Database\BaseConnection.php(713): CodeIgniter\Database\MySQLi\Connection->execute('SELECT\r\n       ...')
#2 F:\Project\xampp\htdocs\operasional\system\Database\BaseConnection.php(641): CodeIgniter\Database\BaseConnection->simpleQuery('SELECT\r\n       ...')
#3 F:\Project\xampp\htdocs\operasional\app\Models\OperationModel.php(40): CodeIgniter\Database\BaseConnection->query('SELECT\r\n       ...')
#4 F:\Project\xampp\htdocs\operasional\app\Controllers\Operation.php(31): App\Models\OperationModel->getOperasional()
#5 F:\Project\xampp\htdocs\operasional\system\CodeIgniter.php(936): App\Controllers\Operation->index()
#6 F:\Project\xampp\htdocs\operasional\system\CodeIgniter.php(432): CodeIgniter\CodeIgniter->runController(Object(App\Controllers\Operation))
#7 F:\Project\xampp\htdocs\operasional\system\CodeIgniter.php(333): CodeIgniter\CodeIgniter->handleRequest(NULL, Object(Config\Cache), false)
#8 F:\Project\xampp\htdocs\operasional\public\index.php(44): CodeIgniter\CodeIgniter->run()
#9 F:\Project\xampp\htdocs\operasional\system\Commands\Server\rewrite.php(45): require_once('F:\\Project\\xamp...')
#10 {main}
ERROR - 2023-05-24 07:01:59 --> mysqli_sql_exception: Illegal mix of collations (utf8mb4_unicode_ci,IMPLICIT) and (utf8mb4_general_ci,IMPLICIT) for operation '=' in F:\Project\xampp\htdocs\operasional\system\Database\MySQLi\Connection.php:314
Stack trace:
#0 F:\Project\xampp\htdocs\operasional\system\Database\MySQLi\Connection.php(314): mysqli->query('SELECT\r\n       ...')
#1 F:\Project\xampp\htdocs\operasional\system\Database\BaseConnection.php(713): CodeIgniter\Database\MySQLi\Connection->execute('SELECT\r\n       ...')
#2 F:\Project\xampp\htdocs\operasional\system\Database\BaseConnection.php(641): CodeIgniter\Database\BaseConnection->simpleQuery('SELECT\r\n       ...')
#3 F:\Project\xampp\htdocs\operasional\app\Models\OperationModel.php(40): CodeIgniter\Database\BaseConnection->query('SELECT\r\n       ...')
#4 F:\Project\xampp\htdocs\operasional\app\Controllers\Operation.php(31): App\Models\OperationModel->getOperasional()
#5 F:\Project\xampp\htdocs\operasional\system\CodeIgniter.php(936): App\Controllers\Operation->index()
#6 F:\Project\xampp\htdocs\operasional\system\CodeIgniter.php(432): CodeIgniter\CodeIgniter->runController(Object(App\Controllers\Operation))
#7 F:\Project\xampp\htdocs\operasional\system\CodeIgniter.php(333): CodeIgniter\CodeIgniter->handleRequest(NULL, Object(Config\Cache), false)
#8 F:\Project\xampp\htdocs\operasional\public\index.php(44): CodeIgniter\CodeIgniter->run()
#9 F:\Project\xampp\htdocs\operasional\system\Commands\Server\rewrite.php(45): require_once('F:\\Project\\xamp...')
#10 {main}
CRITICAL - 2023-05-24 07:01:59 --> Illegal mix of collations (utf8mb4_unicode_ci,IMPLICIT) and (utf8mb4_general_ci,IMPLICIT) for operation '='
#0 F:\Project\xampp\htdocs\operasional\system\Database\MySQLi\Connection.php(314): mysqli->query('SELECT\r\n       ...')
#1 F:\Project\xampp\htdocs\operasional\system\Database\BaseConnection.php(713): CodeIgniter\Database\MySQLi\Connection->execute('SELECT\r\n       ...')
#2 F:\Project\xampp\htdocs\operasional\system\Database\BaseConnection.php(641): CodeIgniter\Database\BaseConnection->simpleQuery('SELECT\r\n       ...')
#3 F:\Project\xampp\htdocs\operasional\app\Models\OperationModel.php(40): CodeIgniter\Database\BaseConnection->query('SELECT\r\n       ...')
#4 F:\Project\xampp\htdocs\operasional\app\Controllers\Operation.php(31): App\Models\OperationModel->getOperasional()
#5 F:\Project\xampp\htdocs\operasional\system\CodeIgniter.php(936): App\Controllers\Operation->index()
#6 F:\Project\xampp\htdocs\operasional\system\CodeIgniter.php(432): CodeIgniter\CodeIgniter->runController(Object(App\Controllers\Operation))
#7 F:\Project\xampp\htdocs\operasional\system\CodeIgniter.php(333): CodeIgniter\CodeIgniter->handleRequest(NULL, Object(Config\Cache), false)
#8 F:\Project\xampp\htdocs\operasional\public\index.php(44): CodeIgniter\CodeIgniter->run()
#9 F:\Project\xampp\htdocs\operasional\system\Commands\Server\rewrite.php(45): require_once('F:\\Project\\xamp...')
#10 {main}
ERROR - 2023-05-24 14:23:11 --> Error connecting to the database: No connection could be made because the target machine actively refused it
CRITICAL - 2023-05-24 14:23:11 --> Unable to connect to the database.
#0 F:\Project\xampp\htdocs\operasional\system\Database\BaseConnection.php(618): CodeIgniter\Database\BaseConnection->initialize()
#1 F:\Project\xampp\htdocs\operasional\system\Database\BaseBuilder.php(1866): CodeIgniter\Database\BaseConnection->query('SELECT *\nFROM `...', Array, false)
#2 F:\Project\xampp\htdocs\operasional\system\Model.php(247): CodeIgniter\Database\BaseBuilder->get()
#3 F:\Project\xampp\htdocs\operasional\system\BaseModel.php(624): CodeIgniter\Model->doFirst()
#4 F:\Project\xampp\htdocs\operasional\app\Controllers\Login.php(15): CodeIgniter\BaseModel->first()
#5 F:\Project\xampp\htdocs\operasional\system\CodeIgniter.php(936): App\Controllers\Login->auth()
#6 F:\Project\xampp\htdocs\operasional\system\CodeIgniter.php(432): CodeIgniter\CodeIgniter->runController(Object(App\Controllers\Login))
#7 F:\Project\xampp\htdocs\operasional\system\CodeIgniter.php(333): CodeIgniter\CodeIgniter->handleRequest(NULL, Object(Config\Cache), false)
#8 F:\Project\xampp\htdocs\operasional\public\index.php(44): CodeIgniter\CodeIgniter->run()
#9 F:\Project\xampp\htdocs\operasional\system\Commands\Server\rewrite.php(45): require_once('F:\\Project\\xamp...')
#10 {main}
CRITICAL - 2023-05-24 14:33:23 --> Undefined variable $schedules
#0 F:\Project\xampp\htdocs\operasional\app\Views\apps\schedule\index.php(59): CodeIgniter\Debug\Exceptions->errorHandler(2, 'Undefined varia...', 'F:\\Project\\xamp...', 59)
#1 F:\Project\xampp\htdocs\operasional\system\View\View.php(220): include('F:\\Project\\xamp...')
#2 F:\Project\xampp\htdocs\operasional\system\View\View.php(222): CodeIgniter\View\View->CodeIgniter\View\{closure}()
#3 F:\Project\xampp\htdocs\operasional\system\Common.php(1217): CodeIgniter\View\View->render('apps/schedule/i...', Array, true)
#4 F:\Project\xampp\htdocs\operasional\app\Controllers\Operation.php(35): view('apps/schedule/i...', Array)
#5 F:\Project\xampp\htdocs\operasional\system\CodeIgniter.php(936): App\Controllers\Operation->index()
#6 F:\Project\xampp\htdocs\operasional\system\CodeIgniter.php(432): CodeIgniter\CodeIgniter->runController(Object(App\Controllers\Operation))
#7 F:\Project\xampp\htdocs\operasional\system\CodeIgniter.php(333): CodeIgniter\CodeIgniter->handleRequest(NULL, Object(Config\Cache), false)
#8 F:\Project\xampp\htdocs\operasional\public\index.php(44): CodeIgniter\CodeIgniter->run()
#9 F:\Project\xampp\htdocs\operasional\system\Commands\Server\rewrite.php(45): require_once('F:\\Project\\xamp...')
#10 {main}
CRITICAL - 2023-05-24 14:34:47 --> Undefined variable $schedules
#0 F:\Project\xampp\htdocs\operasional\app\Views\apps\schedule\index.php(59): CodeIgniter\Debug\Exceptions->errorHandler(2, 'Undefined varia...', 'F:\\Project\\xamp...', 59)
#1 F:\Project\xampp\htdocs\operasional\system\View\View.php(220): include('F:\\Project\\xamp...')
#2 F:\Project\xampp\htdocs\operasional\system\View\View.php(222): CodeIgniter\View\View->CodeIgniter\View\{closure}()
#3 F:\Project\xampp\htdocs\operasional\system\Common.php(1217): CodeIgniter\View\View->render('apps/schedule/i...', Array, true)
#4 F:\Project\xampp\htdocs\operasional\app\Controllers\Operation.php(35): view('apps/schedule/i...', Array)
#5 F:\Project\xampp\htdocs\operasional\system\CodeIgniter.php(936): App\Controllers\Operation->index()
#6 F:\Project\xampp\htdocs\operasional\system\CodeIgniter.php(432): CodeIgniter\CodeIgniter->runController(Object(App\Controllers\Operation))
#7 F:\Project\xampp\htdocs\operasional\system\CodeIgniter.php(333): CodeIgniter\CodeIgniter->handleRequest(NULL, Object(Config\Cache), false)
#8 F:\Project\xampp\htdocs\operasional\public\index.php(44): CodeIgniter\CodeIgniter->run()
#9 F:\Project\xampp\htdocs\operasional\system\Commands\Server\rewrite.php(45): require_once('F:\\Project\\xamp...')
#10 {main}
CRITICAL - 2023-05-24 14:35:52 --> Undefined array key "asal"
#0 F:\Project\xampp\htdocs\operasional\app\Views\apps\operations\index.php(69): CodeIgniter\Debug\Exceptions->errorHandler(2, 'Undefined array...', 'F:\\Project\\xamp...', 69)
#1 F:\Project\xampp\htdocs\operasional\system\View\View.php(220): include('F:\\Project\\xamp...')
#2 F:\Project\xampp\htdocs\operasional\system\View\View.php(222): CodeIgniter\View\View->CodeIgniter\View\{closure}()
#3 F:\Project\xampp\htdocs\operasional\system\Common.php(1217): CodeIgniter\View\View->render('apps/operations...', Array, true)
#4 F:\Project\xampp\htdocs\operasional\app\Controllers\Operation.php(35): view('apps/operations...', Array)
#5 F:\Project\xampp\htdocs\operasional\system\CodeIgniter.php(936): App\Controllers\Operation->index()
#6 F:\Project\xampp\htdocs\operasional\system\CodeIgniter.php(432): CodeIgniter\CodeIgniter->runController(Object(App\Controllers\Operation))
#7 F:\Project\xampp\htdocs\operasional\system\CodeIgniter.php(333): CodeIgniter\CodeIgniter->handleRequest(NULL, Object(Config\Cache), false)
#8 F:\Project\xampp\htdocs\operasional\public\index.php(44): CodeIgniter\CodeIgniter->run()
#9 F:\Project\xampp\htdocs\operasional\system\Commands\Server\rewrite.php(45): require_once('F:\\Project\\xamp...')
#10 {main}
CRITICAL - 2023-05-24 14:36:26 --> Undefined variable $schedule
#0 F:\Project\xampp\htdocs\operasional\app\Views\apps\operations\index.php(77): CodeIgniter\Debug\Exceptions->errorHandler(2, 'Undefined varia...', 'F:\\Project\\xamp...', 77)
#1 F:\Project\xampp\htdocs\operasional\system\View\View.php(220): include('F:\\Project\\xamp...')
#2 F:\Project\xampp\htdocs\operasional\system\View\View.php(222): CodeIgniter\View\View->CodeIgniter\View\{closure}()
#3 F:\Project\xampp\htdocs\operasional\system\Common.php(1217): CodeIgniter\View\View->render('apps/operations...', Array, true)
#4 F:\Project\xampp\htdocs\operasional\app\Controllers\Operation.php(35): view('apps/operations...', Array)
#5 F:\Project\xampp\htdocs\operasional\system\CodeIgniter.php(936): App\Controllers\Operation->index()
#6 F:\Project\xampp\htdocs\operasional\system\CodeIgniter.php(432): CodeIgniter\CodeIgniter->runController(Object(App\Controllers\Operation))
#7 F:\Project\xampp\htdocs\operasional\system\CodeIgniter.php(333): CodeIgniter\CodeIgniter->handleRequest(NULL, Object(Config\Cache), false)
#8 F:\Project\xampp\htdocs\operasional\public\index.php(44): CodeIgniter\CodeIgniter->run()
#9 F:\Project\xampp\htdocs\operasional\system\Commands\Server\rewrite.php(45): require_once('F:\\Project\\xamp...')
#10 {main}
CRITICAL - 2023-05-24 14:36:55 --> Undefined variable $schedule
#0 F:\Project\xampp\htdocs\operasional\app\Views\apps\operations\index.php(77): CodeIgniter\Debug\Exceptions->errorHandler(2, 'Undefined varia...', 'F:\\Project\\xamp...', 77)
#1 F:\Project\xampp\htdocs\operasional\system\View\View.php(220): include('F:\\Project\\xamp...')
#2 F:\Project\xampp\htdocs\operasional\system\View\View.php(222): CodeIgniter\View\View->CodeIgniter\View\{closure}()
#3 F:\Project\xampp\htdocs\operasional\system\Common.php(1217): CodeIgniter\View\View->render('apps/operations...', Array, true)
#4 F:\Project\xampp\htdocs\operasional\app\Controllers\Operation.php(35): view('apps/operations...', Array)
#5 F:\Project\xampp\htdocs\operasional\system\CodeIgniter.php(936): App\Controllers\Operation->index()
#6 F:\Project\xampp\htdocs\operasional\system\CodeIgniter.php(432): CodeIgniter\CodeIgniter->runController(Object(App\Controllers\Operation))
#7 F:\Project\xampp\htdocs\operasional\system\CodeIgniter.php(333): CodeIgniter\CodeIgniter->handleRequest(NULL, Object(Config\Cache), false)
#8 F:\Project\xampp\htdocs\operasional\public\index.php(44): CodeIgniter\CodeIgniter->run()
#9 F:\Project\xampp\htdocs\operasional\system\Commands\Server\rewrite.php(45): require_once('F:\\Project\\xamp...')
#10 {main}
CRITICAL - 2023-05-24 15:01:41 --> foreach() argument must be of type array|object, string given
#0 F:\Project\xampp\htdocs\operasional\app\Views\apps\operations\index.php(84): CodeIgniter\Debug\Exceptions->errorHandler(2, 'foreach() argum...', 'F:\\Project\\xamp...', 84)
#1 F:\Project\xampp\htdocs\operasional\system\View\View.php(220): include('F:\\Project\\xamp...')
#2 F:\Project\xampp\htdocs\operasional\system\View\View.php(222): CodeIgniter\View\View->CodeIgniter\View\{closure}()
#3 F:\Project\xampp\htdocs\operasional\system\Common.php(1217): CodeIgniter\View\View->render('apps/operations...', Array, true)
#4 F:\Project\xampp\htdocs\operasional\app\Controllers\Operation.php(35): view('apps/operations...', Array)
#5 F:\Project\xampp\htdocs\operasional\system\CodeIgniter.php(936): App\Controllers\Operation->index()
#6 F:\Project\xampp\htdocs\operasional\system\CodeIgniter.php(432): CodeIgniter\CodeIgniter->runController(Object(App\Controllers\Operation))
#7 F:\Project\xampp\htdocs\operasional\system\CodeIgniter.php(333): CodeIgniter\CodeIgniter->handleRequest(NULL, Object(Config\Cache), false)
#8 F:\Project\xampp\htdocs\operasional\public\index.php(44): CodeIgniter\CodeIgniter->run()
#9 F:\Project\xampp\htdocs\operasional\system\Commands\Server\rewrite.php(45): require_once('F:\\Project\\xamp...')
#10 {main}
CRITICAL - 2023-05-24 15:14:10 --> foreach() argument must be of type array|object, string given
#0 F:\Project\xampp\htdocs\operasional\app\Views\apps\operations\index.php(84): CodeIgniter\Debug\Exceptions->errorHandler(2, 'foreach() argum...', 'F:\\Project\\xamp...', 84)
#1 F:\Project\xampp\htdocs\operasional\system\View\View.php(220): include('F:\\Project\\xamp...')
#2 F:\Project\xampp\htdocs\operasional\system\View\View.php(222): CodeIgniter\View\View->CodeIgniter\View\{closure}()
#3 F:\Project\xampp\htdocs\operasional\system\Common.php(1217): CodeIgniter\View\View->render('apps/operations...', Array, true)
#4 F:\Project\xampp\htdocs\operasional\app\Controllers\Operation.php(35): view('apps/operations...', Array)
#5 F:\Project\xampp\htdocs\operasional\system\CodeIgniter.php(936): App\Controllers\Operation->index()
#6 F:\Project\xampp\htdocs\operasional\system\CodeIgniter.php(432): CodeIgniter\CodeIgniter->runController(Object(App\Controllers\Operation))
#7 F:\Project\xampp\htdocs\operasional\system\CodeIgniter.php(333): CodeIgniter\CodeIgniter->handleRequest(NULL, Object(Config\Cache), false)
#8 F:\Project\xampp\htdocs\operasional\public\index.php(44): CodeIgniter\CodeIgniter->run()
#9 F:\Project\xampp\htdocs\operasional\system\Commands\Server\rewrite.php(45): require_once('F:\\Project\\xamp...')
#10 {main}
CRITICAL - 2023-05-24 15:14:43 --> foreach() argument must be of type array|object, null given
#0 F:\Project\xampp\htdocs\operasional\app\Views\apps\operations\index.php(84): CodeIgniter\Debug\Exceptions->errorHandler(2, 'foreach() argum...', 'F:\\Project\\xamp...', 84)
#1 F:\Project\xampp\htdocs\operasional\system\View\View.php(220): include('F:\\Project\\xamp...')
#2 F:\Project\xampp\htdocs\operasional\system\View\View.php(222): CodeIgniter\View\View->CodeIgniter\View\{closure}()
#3 F:\Project\xampp\htdocs\operasional\system\Common.php(1217): CodeIgniter\View\View->render('apps/operations...', Array, true)
#4 F:\Project\xampp\htdocs\operasional\app\Controllers\Operation.php(35): view('apps/operations...', Array)
#5 F:\Project\xampp\htdocs\operasional\system\CodeIgniter.php(936): App\Controllers\Operation->index()
#6 F:\Project\xampp\htdocs\operasional\system\CodeIgniter.php(432): CodeIgniter\CodeIgniter->runController(Object(App\Controllers\Operation))
#7 F:\Project\xampp\htdocs\operasional\system\CodeIgniter.php(333): CodeIgniter\CodeIgniter->handleRequest(NULL, Object(Config\Cache), false)
#8 F:\Project\xampp\htdocs\operasional\public\index.php(44): CodeIgniter\CodeIgniter->run()
#9 F:\Project\xampp\htdocs\operasional\system\Commands\Server\rewrite.php(45): require_once('F:\\Project\\xamp...')
#10 {main}
