ERROR - 2023-05-25 15:21:58 --> mysqli_sql_exception: You have an error in your SQL syntax; check the manual that corresponds to your MariaDB server version for the right syntax to use near 'FROM domestic),
        p_get_on,
        p_get_off,
        status
     ...' at line 17 in F:\Project\xampp\htdocs\operasional\system\Database\MySQLi\Connection.php:314
Stack trace:
#0 F:\Project\xampp\htdocs\operasional\system\Database\MySQLi\Connection.php(314): mysqli->query('SELECT\r\n       ...')
#1 F:\Project\xampp\htdocs\operasional\system\Database\BaseConnection.php(713): CodeIgniter\Database\MySQLi\Connection->execute('SELECT\r\n       ...')
#2 F:\Project\xampp\htdocs\operasional\system\Database\BaseConnection.php(641): CodeIgniter\Database\BaseConnection->simpleQuery('SELECT\r\n       ...')
#3 F:\Project\xampp\htdocs\operasional\app\Models\OperationModel.php(44): CodeIgniter\Database\BaseConnection->query('SELECT\r\n       ...')
#4 F:\Project\xampp\htdocs\operasional\app\Controllers\Operation.php(31): App\Models\OperationModel->getOperasional()
#5 F:\Project\xampp\htdocs\operasional\system\CodeIgniter.php(936): App\Controllers\Operation->index()
#6 F:\Project\xampp\htdocs\operasional\system\CodeIgniter.php(432): CodeIgniter\CodeIgniter->runController(Object(App\Controllers\Operation))
#7 F:\Project\xampp\htdocs\operasional\system\CodeIgniter.php(333): CodeIgniter\CodeIgniter->handleRequest(NULL, Object(Config\Cache), false)
#8 F:\Project\xampp\htdocs\operasional\public\index.php(44): CodeIgniter\CodeIgniter->run()
#9 F:\Project\xampp\htdocs\operasional\system\Commands\Server\rewrite.php(45): require_once('F:\\Project\\xamp...')
#10 {main}
CRITICAL - 2023-05-25 15:21:58 --> You have an error in your SQL syntax; check the manual that corresponds to your MariaDB server version for the right syntax to use near 'FROM domestic),
        p_get_on,
        p_get_off,
        status
     ...' at line 17
#0 F:\Project\xampp\htdocs\operasional\system\Database\MySQLi\Connection.php(314): mysqli->query('SELECT\r\n       ...')
#1 F:\Project\xampp\htdocs\operasional\system\Database\BaseConnection.php(713): CodeIgniter\Database\MySQLi\Connection->execute('SELECT\r\n       ...')
#2 F:\Project\xampp\htdocs\operasional\system\Database\BaseConnection.php(641): CodeIgniter\Database\BaseConnection->simpleQuery('SELECT\r\n       ...')
#3 F:\Project\xampp\htdocs\operasional\app\Models\OperationModel.php(44): CodeIgniter\Database\BaseConnection->query('SELECT\r\n       ...')
#4 F:\Project\xampp\htdocs\operasional\app\Controllers\Operation.php(31): App\Models\OperationModel->getOperasional()
#5 F:\Project\xampp\htdocs\operasional\system\CodeIgniter.php(936): App\Controllers\Operation->index()
#6 F:\Project\xampp\htdocs\operasional\system\CodeIgniter.php(432): CodeIgniter\CodeIgniter->runController(Object(App\Controllers\Operation))
#7 F:\Project\xampp\htdocs\operasional\system\CodeIgniter.php(333): CodeIgniter\CodeIgniter->handleRequest(NULL, Object(Config\Cache), false)
#8 F:\Project\xampp\htdocs\operasional\public\index.php(44): CodeIgniter\CodeIgniter->run()
#9 F:\Project\xampp\htdocs\operasional\system\Commands\Server\rewrite.php(45): require_once('F:\\Project\\xamp...')
#10 {main}
ERROR - 2023-05-25 15:23:04 --> mysqli_sql_exception: You have an error in your SQL syntax; check the manual that corresponds to your MariaDB server version for the right syntax to use near 'FROM domestic WHERE domestic.operation_id = operation.id_operation ),
      ...' at line 17 in F:\Project\xampp\htdocs\operasional\system\Database\MySQLi\Connection.php:314
Stack trace:
#0 F:\Project\xampp\htdocs\operasional\system\Database\MySQLi\Connection.php(314): mysqli->query('SELECT\r\n       ...')
#1 F:\Project\xampp\htdocs\operasional\system\Database\BaseConnection.php(713): CodeIgniter\Database\MySQLi\Connection->execute('SELECT\r\n       ...')
#2 F:\Project\xampp\htdocs\operasional\system\Database\BaseConnection.php(641): CodeIgniter\Database\BaseConnection->simpleQuery('SELECT\r\n       ...')
#3 F:\Project\xampp\htdocs\operasional\app\Models\OperationModel.php(44): CodeIgniter\Database\BaseConnection->query('SELECT\r\n       ...')
#4 F:\Project\xampp\htdocs\operasional\app\Controllers\Operation.php(31): App\Models\OperationModel->getOperasional()
#5 F:\Project\xampp\htdocs\operasional\system\CodeIgniter.php(936): App\Controllers\Operation->index()
#6 F:\Project\xampp\htdocs\operasional\system\CodeIgniter.php(432): CodeIgniter\CodeIgniter->runController(Object(App\Controllers\Operation))
#7 F:\Project\xampp\htdocs\operasional\system\CodeIgniter.php(333): CodeIgniter\CodeIgniter->handleRequest(NULL, Object(Config\Cache), false)
#8 F:\Project\xampp\htdocs\operasional\public\index.php(44): CodeIgniter\CodeIgniter->run()
#9 F:\Project\xampp\htdocs\operasional\system\Commands\Server\rewrite.php(45): require_once('F:\\Project\\xamp...')
#10 {main}
CRITICAL - 2023-05-25 15:23:04 --> You have an error in your SQL syntax; check the manual that corresponds to your MariaDB server version for the right syntax to use near 'FROM domestic WHERE domestic.operation_id = operation.id_operation ),
      ...' at line 17
#0 F:\Project\xampp\htdocs\operasional\system\Database\MySQLi\Connection.php(314): mysqli->query('SELECT\r\n       ...')
#1 F:\Project\xampp\htdocs\operasional\system\Database\BaseConnection.php(713): CodeIgniter\Database\MySQLi\Connection->execute('SELECT\r\n       ...')
#2 F:\Project\xampp\htdocs\operasional\system\Database\BaseConnection.php(641): CodeIgniter\Database\BaseConnection->simpleQuery('SELECT\r\n       ...')
#3 F:\Project\xampp\htdocs\operasional\app\Models\OperationModel.php(44): CodeIgniter\Database\BaseConnection->query('SELECT\r\n       ...')
#4 F:\Project\xampp\htdocs\operasional\app\Controllers\Operation.php(31): App\Models\OperationModel->getOperasional()
#5 F:\Project\xampp\htdocs\operasional\system\CodeIgniter.php(936): App\Controllers\Operation->index()
#6 F:\Project\xampp\htdocs\operasional\system\CodeIgniter.php(432): CodeIgniter\CodeIgniter->runController(Object(App\Controllers\Operation))
#7 F:\Project\xampp\htdocs\operasional\system\CodeIgniter.php(333): CodeIgniter\CodeIgniter->handleRequest(NULL, Object(Config\Cache), false)
#8 F:\Project\xampp\htdocs\operasional\public\index.php(44): CodeIgniter\CodeIgniter->run()
#9 F:\Project\xampp\htdocs\operasional\system\Commands\Server\rewrite.php(45): require_once('F:\\Project\\xamp...')
#10 {main}
ERROR - 2023-05-25 15:23:23 --> mysqli_sql_exception: Operand should contain 1 column(s) in F:\Project\xampp\htdocs\operasional\system\Database\MySQLi\Connection.php:314
Stack trace:
#0 F:\Project\xampp\htdocs\operasional\system\Database\MySQLi\Connection.php(314): mysqli->query('SELECT\r\n       ...')
#1 F:\Project\xampp\htdocs\operasional\system\Database\BaseConnection.php(713): CodeIgniter\Database\MySQLi\Connection->execute('SELECT\r\n       ...')
#2 F:\Project\xampp\htdocs\operasional\system\Database\BaseConnection.php(641): CodeIgniter\Database\BaseConnection->simpleQuery('SELECT\r\n       ...')
#3 F:\Project\xampp\htdocs\operasional\app\Models\OperationModel.php(44): CodeIgniter\Database\BaseConnection->query('SELECT\r\n       ...')
#4 F:\Project\xampp\htdocs\operasional\app\Controllers\Operation.php(31): App\Models\OperationModel->getOperasional()
#5 F:\Project\xampp\htdocs\operasional\system\CodeIgniter.php(936): App\Controllers\Operation->index()
#6 F:\Project\xampp\htdocs\operasional\system\CodeIgniter.php(432): CodeIgniter\CodeIgniter->runController(Object(App\Controllers\Operation))
#7 F:\Project\xampp\htdocs\operasional\system\CodeIgniter.php(333): CodeIgniter\CodeIgniter->handleRequest(NULL, Object(Config\Cache), false)
#8 F:\Project\xampp\htdocs\operasional\public\index.php(44): CodeIgniter\CodeIgniter->run()
#9 F:\Project\xampp\htdocs\operasional\system\Commands\Server\rewrite.php(45): require_once('F:\\Project\\xamp...')
#10 {main}
CRITICAL - 2023-05-25 15:23:23 --> Operand should contain 1 column(s)
#0 F:\Project\xampp\htdocs\operasional\system\Database\MySQLi\Connection.php(314): mysqli->query('SELECT\r\n       ...')
#1 F:\Project\xampp\htdocs\operasional\system\Database\BaseConnection.php(713): CodeIgniter\Database\MySQLi\Connection->execute('SELECT\r\n       ...')
#2 F:\Project\xampp\htdocs\operasional\system\Database\BaseConnection.php(641): CodeIgniter\Database\BaseConnection->simpleQuery('SELECT\r\n       ...')
#3 F:\Project\xampp\htdocs\operasional\app\Models\OperationModel.php(44): CodeIgniter\Database\BaseConnection->query('SELECT\r\n       ...')
#4 F:\Project\xampp\htdocs\operasional\app\Controllers\Operation.php(31): App\Models\OperationModel->getOperasional()
#5 F:\Project\xampp\htdocs\operasional\system\CodeIgniter.php(936): App\Controllers\Operation->index()
#6 F:\Project\xampp\htdocs\operasional\system\CodeIgniter.php(432): CodeIgniter\CodeIgniter->runController(Object(App\Controllers\Operation))
#7 F:\Project\xampp\htdocs\operasional\system\CodeIgniter.php(333): CodeIgniter\CodeIgniter->handleRequest(NULL, Object(Config\Cache), false)
#8 F:\Project\xampp\htdocs\operasional\public\index.php(44): CodeIgniter\CodeIgniter->run()
#9 F:\Project\xampp\htdocs\operasional\system\Commands\Server\rewrite.php(45): require_once('F:\\Project\\xamp...')
#10 {main}
ERROR - 2023-05-25 15:23:50 --> mysqli_sql_exception: Operand should contain 1 column(s) in F:\Project\xampp\htdocs\operasional\system\Database\MySQLi\Connection.php:314
Stack trace:
#0 F:\Project\xampp\htdocs\operasional\system\Database\MySQLi\Connection.php(314): mysqli->query('SELECT\r\n       ...')
#1 F:\Project\xampp\htdocs\operasional\system\Database\BaseConnection.php(713): CodeIgniter\Database\MySQLi\Connection->execute('SELECT\r\n       ...')
#2 F:\Project\xampp\htdocs\operasional\system\Database\BaseConnection.php(641): CodeIgniter\Database\BaseConnection->simpleQuery('SELECT\r\n       ...')
#3 F:\Project\xampp\htdocs\operasional\app\Models\OperationModel.php(44): CodeIgniter\Database\BaseConnection->query('SELECT\r\n       ...')
#4 F:\Project\xampp\htdocs\operasional\app\Controllers\Operation.php(31): App\Models\OperationModel->getOperasional()
#5 F:\Project\xampp\htdocs\operasional\system\CodeIgniter.php(936): App\Controllers\Operation->index()
#6 F:\Project\xampp\htdocs\operasional\system\CodeIgniter.php(432): CodeIgniter\CodeIgniter->runController(Object(App\Controllers\Operation))
#7 F:\Project\xampp\htdocs\operasional\system\CodeIgniter.php(333): CodeIgniter\CodeIgniter->handleRequest(NULL, Object(Config\Cache), false)
#8 F:\Project\xampp\htdocs\operasional\public\index.php(44): CodeIgniter\CodeIgniter->run()
#9 F:\Project\xampp\htdocs\operasional\system\Commands\Server\rewrite.php(45): require_once('F:\\Project\\xamp...')
#10 {main}
CRITICAL - 2023-05-25 15:23:50 --> Operand should contain 1 column(s)
#0 F:\Project\xampp\htdocs\operasional\system\Database\MySQLi\Connection.php(314): mysqli->query('SELECT\r\n       ...')
#1 F:\Project\xampp\htdocs\operasional\system\Database\BaseConnection.php(713): CodeIgniter\Database\MySQLi\Connection->execute('SELECT\r\n       ...')
#2 F:\Project\xampp\htdocs\operasional\system\Database\BaseConnection.php(641): CodeIgniter\Database\BaseConnection->simpleQuery('SELECT\r\n       ...')
#3 F:\Project\xampp\htdocs\operasional\app\Models\OperationModel.php(44): CodeIgniter\Database\BaseConnection->query('SELECT\r\n       ...')
#4 F:\Project\xampp\htdocs\operasional\app\Controllers\Operation.php(31): App\Models\OperationModel->getOperasional()
#5 F:\Project\xampp\htdocs\operasional\system\CodeIgniter.php(936): App\Controllers\Operation->index()
#6 F:\Project\xampp\htdocs\operasional\system\CodeIgniter.php(432): CodeIgniter\CodeIgniter->runController(Object(App\Controllers\Operation))
#7 F:\Project\xampp\htdocs\operasional\system\CodeIgniter.php(333): CodeIgniter\CodeIgniter->handleRequest(NULL, Object(Config\Cache), false)
#8 F:\Project\xampp\htdocs\operasional\public\index.php(44): CodeIgniter\CodeIgniter->run()
#9 F:\Project\xampp\htdocs\operasional\system\Commands\Server\rewrite.php(45): require_once('F:\\Project\\xamp...')
#10 {main}
ERROR - 2023-05-25 15:24:27 --> mysqli_sql_exception: Operand should contain 1 column(s) in F:\Project\xampp\htdocs\operasional\system\Database\MySQLi\Connection.php:314
Stack trace:
#0 F:\Project\xampp\htdocs\operasional\system\Database\MySQLi\Connection.php(314): mysqli->query('SELECT\r\n       ...')
#1 F:\Project\xampp\htdocs\operasional\system\Database\BaseConnection.php(713): CodeIgniter\Database\MySQLi\Connection->execute('SELECT\r\n       ...')
#2 F:\Project\xampp\htdocs\operasional\system\Database\BaseConnection.php(641): CodeIgniter\Database\BaseConnection->simpleQuery('SELECT\r\n       ...')
#3 F:\Project\xampp\htdocs\operasional\app\Models\OperationModel.php(44): CodeIgniter\Database\BaseConnection->query('SELECT\r\n       ...')
#4 F:\Project\xampp\htdocs\operasional\app\Controllers\Operation.php(31): App\Models\OperationModel->getOperasional()
#5 F:\Project\xampp\htdocs\operasional\system\CodeIgniter.php(936): App\Controllers\Operation->index()
#6 F:\Project\xampp\htdocs\operasional\system\CodeIgniter.php(432): CodeIgniter\CodeIgniter->runController(Object(App\Controllers\Operation))
#7 F:\Project\xampp\htdocs\operasional\system\CodeIgniter.php(333): CodeIgniter\CodeIgniter->handleRequest(NULL, Object(Config\Cache), false)
#8 F:\Project\xampp\htdocs\operasional\public\index.php(44): CodeIgniter\CodeIgniter->run()
#9 F:\Project\xampp\htdocs\operasional\system\Commands\Server\rewrite.php(45): require_once('F:\\Project\\xamp...')
#10 {main}
CRITICAL - 2023-05-25 15:24:27 --> Operand should contain 1 column(s)
#0 F:\Project\xampp\htdocs\operasional\system\Database\MySQLi\Connection.php(314): mysqli->query('SELECT\r\n       ...')
#1 F:\Project\xampp\htdocs\operasional\system\Database\BaseConnection.php(713): CodeIgniter\Database\MySQLi\Connection->execute('SELECT\r\n       ...')
#2 F:\Project\xampp\htdocs\operasional\system\Database\BaseConnection.php(641): CodeIgniter\Database\BaseConnection->simpleQuery('SELECT\r\n       ...')
#3 F:\Project\xampp\htdocs\operasional\app\Models\OperationModel.php(44): CodeIgniter\Database\BaseConnection->query('SELECT\r\n       ...')
#4 F:\Project\xampp\htdocs\operasional\app\Controllers\Operation.php(31): App\Models\OperationModel->getOperasional()
#5 F:\Project\xampp\htdocs\operasional\system\CodeIgniter.php(936): App\Controllers\Operation->index()
#6 F:\Project\xampp\htdocs\operasional\system\CodeIgniter.php(432): CodeIgniter\CodeIgniter->runController(Object(App\Controllers\Operation))
#7 F:\Project\xampp\htdocs\operasional\system\CodeIgniter.php(333): CodeIgniter\CodeIgniter->handleRequest(NULL, Object(Config\Cache), false)
#8 F:\Project\xampp\htdocs\operasional\public\index.php(44): CodeIgniter\CodeIgniter->run()
#9 F:\Project\xampp\htdocs\operasional\system\Commands\Server\rewrite.php(45): require_once('F:\\Project\\xamp...')
#10 {main}
ERROR - 2023-05-25 15:28:13 --> mysqli_sql_exception: FUNCTION operasional.ARRAY_AGG does not exist in F:\Project\xampp\htdocs\operasional\system\Database\MySQLi\Connection.php:314
Stack trace:
#0 F:\Project\xampp\htdocs\operasional\system\Database\MySQLi\Connection.php(314): mysqli->query('SELECT\r\n       ...')
#1 F:\Project\xampp\htdocs\operasional\system\Database\BaseConnection.php(713): CodeIgniter\Database\MySQLi\Connection->execute('SELECT\r\n       ...')
#2 F:\Project\xampp\htdocs\operasional\system\Database\BaseConnection.php(641): CodeIgniter\Database\BaseConnection->simpleQuery('SELECT\r\n       ...')
#3 F:\Project\xampp\htdocs\operasional\app\Models\OperationModel.php(52): CodeIgniter\Database\BaseConnection->query('SELECT\r\n       ...')
#4 F:\Project\xampp\htdocs\operasional\app\Controllers\Operation.php(31): App\Models\OperationModel->getOperasional()
#5 F:\Project\xampp\htdocs\operasional\system\CodeIgniter.php(936): App\Controllers\Operation->index()
#6 F:\Project\xampp\htdocs\operasional\system\CodeIgniter.php(432): CodeIgniter\CodeIgniter->runController(Object(App\Controllers\Operation))
#7 F:\Project\xampp\htdocs\operasional\system\CodeIgniter.php(333): CodeIgniter\CodeIgniter->handleRequest(NULL, Object(Config\Cache), false)
#8 F:\Project\xampp\htdocs\operasional\public\index.php(44): CodeIgniter\CodeIgniter->run()
#9 F:\Project\xampp\htdocs\operasional\system\Commands\Server\rewrite.php(45): require_once('F:\\Project\\xamp...')
#10 {main}
CRITICAL - 2023-05-25 15:28:13 --> FUNCTION operasional.ARRAY_AGG does not exist
#0 F:\Project\xampp\htdocs\operasional\system\Database\MySQLi\Connection.php(314): mysqli->query('SELECT\r\n       ...')
#1 F:\Project\xampp\htdocs\operasional\system\Database\BaseConnection.php(713): CodeIgniter\Database\MySQLi\Connection->execute('SELECT\r\n       ...')
#2 F:\Project\xampp\htdocs\operasional\system\Database\BaseConnection.php(641): CodeIgniter\Database\BaseConnection->simpleQuery('SELECT\r\n       ...')
#3 F:\Project\xampp\htdocs\operasional\app\Models\OperationModel.php(52): CodeIgniter\Database\BaseConnection->query('SELECT\r\n       ...')
#4 F:\Project\xampp\htdocs\operasional\app\Controllers\Operation.php(31): App\Models\OperationModel->getOperasional()
#5 F:\Project\xampp\htdocs\operasional\system\CodeIgniter.php(936): App\Controllers\Operation->index()
#6 F:\Project\xampp\htdocs\operasional\system\CodeIgniter.php(432): CodeIgniter\CodeIgniter->runController(Object(App\Controllers\Operation))
#7 F:\Project\xampp\htdocs\operasional\system\CodeIgniter.php(333): CodeIgniter\CodeIgniter->handleRequest(NULL, Object(Config\Cache), false)
#8 F:\Project\xampp\htdocs\operasional\public\index.php(44): CodeIgniter\CodeIgniter->run()
#9 F:\Project\xampp\htdocs\operasional\system\Commands\Server\rewrite.php(45): require_once('F:\\Project\\xamp...')
#10 {main}
ERROR - 2023-05-25 15:30:32 --> mysqli_sql_exception: FUNCTION operasional.STRING_AGG does not exist in F:\Project\xampp\htdocs\operasional\system\Database\MySQLi\Connection.php:314
Stack trace:
#0 F:\Project\xampp\htdocs\operasional\system\Database\MySQLi\Connection.php(314): mysqli->query('SELECT\r\n      c...')
#1 F:\Project\xampp\htdocs\operasional\system\Database\BaseConnection.php(713): CodeIgniter\Database\MySQLi\Connection->execute('SELECT\r\n      c...')
#2 F:\Project\xampp\htdocs\operasional\system\Database\BaseConnection.php(641): CodeIgniter\Database\BaseConnection->simpleQuery('SELECT\r\n      c...')
#3 F:\Project\xampp\htdocs\operasional\app\Models\OperationModel.php(62): CodeIgniter\Database\BaseConnection->query('SELECT\r\n      c...')
#4 F:\Project\xampp\htdocs\operasional\app\Controllers\Operation.php(31): App\Models\OperationModel->getOperasional()
#5 F:\Project\xampp\htdocs\operasional\system\CodeIgniter.php(936): App\Controllers\Operation->index()
#6 F:\Project\xampp\htdocs\operasional\system\CodeIgniter.php(432): CodeIgniter\CodeIgniter->runController(Object(App\Controllers\Operation))
#7 F:\Project\xampp\htdocs\operasional\system\CodeIgniter.php(333): CodeIgniter\CodeIgniter->handleRequest(NULL, Object(Config\Cache), false)
#8 F:\Project\xampp\htdocs\operasional\public\index.php(44): CodeIgniter\CodeIgniter->run()
#9 F:\Project\xampp\htdocs\operasional\system\Commands\Server\rewrite.php(45): require_once('F:\\Project\\xamp...')
#10 {main}
CRITICAL - 2023-05-25 15:30:32 --> FUNCTION operasional.STRING_AGG does not exist
#0 F:\Project\xampp\htdocs\operasional\system\Database\MySQLi\Connection.php(314): mysqli->query('SELECT\r\n      c...')
#1 F:\Project\xampp\htdocs\operasional\system\Database\BaseConnection.php(713): CodeIgniter\Database\MySQLi\Connection->execute('SELECT\r\n      c...')
#2 F:\Project\xampp\htdocs\operasional\system\Database\BaseConnection.php(641): CodeIgniter\Database\BaseConnection->simpleQuery('SELECT\r\n      c...')
#3 F:\Project\xampp\htdocs\operasional\app\Models\OperationModel.php(62): CodeIgniter\Database\BaseConnection->query('SELECT\r\n      c...')
#4 F:\Project\xampp\htdocs\operasional\app\Controllers\Operation.php(31): App\Models\OperationModel->getOperasional()
#5 F:\Project\xampp\htdocs\operasional\system\CodeIgniter.php(936): App\Controllers\Operation->index()
#6 F:\Project\xampp\htdocs\operasional\system\CodeIgniter.php(432): CodeIgniter\CodeIgniter->runController(Object(App\Controllers\Operation))
#7 F:\Project\xampp\htdocs\operasional\system\CodeIgniter.php(333): CodeIgniter\CodeIgniter->handleRequest(NULL, Object(Config\Cache), false)
#8 F:\Project\xampp\htdocs\operasional\public\index.php(44): CodeIgniter\CodeIgniter->run()
#9 F:\Project\xampp\htdocs\operasional\system\Commands\Server\rewrite.php(45): require_once('F:\\Project\\xamp...')
#10 {main}
ERROR - 2023-05-25 15:30:37 --> mysqli_sql_exception: FUNCTION operasional.STRING_AGG does not exist in F:\Project\xampp\htdocs\operasional\system\Database\MySQLi\Connection.php:314
Stack trace:
#0 F:\Project\xampp\htdocs\operasional\system\Database\MySQLi\Connection.php(314): mysqli->query('SELECT\r\n      c...')
#1 F:\Project\xampp\htdocs\operasional\system\Database\BaseConnection.php(713): CodeIgniter\Database\MySQLi\Connection->execute('SELECT\r\n      c...')
#2 F:\Project\xampp\htdocs\operasional\system\Database\BaseConnection.php(641): CodeIgniter\Database\BaseConnection->simpleQuery('SELECT\r\n      c...')
#3 F:\Project\xampp\htdocs\operasional\app\Models\OperationModel.php(62): CodeIgniter\Database\BaseConnection->query('SELECT\r\n      c...')
#4 F:\Project\xampp\htdocs\operasional\app\Controllers\Operation.php(31): App\Models\OperationModel->getOperasional()
#5 F:\Project\xampp\htdocs\operasional\system\CodeIgniter.php(936): App\Controllers\Operation->index()
#6 F:\Project\xampp\htdocs\operasional\system\CodeIgniter.php(432): CodeIgniter\CodeIgniter->runController(Object(App\Controllers\Operation))
#7 F:\Project\xampp\htdocs\operasional\system\CodeIgniter.php(333): CodeIgniter\CodeIgniter->handleRequest(NULL, Object(Config\Cache), false)
#8 F:\Project\xampp\htdocs\operasional\public\index.php(44): CodeIgniter\CodeIgniter->run()
#9 F:\Project\xampp\htdocs\operasional\system\Commands\Server\rewrite.php(45): require_once('F:\\Project\\xamp...')
#10 {main}
CRITICAL - 2023-05-25 15:30:37 --> FUNCTION operasional.STRING_AGG does not exist
#0 F:\Project\xampp\htdocs\operasional\system\Database\MySQLi\Connection.php(314): mysqli->query('SELECT\r\n      c...')
#1 F:\Project\xampp\htdocs\operasional\system\Database\BaseConnection.php(713): CodeIgniter\Database\MySQLi\Connection->execute('SELECT\r\n      c...')
#2 F:\Project\xampp\htdocs\operasional\system\Database\BaseConnection.php(641): CodeIgniter\Database\BaseConnection->simpleQuery('SELECT\r\n      c...')
#3 F:\Project\xampp\htdocs\operasional\app\Models\OperationModel.php(62): CodeIgniter\Database\BaseConnection->query('SELECT\r\n      c...')
#4 F:\Project\xampp\htdocs\operasional\app\Controllers\Operation.php(31): App\Models\OperationModel->getOperasional()
#5 F:\Project\xampp\htdocs\operasional\system\CodeIgniter.php(936): App\Controllers\Operation->index()
#6 F:\Project\xampp\htdocs\operasional\system\CodeIgniter.php(432): CodeIgniter\CodeIgniter->runController(Object(App\Controllers\Operation))
#7 F:\Project\xampp\htdocs\operasional\system\CodeIgniter.php(333): CodeIgniter\CodeIgniter->handleRequest(NULL, Object(Config\Cache), false)
#8 F:\Project\xampp\htdocs\operasional\public\index.php(44): CodeIgniter\CodeIgniter->run()
#9 F:\Project\xampp\htdocs\operasional\system\Commands\Server\rewrite.php(45): require_once('F:\\Project\\xamp...')
#10 {main}
ERROR - 2023-05-25 15:45:40 --> mysqli_sql_exception: You have an error in your SQL syntax; check the manual that corresponds to your MariaDB server version for the right syntax to use near 'SELECT CONCAT(
            ';load_qty:', GROUP_CONCAT(domestic.load_qty SEPA...' at line 14 in F:\Project\xampp\htdocs\operasional\system\Database\MySQLi\Connection.php:314
Stack trace:
#0 F:\Project\xampp\htdocs\operasional\system\Database\MySQLi\Connection.php(314): mysqli->query('SELECT\r\n       ...')
#1 F:\Project\xampp\htdocs\operasional\system\Database\BaseConnection.php(713): CodeIgniter\Database\MySQLi\Connection->execute('SELECT\r\n       ...')
#2 F:\Project\xampp\htdocs\operasional\system\Database\BaseConnection.php(641): CodeIgniter\Database\BaseConnection->simpleQuery('SELECT\r\n       ...')
#3 F:\Project\xampp\htdocs\operasional\app\Models\OperationModel.php(63): CodeIgniter\Database\BaseConnection->query('SELECT\r\n       ...')
#4 F:\Project\xampp\htdocs\operasional\app\Controllers\Operation.php(31): App\Models\OperationModel->getOperasional()
#5 F:\Project\xampp\htdocs\operasional\system\CodeIgniter.php(936): App\Controllers\Operation->index()
#6 F:\Project\xampp\htdocs\operasional\system\CodeIgniter.php(432): CodeIgniter\CodeIgniter->runController(Object(App\Controllers\Operation))
#7 F:\Project\xampp\htdocs\operasional\system\CodeIgniter.php(333): CodeIgniter\CodeIgniter->handleRequest(NULL, Object(Config\Cache), false)
#8 F:\Project\xampp\htdocs\operasional\public\index.php(44): CodeIgniter\CodeIgniter->run()
#9 F:\Project\xampp\htdocs\operasional\system\Commands\Server\rewrite.php(45): require_once('F:\\Project\\xamp...')
#10 {main}
CRITICAL - 2023-05-25 15:45:40 --> You have an error in your SQL syntax; check the manual that corresponds to your MariaDB server version for the right syntax to use near 'SELECT CONCAT(
            ';load_qty:', GROUP_CONCAT(domestic.load_qty SEPA...' at line 14
#0 F:\Project\xampp\htdocs\operasional\system\Database\MySQLi\Connection.php(314): mysqli->query('SELECT\r\n       ...')
#1 F:\Project\xampp\htdocs\operasional\system\Database\BaseConnection.php(713): CodeIgniter\Database\MySQLi\Connection->execute('SELECT\r\n       ...')
#2 F:\Project\xampp\htdocs\operasional\system\Database\BaseConnection.php(641): CodeIgniter\Database\BaseConnection->simpleQuery('SELECT\r\n       ...')
#3 F:\Project\xampp\htdocs\operasional\app\Models\OperationModel.php(63): CodeIgniter\Database\BaseConnection->query('SELECT\r\n       ...')
#4 F:\Project\xampp\htdocs\operasional\app\Controllers\Operation.php(31): App\Models\OperationModel->getOperasional()
#5 F:\Project\xampp\htdocs\operasional\system\CodeIgniter.php(936): App\Controllers\Operation->index()
#6 F:\Project\xampp\htdocs\operasional\system\CodeIgniter.php(432): CodeIgniter\CodeIgniter->runController(Object(App\Controllers\Operation))
#7 F:\Project\xampp\htdocs\operasional\system\CodeIgniter.php(333): CodeIgniter\CodeIgniter->handleRequest(NULL, Object(Config\Cache), false)
#8 F:\Project\xampp\htdocs\operasional\public\index.php(44): CodeIgniter\CodeIgniter->run()
#9 F:\Project\xampp\htdocs\operasional\system\Commands\Server\rewrite.php(45): require_once('F:\\Project\\xamp...')
#10 {main}
ERROR - 2023-05-25 15:46:14 --> mysqli_sql_exception: You have an error in your SQL syntax; check the manual that corresponds to your MariaDB server version for the right syntax to use near 'SELECT CONCAT(
            'load_qty:', GROUP_CONCAT(domestic.load_qty SEPAR...' at line 14 in F:\Project\xampp\htdocs\operasional\system\Database\MySQLi\Connection.php:314
Stack trace:
#0 F:\Project\xampp\htdocs\operasional\system\Database\MySQLi\Connection.php(314): mysqli->query('SELECT\r\n       ...')
#1 F:\Project\xampp\htdocs\operasional\system\Database\BaseConnection.php(713): CodeIgniter\Database\MySQLi\Connection->execute('SELECT\r\n       ...')
#2 F:\Project\xampp\htdocs\operasional\system\Database\BaseConnection.php(641): CodeIgniter\Database\BaseConnection->simpleQuery('SELECT\r\n       ...')
#3 F:\Project\xampp\htdocs\operasional\app\Models\OperationModel.php(63): CodeIgniter\Database\BaseConnection->query('SELECT\r\n       ...')
#4 F:\Project\xampp\htdocs\operasional\app\Controllers\Operation.php(31): App\Models\OperationModel->getOperasional()
#5 F:\Project\xampp\htdocs\operasional\system\CodeIgniter.php(936): App\Controllers\Operation->index()
#6 F:\Project\xampp\htdocs\operasional\system\CodeIgniter.php(432): CodeIgniter\CodeIgniter->runController(Object(App\Controllers\Operation))
#7 F:\Project\xampp\htdocs\operasional\system\CodeIgniter.php(333): CodeIgniter\CodeIgniter->handleRequest(NULL, Object(Config\Cache), false)
#8 F:\Project\xampp\htdocs\operasional\public\index.php(44): CodeIgniter\CodeIgniter->run()
#9 F:\Project\xampp\htdocs\operasional\system\Commands\Server\rewrite.php(45): require_once('F:\\Project\\xamp...')
#10 {main}
CRITICAL - 2023-05-25 15:46:14 --> You have an error in your SQL syntax; check the manual that corresponds to your MariaDB server version for the right syntax to use near 'SELECT CONCAT(
            'load_qty:', GROUP_CONCAT(domestic.load_qty SEPAR...' at line 14
#0 F:\Project\xampp\htdocs\operasional\system\Database\MySQLi\Connection.php(314): mysqli->query('SELECT\r\n       ...')
#1 F:\Project\xampp\htdocs\operasional\system\Database\BaseConnection.php(713): CodeIgniter\Database\MySQLi\Connection->execute('SELECT\r\n       ...')
#2 F:\Project\xampp\htdocs\operasional\system\Database\BaseConnection.php(641): CodeIgniter\Database\BaseConnection->simpleQuery('SELECT\r\n       ...')
#3 F:\Project\xampp\htdocs\operasional\app\Models\OperationModel.php(63): CodeIgniter\Database\BaseConnection->query('SELECT\r\n       ...')
#4 F:\Project\xampp\htdocs\operasional\app\Controllers\Operation.php(31): App\Models\OperationModel->getOperasional()
#5 F:\Project\xampp\htdocs\operasional\system\CodeIgniter.php(936): App\Controllers\Operation->index()
#6 F:\Project\xampp\htdocs\operasional\system\CodeIgniter.php(432): CodeIgniter\CodeIgniter->runController(Object(App\Controllers\Operation))
#7 F:\Project\xampp\htdocs\operasional\system\CodeIgniter.php(333): CodeIgniter\CodeIgniter->handleRequest(NULL, Object(Config\Cache), false)
#8 F:\Project\xampp\htdocs\operasional\public\index.php(44): CodeIgniter\CodeIgniter->run()
#9 F:\Project\xampp\htdocs\operasional\system\Commands\Server\rewrite.php(45): require_once('F:\\Project\\xamp...')
#10 {main}
ERROR - 2023-05-25 15:52:26 --> mysqli_sql_exception: FUNCTION operasional.JSON_ARRAYAGG does not exist in F:\Project\xampp\htdocs\operasional\system\Database\MySQLi\Connection.php:314
Stack trace:
#0 F:\Project\xampp\htdocs\operasional\system\Database\MySQLi\Connection.php(314): mysqli->query('SELECT\r\n       ...')
#1 F:\Project\xampp\htdocs\operasional\system\Database\BaseConnection.php(713): CodeIgniter\Database\MySQLi\Connection->execute('SELECT\r\n       ...')
#2 F:\Project\xampp\htdocs\operasional\system\Database\BaseConnection.php(641): CodeIgniter\Database\BaseConnection->simpleQuery('SELECT\r\n       ...')
#3 F:\Project\xampp\htdocs\operasional\app\Models\OperationModel.php(62): CodeIgniter\Database\BaseConnection->query('SELECT\r\n       ...')
#4 F:\Project\xampp\htdocs\operasional\app\Controllers\Operation.php(31): App\Models\OperationModel->getOperasional()
#5 F:\Project\xampp\htdocs\operasional\system\CodeIgniter.php(936): App\Controllers\Operation->index()
#6 F:\Project\xampp\htdocs\operasional\system\CodeIgniter.php(432): CodeIgniter\CodeIgniter->runController(Object(App\Controllers\Operation))
#7 F:\Project\xampp\htdocs\operasional\system\CodeIgniter.php(333): CodeIgniter\CodeIgniter->handleRequest(NULL, Object(Config\Cache), false)
#8 F:\Project\xampp\htdocs\operasional\public\index.php(44): CodeIgniter\CodeIgniter->run()
#9 F:\Project\xampp\htdocs\operasional\system\Commands\Server\rewrite.php(45): require_once('F:\\Project\\xamp...')
#10 {main}
CRITICAL - 2023-05-25 15:52:26 --> FUNCTION operasional.JSON_ARRAYAGG does not exist
#0 F:\Project\xampp\htdocs\operasional\system\Database\MySQLi\Connection.php(314): mysqli->query('SELECT\r\n       ...')
#1 F:\Project\xampp\htdocs\operasional\system\Database\BaseConnection.php(713): CodeIgniter\Database\MySQLi\Connection->execute('SELECT\r\n       ...')
#2 F:\Project\xampp\htdocs\operasional\system\Database\BaseConnection.php(641): CodeIgniter\Database\BaseConnection->simpleQuery('SELECT\r\n       ...')
#3 F:\Project\xampp\htdocs\operasional\app\Models\OperationModel.php(62): CodeIgniter\Database\BaseConnection->query('SELECT\r\n       ...')
#4 F:\Project\xampp\htdocs\operasional\app\Controllers\Operation.php(31): App\Models\OperationModel->getOperasional()
#5 F:\Project\xampp\htdocs\operasional\system\CodeIgniter.php(936): App\Controllers\Operation->index()
#6 F:\Project\xampp\htdocs\operasional\system\CodeIgniter.php(432): CodeIgniter\CodeIgniter->runController(Object(App\Controllers\Operation))
#7 F:\Project\xampp\htdocs\operasional\system\CodeIgniter.php(333): CodeIgniter\CodeIgniter->handleRequest(NULL, Object(Config\Cache), false)
#8 F:\Project\xampp\htdocs\operasional\public\index.php(44): CodeIgniter\CodeIgniter->run()
#9 F:\Project\xampp\htdocs\operasional\system\Commands\Server\rewrite.php(45): require_once('F:\\Project\\xamp...')
#10 {main}
ERROR - 2023-05-25 15:58:18 --> mysqli_sql_exception: You have an error in your SQL syntax; check the manual that corresponds to your MariaDB server version for the right syntax to use near 'SELECT CONCAT(
            'load_qty:', GROUP_CONCAT(domestic.load_qty SEPAR...' at line 14 in F:\Project\xampp\htdocs\operasional\system\Database\MySQLi\Connection.php:314
Stack trace:
#0 F:\Project\xampp\htdocs\operasional\system\Database\MySQLi\Connection.php(314): mysqli->query('SELECT\r\n       ...')
#1 F:\Project\xampp\htdocs\operasional\system\Database\BaseConnection.php(713): CodeIgniter\Database\MySQLi\Connection->execute('SELECT\r\n       ...')
#2 F:\Project\xampp\htdocs\operasional\system\Database\BaseConnection.php(641): CodeIgniter\Database\BaseConnection->simpleQuery('SELECT\r\n       ...')
#3 F:\Project\xampp\htdocs\operasional\app\Models\OperationModel.php(63): CodeIgniter\Database\BaseConnection->query('SELECT\r\n       ...')
#4 F:\Project\xampp\htdocs\operasional\app\Controllers\Operation.php(31): App\Models\OperationModel->getOperasional()
#5 F:\Project\xampp\htdocs\operasional\system\CodeIgniter.php(936): App\Controllers\Operation->index()
#6 F:\Project\xampp\htdocs\operasional\system\CodeIgniter.php(432): CodeIgniter\CodeIgniter->runController(Object(App\Controllers\Operation))
#7 F:\Project\xampp\htdocs\operasional\system\CodeIgniter.php(333): CodeIgniter\CodeIgniter->handleRequest(NULL, Object(Config\Cache), false)
#8 F:\Project\xampp\htdocs\operasional\public\index.php(44): CodeIgniter\CodeIgniter->run()
#9 F:\Project\xampp\htdocs\operasional\system\Commands\Server\rewrite.php(45): require_once('F:\\Project\\xamp...')
#10 {main}
CRITICAL - 2023-05-25 15:58:18 --> You have an error in your SQL syntax; check the manual that corresponds to your MariaDB server version for the right syntax to use near 'SELECT CONCAT(
            'load_qty:', GROUP_CONCAT(domestic.load_qty SEPAR...' at line 14
#0 F:\Project\xampp\htdocs\operasional\system\Database\MySQLi\Connection.php(314): mysqli->query('SELECT\r\n       ...')
#1 F:\Project\xampp\htdocs\operasional\system\Database\BaseConnection.php(713): CodeIgniter\Database\MySQLi\Connection->execute('SELECT\r\n       ...')
#2 F:\Project\xampp\htdocs\operasional\system\Database\BaseConnection.php(641): CodeIgniter\Database\BaseConnection->simpleQuery('SELECT\r\n       ...')
#3 F:\Project\xampp\htdocs\operasional\app\Models\OperationModel.php(63): CodeIgniter\Database\BaseConnection->query('SELECT\r\n       ...')
#4 F:\Project\xampp\htdocs\operasional\app\Controllers\Operation.php(31): App\Models\OperationModel->getOperasional()
#5 F:\Project\xampp\htdocs\operasional\system\CodeIgniter.php(936): App\Controllers\Operation->index()
#6 F:\Project\xampp\htdocs\operasional\system\CodeIgniter.php(432): CodeIgniter\CodeIgniter->runController(Object(App\Controllers\Operation))
#7 F:\Project\xampp\htdocs\operasional\system\CodeIgniter.php(333): CodeIgniter\CodeIgniter->handleRequest(NULL, Object(Config\Cache), false)
#8 F:\Project\xampp\htdocs\operasional\public\index.php(44): CodeIgniter\CodeIgniter->run()
#9 F:\Project\xampp\htdocs\operasional\system\Commands\Server\rewrite.php(45): require_once('F:\\Project\\xamp...')
#10 {main}
ERROR - 2023-05-25 15:58:40 --> mysqli_sql_exception: Incorrect parameters in the call to native function 'CONCAT' in F:\Project\xampp\htdocs\operasional\system\Database\MySQLi\Connection.php:314
Stack trace:
#0 F:\Project\xampp\htdocs\operasional\system\Database\MySQLi\Connection.php(314): mysqli->query('SELECT\r\n       ...')
#1 F:\Project\xampp\htdocs\operasional\system\Database\BaseConnection.php(713): CodeIgniter\Database\MySQLi\Connection->execute('SELECT\r\n       ...')
#2 F:\Project\xampp\htdocs\operasional\system\Database\BaseConnection.php(641): CodeIgniter\Database\BaseConnection->simpleQuery('SELECT\r\n       ...')
#3 F:\Project\xampp\htdocs\operasional\app\Models\OperationModel.php(62): CodeIgniter\Database\BaseConnection->query('SELECT\r\n       ...')
#4 F:\Project\xampp\htdocs\operasional\app\Controllers\Operation.php(31): App\Models\OperationModel->getOperasional()
#5 F:\Project\xampp\htdocs\operasional\system\CodeIgniter.php(936): App\Controllers\Operation->index()
#6 F:\Project\xampp\htdocs\operasional\system\CodeIgniter.php(432): CodeIgniter\CodeIgniter->runController(Object(App\Controllers\Operation))
#7 F:\Project\xampp\htdocs\operasional\system\CodeIgniter.php(333): CodeIgniter\CodeIgniter->handleRequest(NULL, Object(Config\Cache), false)
#8 F:\Project\xampp\htdocs\operasional\public\index.php(44): CodeIgniter\CodeIgniter->run()
#9 F:\Project\xampp\htdocs\operasional\system\Commands\Server\rewrite.php(45): require_once('F:\\Project\\xamp...')
#10 {main}
CRITICAL - 2023-05-25 15:58:40 --> Incorrect parameters in the call to native function 'CONCAT'
#0 F:\Project\xampp\htdocs\operasional\system\Database\MySQLi\Connection.php(314): mysqli->query('SELECT\r\n       ...')
#1 F:\Project\xampp\htdocs\operasional\system\Database\BaseConnection.php(713): CodeIgniter\Database\MySQLi\Connection->execute('SELECT\r\n       ...')
#2 F:\Project\xampp\htdocs\operasional\system\Database\BaseConnection.php(641): CodeIgniter\Database\BaseConnection->simpleQuery('SELECT\r\n       ...')
#3 F:\Project\xampp\htdocs\operasional\app\Models\OperationModel.php(62): CodeIgniter\Database\BaseConnection->query('SELECT\r\n       ...')
#4 F:\Project\xampp\htdocs\operasional\app\Controllers\Operation.php(31): App\Models\OperationModel->getOperasional()
#5 F:\Project\xampp\htdocs\operasional\system\CodeIgniter.php(936): App\Controllers\Operation->index()
#6 F:\Project\xampp\htdocs\operasional\system\CodeIgniter.php(432): CodeIgniter\CodeIgniter->runController(Object(App\Controllers\Operation))
#7 F:\Project\xampp\htdocs\operasional\system\CodeIgniter.php(333): CodeIgniter\CodeIgniter->handleRequest(NULL, Object(Config\Cache), false)
#8 F:\Project\xampp\htdocs\operasional\public\index.php(44): CodeIgniter\CodeIgniter->run()
#9 F:\Project\xampp\htdocs\operasional\system\Commands\Server\rewrite.php(45): require_once('F:\\Project\\xamp...')
#10 {main}
