ERROR - 2023-07-10 15:17:21 --> mysqli_sql_exception: Expression #1 of SELECT list is not in GROUP BY clause and contains nonaggregated column 'operasional.c.month_date' which is not functionally dependent on columns in GROUP BY clause; this is incompatible with sql_mode=only_full_group_by in /home/wisnu/Documents/project/operasional/system/Database/MySQLi/Connection.php:314
Stack trace:
#0 /home/wisnu/Documents/project/operasional/system/Database/MySQLi/Connection.php(314): mysqli->query()
#1 /home/wisnu/Documents/project/operasional/system/Database/BaseConnection.php(713): CodeIgniter\Database\MySQLi\Connection->execute()
#2 /home/wisnu/Documents/project/operasional/system/Database/BaseConnection.php(641): CodeIgniter\Database\BaseConnection->simpleQuery()
#3 /home/wisnu/Documents/project/operasional/app/Models/DashboardModel.php(24): CodeIgniter\Database\BaseConnection->query()
#4 /home/wisnu/Documents/project/operasional/app/Controllers/Dashboard.php(25): App\Models\DashboardModel->getPon()
#5 /home/wisnu/Documents/project/operasional/system/CodeIgniter.php(936): App\Controllers\Dashboard->index()
#6 /home/wisnu/Documents/project/operasional/system/CodeIgniter.php(432): CodeIgniter\CodeIgniter->runController()
#7 /home/wisnu/Documents/project/operasional/system/CodeIgniter.php(333): CodeIgniter\CodeIgniter->handleRequest()
#8 /home/wisnu/Documents/project/operasional/public/index.php(44): CodeIgniter\CodeIgniter->run()
#9 /home/wisnu/Documents/project/operasional/system/Commands/Server/rewrite.php(45): require_once('/home/wisnu/Doc...')
#10 {main}
CRITICAL - 2023-07-10 15:17:21 --> Expression #1 of SELECT list is not in GROUP BY clause and contains nonaggregated column 'operasional.c.month_date' which is not functionally dependent on columns in GROUP BY clause; this is incompatible with sql_mode=only_full_group_by
#0 /home/wisnu/Documents/project/operasional/system/Database/MySQLi/Connection.php(314): mysqli->query()
#1 /home/wisnu/Documents/project/operasional/system/Database/BaseConnection.php(713): CodeIgniter\Database\MySQLi\Connection->execute()
#2 /home/wisnu/Documents/project/operasional/system/Database/BaseConnection.php(641): CodeIgniter\Database\BaseConnection->simpleQuery()
#3 /home/wisnu/Documents/project/operasional/app/Models/DashboardModel.php(24): CodeIgniter\Database\BaseConnection->query()
#4 /home/wisnu/Documents/project/operasional/app/Controllers/Dashboard.php(25): App\Models\DashboardModel->getPon()
#5 /home/wisnu/Documents/project/operasional/system/CodeIgniter.php(936): App\Controllers\Dashboard->index()
#6 /home/wisnu/Documents/project/operasional/system/CodeIgniter.php(432): CodeIgniter\CodeIgniter->runController()
#7 /home/wisnu/Documents/project/operasional/system/CodeIgniter.php(333): CodeIgniter\CodeIgniter->handleRequest()
#8 /home/wisnu/Documents/project/operasional/public/index.php(44): CodeIgniter\CodeIgniter->run()
#9 /home/wisnu/Documents/project/operasional/system/Commands/Server/rewrite.php(45): require_once('/home/wisnu/Doc...')
#10 {main}
