CRITICAL - 2023-06-02 20:40:23 --> filter_var(): Passing null to parameter #3 ($options) of type array|int is deprecated
#0 [internal function]: CodeIgniter\Debug\Exceptions->errorHandler()
#1 /home/wisnu/Documents/project/operasional/system/HTTP/RequestTrait.php(326): filter_var()
#2 [internal function]: CodeIgniter\HTTP\Request->CodeIgniter\HTTP\{closure}()
#3 /home/wisnu/Documents/project/operasional/system/HTTP/RequestTrait.php(327): array_walk_recursive()
#4 /home/wisnu/Documents/project/operasional/system/HTTP/RequestTrait.php(195): CodeIgniter\HTTP\Request->fetchGlobal()
#5 /home/wisnu/Documents/project/operasional/system/HTTP/CLIRequest.php(190): CodeIgniter\HTTP\Request->getServer()
#6 /home/wisnu/Documents/project/operasional/system/HTTP/CLIRequest.php(70): CodeIgniter\HTTP\CLIRequest->parseCommand()
#7 /home/wisnu/Documents/project/operasional/system/Config/Services.php(131): CodeIgniter\HTTP\CLIRequest->__construct()
#8 /home/wisnu/Documents/project/operasional/system/Config/BaseService.php(100): CodeIgniter\Config\Services::clirequest()
#9 /home/wisnu/Documents/project/operasional/system/Config/Services.php(126): CodeIgniter\Config\BaseService::getSharedInstance()
#10 /home/wisnu/Documents/project/operasional/system/Config/BaseService.php(171): CodeIgniter\Config\Services::clirequest()
#11 /home/wisnu/Documents/project/operasional/system/CodeIgniter.php(593): CodeIgniter\Config\BaseService::__callStatic()
#12 /home/wisnu/Documents/project/operasional/system/CodeIgniter.php(307): CodeIgniter\CodeIgniter->getRequestObject()
#13 /home/wisnu/Documents/project/operasional/system/CLI/Console.php(61): CodeIgniter\CodeIgniter->run()
#14 /home/wisnu/Documents/project/operasional/spark(66): CodeIgniter\CLI\Console->run()
#15 {main}
CRITICAL - 2023-06-02 20:41:16 --> filter_var(): Passing null to parameter #3 ($options) of type array|int is deprecated
#0 [internal function]: CodeIgniter\Debug\Exceptions->errorHandler()
#1 /home/wisnu/Documents/project/operasional/system/HTTP/RequestTrait.php(326): filter_var()
#2 [internal function]: CodeIgniter\HTTP\Request->CodeIgniter\HTTP\{closure}()
#3 /home/wisnu/Documents/project/operasional/system/HTTP/RequestTrait.php(327): array_walk_recursive()
#4 /home/wisnu/Documents/project/operasional/system/HTTP/RequestTrait.php(195): CodeIgniter\HTTP\Request->fetchGlobal()
#5 /home/wisnu/Documents/project/operasional/system/HTTP/CLIRequest.php(190): CodeIgniter\HTTP\Request->getServer()
#6 /home/wisnu/Documents/project/operasional/system/HTTP/CLIRequest.php(70): CodeIgniter\HTTP\CLIRequest->parseCommand()
#7 /home/wisnu/Documents/project/operasional/system/Config/Services.php(131): CodeIgniter\HTTP\CLIRequest->__construct()
#8 /home/wisnu/Documents/project/operasional/system/Config/BaseService.php(100): CodeIgniter\Config\Services::clirequest()
#9 /home/wisnu/Documents/project/operasional/system/Config/Services.php(126): CodeIgniter\Config\BaseService::getSharedInstance()
#10 /home/wisnu/Documents/project/operasional/system/Config/BaseService.php(171): CodeIgniter\Config\Services::clirequest()
#11 /home/wisnu/Documents/project/operasional/system/CodeIgniter.php(593): CodeIgniter\Config\BaseService::__callStatic()
#12 /home/wisnu/Documents/project/operasional/system/CodeIgniter.php(307): CodeIgniter\CodeIgniter->getRequestObject()
#13 /home/wisnu/Documents/project/operasional/system/CLI/Console.php(61): CodeIgniter\CodeIgniter->run()
#14 /home/wisnu/Documents/project/operasional/spark(66): CodeIgniter\CLI\Console->run()
#15 {main}
