ERROR - 2023-06-08 08:34:54 --> mysqli_sql_exception: Expression #1 of SELECT list is not in GROUP BY clause and contains nonaggregated column 'operasional.c.month_date' which is not functionally dependent on columns in GROUP BY clause; this is incompatible with sql_mode=only_full_group_by in /home/wisnu/Documents/project/operasional/system/Database/MySQLi/Connection.php:314
Stack trace:
#0 /home/wisnu/Documents/project/operasional/system/Database/MySQLi/Connection.php(314): mysqli->query()
#1 /home/wisnu/Documents/project/operasional/system/Database/BaseConnection.php(713): CodeIgniter\Database\MySQLi\Connection->execute()
#2 /home/wisnu/Documents/project/operasional/system/Database/BaseConnection.php(641): CodeIgniter\Database\BaseConnection->simpleQuery()
#3 /home/wisnu/Documents/project/operasional/app/Models/DashboardModel.php(24): CodeIgniter\Database\BaseConnection->query()
#4 /home/wisnu/Documents/project/operasional/app/Controllers/Dashboard.php(25): App\Models\DashboardModel->getPon()
#5 /home/wisnu/Documents/project/operasional/system/CodeIgniter.php(936): App\Controllers\Dashboard->index()
#6 /home/wisnu/Documents/project/operasional/system/CodeIgniter.php(432): CodeIgniter\CodeIgniter->runController()
#7 /home/wisnu/Documents/project/operasional/system/CodeIgniter.php(333): CodeIgniter\CodeIgniter->handleRequest()
#8 /home/wisnu/Documents/project/operasional/public/index.php(44): CodeIgniter\CodeIgniter->run()
#9 /home/wisnu/Documents/project/operasional/system/Commands/Server/rewrite.php(45): require_once('/home/wisnu/Doc...')
#10 {main}
CRITICAL - 2023-06-08 08:34:54 --> Expression #1 of SELECT list is not in GROUP BY clause and contains nonaggregated column 'operasional.c.month_date' which is not functionally dependent on columns in GROUP BY clause; this is incompatible with sql_mode=only_full_group_by
#0 /home/wisnu/Documents/project/operasional/system/Database/MySQLi/Connection.php(314): mysqli->query()
#1 /home/wisnu/Documents/project/operasional/system/Database/BaseConnection.php(713): CodeIgniter\Database\MySQLi\Connection->execute()
#2 /home/wisnu/Documents/project/operasional/system/Database/BaseConnection.php(641): CodeIgniter\Database\BaseConnection->simpleQuery()
#3 /home/wisnu/Documents/project/operasional/app/Models/DashboardModel.php(24): CodeIgniter\Database\BaseConnection->query()
#4 /home/wisnu/Documents/project/operasional/app/Controllers/Dashboard.php(25): App\Models\DashboardModel->getPon()
#5 /home/wisnu/Documents/project/operasional/system/CodeIgniter.php(936): App\Controllers\Dashboard->index()
#6 /home/wisnu/Documents/project/operasional/system/CodeIgniter.php(432): CodeIgniter\CodeIgniter->runController()
#7 /home/wisnu/Documents/project/operasional/system/CodeIgniter.php(333): CodeIgniter\CodeIgniter->handleRequest()
#8 /home/wisnu/Documents/project/operasional/public/index.php(44): CodeIgniter\CodeIgniter->run()
#9 /home/wisnu/Documents/project/operasional/system/Commands/Server/rewrite.php(45): require_once('/home/wisnu/Doc...')
#10 {main}
CRITICAL - 2023-06-08 09:55:40 --> Undefined variable: ahipa
#0 /home/wisnu/Documents/project/operasional/app/Controllers/Ship.php(53): CodeIgniter\Debug\Exceptions->errorHandler()
#1 /home/wisnu/Documents/project/operasional/system/CodeIgniter.php(936): App\Controllers\Ship->save()
#2 /home/wisnu/Documents/project/operasional/system/CodeIgniter.php(432): CodeIgniter\CodeIgniter->runController()
#3 /home/wisnu/Documents/project/operasional/system/CodeIgniter.php(333): CodeIgniter\CodeIgniter->handleRequest()
#4 /home/wisnu/Documents/project/operasional/public/index.php(44): CodeIgniter\CodeIgniter->run()
#5 /home/wisnu/Documents/project/operasional/system/Commands/Server/rewrite.php(45): require_once('/home/wisnu/Doc...')
#6 {main}
CRITICAL - 2023-06-08 10:09:28 --> Trying to access array offset on value of type null
#0 /home/wisnu/Documents/project/operasional/app/Views/apps/schedule/edit.php(44): CodeIgniter\Debug\Exceptions->errorHandler()
#1 /home/wisnu/Documents/project/operasional/system/View/View.php(220): include('/home/wisnu/Doc...')
#2 /home/wisnu/Documents/project/operasional/system/View/View.php(222): CodeIgniter\View\View->CodeIgniter\View\{closure}()
#3 /home/wisnu/Documents/project/operasional/system/Common.php(1217): CodeIgniter\View\View->render()
#4 /home/wisnu/Documents/project/operasional/app/Controllers/Schedule.php(80): view()
#5 /home/wisnu/Documents/project/operasional/system/CodeIgniter.php(936): App\Controllers\Schedule->edit()
#6 /home/wisnu/Documents/project/operasional/system/CodeIgniter.php(432): CodeIgniter\CodeIgniter->runController()
#7 /home/wisnu/Documents/project/operasional/system/CodeIgniter.php(333): CodeIgniter\CodeIgniter->handleRequest()
#8 /home/wisnu/Documents/project/operasional/public/index.php(44): CodeIgniter\CodeIgniter->run()
#9 /home/wisnu/Documents/project/operasional/system/Commands/Server/rewrite.php(45): require_once('/home/wisnu/Doc...')
#10 {main}
CRITICAL - 2023-06-08 10:09:40 --> Trying to access array offset on value of type null
#0 /home/wisnu/Documents/project/operasional/app/Views/apps/schedule/edit.php(44): CodeIgniter\Debug\Exceptions->errorHandler()
#1 /home/wisnu/Documents/project/operasional/system/View/View.php(220): include('/home/wisnu/Doc...')
#2 /home/wisnu/Documents/project/operasional/system/View/View.php(222): CodeIgniter\View\View->CodeIgniter\View\{closure}()
#3 /home/wisnu/Documents/project/operasional/system/Common.php(1217): CodeIgniter\View\View->render()
#4 /home/wisnu/Documents/project/operasional/app/Controllers/Schedule.php(80): view()
#5 /home/wisnu/Documents/project/operasional/system/CodeIgniter.php(936): App\Controllers\Schedule->edit()
#6 /home/wisnu/Documents/project/operasional/system/CodeIgniter.php(432): CodeIgniter\CodeIgniter->runController()
#7 /home/wisnu/Documents/project/operasional/system/CodeIgniter.php(333): CodeIgniter\CodeIgniter->handleRequest()
#8 /home/wisnu/Documents/project/operasional/public/index.php(44): CodeIgniter\CodeIgniter->run()
#9 /home/wisnu/Documents/project/operasional/system/Commands/Server/rewrite.php(45): require_once('/home/wisnu/Doc...')
#10 {main}
CRITICAL - 2023-06-08 10:09:50 --> Trying to access array offset on value of type null
#0 /home/wisnu/Documents/project/operasional/app/Views/apps/schedule/edit.php(44): CodeIgniter\Debug\Exceptions->errorHandler()
#1 /home/wisnu/Documents/project/operasional/system/View/View.php(220): include('/home/wisnu/Doc...')
#2 /home/wisnu/Documents/project/operasional/system/View/View.php(222): CodeIgniter\View\View->CodeIgniter\View\{closure}()
#3 /home/wisnu/Documents/project/operasional/system/Common.php(1217): CodeIgniter\View\View->render()
#4 /home/wisnu/Documents/project/operasional/app/Controllers/Schedule.php(80): view()
#5 /home/wisnu/Documents/project/operasional/system/CodeIgniter.php(936): App\Controllers\Schedule->edit()
#6 /home/wisnu/Documents/project/operasional/system/CodeIgniter.php(432): CodeIgniter\CodeIgniter->runController()
#7 /home/wisnu/Documents/project/operasional/system/CodeIgniter.php(333): CodeIgniter\CodeIgniter->handleRequest()
#8 /home/wisnu/Documents/project/operasional/public/index.php(44): CodeIgniter\CodeIgniter->run()
#9 /home/wisnu/Documents/project/operasional/system/Commands/Server/rewrite.php(45): require_once('/home/wisnu/Doc...')
#10 {main}
CRITICAL - 2023-06-08 10:09:54 --> Trying to access array offset on value of type null
#0 /home/wisnu/Documents/project/operasional/app/Views/apps/schedule/edit.php(44): CodeIgniter\Debug\Exceptions->errorHandler()
#1 /home/wisnu/Documents/project/operasional/system/View/View.php(220): include('/home/wisnu/Doc...')
#2 /home/wisnu/Documents/project/operasional/system/View/View.php(222): CodeIgniter\View\View->CodeIgniter\View\{closure}()
#3 /home/wisnu/Documents/project/operasional/system/Common.php(1217): CodeIgniter\View\View->render()
#4 /home/wisnu/Documents/project/operasional/app/Controllers/Schedule.php(80): view()
#5 /home/wisnu/Documents/project/operasional/system/CodeIgniter.php(936): App\Controllers\Schedule->edit()
#6 /home/wisnu/Documents/project/operasional/system/CodeIgniter.php(432): CodeIgniter\CodeIgniter->runController()
#7 /home/wisnu/Documents/project/operasional/system/CodeIgniter.php(333): CodeIgniter\CodeIgniter->handleRequest()
#8 /home/wisnu/Documents/project/operasional/public/index.php(44): CodeIgniter\CodeIgniter->run()
#9 /home/wisnu/Documents/project/operasional/system/Commands/Server/rewrite.php(45): require_once('/home/wisnu/Doc...')
#10 {main}
CRITICAL - 2023-06-08 10:09:55 --> Trying to access array offset on value of type null
#0 /home/wisnu/Documents/project/operasional/app/Views/apps/schedule/edit.php(44): CodeIgniter\Debug\Exceptions->errorHandler()
#1 /home/wisnu/Documents/project/operasional/system/View/View.php(220): include('/home/wisnu/Doc...')
#2 /home/wisnu/Documents/project/operasional/system/View/View.php(222): CodeIgniter\View\View->CodeIgniter\View\{closure}()
#3 /home/wisnu/Documents/project/operasional/system/Common.php(1217): CodeIgniter\View\View->render()
#4 /home/wisnu/Documents/project/operasional/app/Controllers/Schedule.php(80): view()
#5 /home/wisnu/Documents/project/operasional/system/CodeIgniter.php(936): App\Controllers\Schedule->edit()
#6 /home/wisnu/Documents/project/operasional/system/CodeIgniter.php(432): CodeIgniter\CodeIgniter->runController()
#7 /home/wisnu/Documents/project/operasional/system/CodeIgniter.php(333): CodeIgniter\CodeIgniter->handleRequest()
#8 /home/wisnu/Documents/project/operasional/public/index.php(44): CodeIgniter\CodeIgniter->run()
#9 /home/wisnu/Documents/project/operasional/system/Commands/Server/rewrite.php(45): require_once('/home/wisnu/Doc...')
#10 {main}
CRITICAL - 2023-06-08 10:10:18 --> Trying to access array offset on value of type null
#0 /home/wisnu/Documents/project/operasional/app/Views/apps/schedule/edit.php(44): CodeIgniter\Debug\Exceptions->errorHandler()
#1 /home/wisnu/Documents/project/operasional/system/View/View.php(220): include('/home/wisnu/Doc...')
#2 /home/wisnu/Documents/project/operasional/system/View/View.php(222): CodeIgniter\View\View->CodeIgniter\View\{closure}()
#3 /home/wisnu/Documents/project/operasional/system/Common.php(1217): CodeIgniter\View\View->render()
#4 /home/wisnu/Documents/project/operasional/app/Controllers/Schedule.php(80): view()
#5 /home/wisnu/Documents/project/operasional/system/CodeIgniter.php(936): App\Controllers\Schedule->edit()
#6 /home/wisnu/Documents/project/operasional/system/CodeIgniter.php(432): CodeIgniter\CodeIgniter->runController()
#7 /home/wisnu/Documents/project/operasional/system/CodeIgniter.php(333): CodeIgniter\CodeIgniter->handleRequest()
#8 /home/wisnu/Documents/project/operasional/public/index.php(44): CodeIgniter\CodeIgniter->run()
#9 /home/wisnu/Documents/project/operasional/system/Commands/Server/rewrite.php(45): require_once('/home/wisnu/Doc...')
#10 {main}
CRITICAL - 2023-06-08 10:10:41 --> Trying to access array offset on value of type null
#0 /home/wisnu/Documents/project/operasional/app/Views/apps/ship/edit.php(48): CodeIgniter\Debug\Exceptions->errorHandler()
#1 /home/wisnu/Documents/project/operasional/system/View/View.php(220): include('/home/wisnu/Doc...')
#2 /home/wisnu/Documents/project/operasional/system/View/View.php(222): CodeIgniter\View\View->CodeIgniter\View\{closure}()
#3 /home/wisnu/Documents/project/operasional/system/Common.php(1217): CodeIgniter\View\View->render()
#4 /home/wisnu/Documents/project/operasional/app/Controllers/Ship.php(89): view()
#5 /home/wisnu/Documents/project/operasional/system/CodeIgniter.php(936): App\Controllers\Ship->edit()
#6 /home/wisnu/Documents/project/operasional/system/CodeIgniter.php(432): CodeIgniter\CodeIgniter->runController()
#7 /home/wisnu/Documents/project/operasional/system/CodeIgniter.php(333): CodeIgniter\CodeIgniter->handleRequest()
#8 /home/wisnu/Documents/project/operasional/public/index.php(44): CodeIgniter\CodeIgniter->run()
#9 /home/wisnu/Documents/project/operasional/system/Commands/Server/rewrite.php(45): require_once('/home/wisnu/Doc...')
#10 {main}
CRITICAL - 2023-06-08 10:17:57 --> Trying to access array offset on value of type null
#0 /home/wisnu/Documents/project/operasional/app/Views/apps/ship/edit.php(48): CodeIgniter\Debug\Exceptions->errorHandler()
#1 /home/wisnu/Documents/project/operasional/system/View/View.php(220): include('/home/wisnu/Doc...')
#2 /home/wisnu/Documents/project/operasional/system/View/View.php(222): CodeIgniter\View\View->CodeIgniter\View\{closure}()
#3 /home/wisnu/Documents/project/operasional/system/Common.php(1217): CodeIgniter\View\View->render()
#4 /home/wisnu/Documents/project/operasional/app/Controllers/Ship.php(89): view()
#5 /home/wisnu/Documents/project/operasional/system/CodeIgniter.php(936): App\Controllers\Ship->edit()
#6 /home/wisnu/Documents/project/operasional/system/CodeIgniter.php(432): CodeIgniter\CodeIgniter->runController()
#7 /home/wisnu/Documents/project/operasional/system/CodeIgniter.php(333): CodeIgniter\CodeIgniter->handleRequest()
#8 /home/wisnu/Documents/project/operasional/public/index.php(44): CodeIgniter\CodeIgniter->run()
#9 /home/wisnu/Documents/project/operasional/system/Commands/Server/rewrite.php(45): require_once('/home/wisnu/Doc...')
#10 {main}
CRITICAL - 2023-06-08 10:17:57 --> Trying to access array offset on value of type null
#0 /home/wisnu/Documents/project/operasional/app/Views/apps/ship/edit.php(48): CodeIgniter\Debug\Exceptions->errorHandler()
#1 /home/wisnu/Documents/project/operasional/system/View/View.php(220): include('/home/wisnu/Doc...')
#2 /home/wisnu/Documents/project/operasional/system/View/View.php(222): CodeIgniter\View\View->CodeIgniter\View\{closure}()
#3 /home/wisnu/Documents/project/operasional/system/Common.php(1217): CodeIgniter\View\View->render()
#4 /home/wisnu/Documents/project/operasional/app/Controllers/Ship.php(89): view()
#5 /home/wisnu/Documents/project/operasional/system/CodeIgniter.php(936): App\Controllers\Ship->edit()
#6 /home/wisnu/Documents/project/operasional/system/CodeIgniter.php(432): CodeIgniter\CodeIgniter->runController()
#7 /home/wisnu/Documents/project/operasional/system/CodeIgniter.php(333): CodeIgniter\CodeIgniter->handleRequest()
#8 /home/wisnu/Documents/project/operasional/public/index.php(44): CodeIgniter\CodeIgniter->run()
#9 /home/wisnu/Documents/project/operasional/system/Commands/Server/rewrite.php(45): require_once('/home/wisnu/Doc...')
#10 {main}
CRITICAL - 2023-06-08 10:17:57 --> Trying to access array offset on value of type null
#0 /home/wisnu/Documents/project/operasional/app/Views/apps/ship/edit.php(48): CodeIgniter\Debug\Exceptions->errorHandler()
#1 /home/wisnu/Documents/project/operasional/system/View/View.php(220): include('/home/wisnu/Doc...')
#2 /home/wisnu/Documents/project/operasional/system/View/View.php(222): CodeIgniter\View\View->CodeIgniter\View\{closure}()
#3 /home/wisnu/Documents/project/operasional/system/Common.php(1217): CodeIgniter\View\View->render()
#4 /home/wisnu/Documents/project/operasional/app/Controllers/Ship.php(89): view()
#5 /home/wisnu/Documents/project/operasional/system/CodeIgniter.php(936): App\Controllers\Ship->edit()
#6 /home/wisnu/Documents/project/operasional/system/CodeIgniter.php(432): CodeIgniter\CodeIgniter->runController()
#7 /home/wisnu/Documents/project/operasional/system/CodeIgniter.php(333): CodeIgniter\CodeIgniter->handleRequest()
#8 /home/wisnu/Documents/project/operasional/public/index.php(44): CodeIgniter\CodeIgniter->run()
#9 /home/wisnu/Documents/project/operasional/system/Commands/Server/rewrite.php(45): require_once('/home/wisnu/Doc...')
#10 {main}
CRITICAL - 2023-06-08 10:17:57 --> Trying to access array offset on value of type null
#0 /home/wisnu/Documents/project/operasional/app/Views/apps/ship/edit.php(48): CodeIgniter\Debug\Exceptions->errorHandler()
#1 /home/wisnu/Documents/project/operasional/system/View/View.php(220): include('/home/wisnu/Doc...')
#2 /home/wisnu/Documents/project/operasional/system/View/View.php(222): CodeIgniter\View\View->CodeIgniter\View\{closure}()
#3 /home/wisnu/Documents/project/operasional/system/Common.php(1217): CodeIgniter\View\View->render()
#4 /home/wisnu/Documents/project/operasional/app/Controllers/Ship.php(89): view()
#5 /home/wisnu/Documents/project/operasional/system/CodeIgniter.php(936): App\Controllers\Ship->edit()
#6 /home/wisnu/Documents/project/operasional/system/CodeIgniter.php(432): CodeIgniter\CodeIgniter->runController()
#7 /home/wisnu/Documents/project/operasional/system/CodeIgniter.php(333): CodeIgniter\CodeIgniter->handleRequest()
#8 /home/wisnu/Documents/project/operasional/public/index.php(44): CodeIgniter\CodeIgniter->run()
#9 /home/wisnu/Documents/project/operasional/system/Commands/Server/rewrite.php(45): require_once('/home/wisnu/Doc...')
#10 {main}
CRITICAL - 2023-06-08 10:17:58 --> Trying to access array offset on value of type null
#0 /home/wisnu/Documents/project/operasional/app/Views/apps/ship/edit.php(48): CodeIgniter\Debug\Exceptions->errorHandler()
#1 /home/wisnu/Documents/project/operasional/system/View/View.php(220): include('/home/wisnu/Doc...')
#2 /home/wisnu/Documents/project/operasional/system/View/View.php(222): CodeIgniter\View\View->CodeIgniter\View\{closure}()
#3 /home/wisnu/Documents/project/operasional/system/Common.php(1217): CodeIgniter\View\View->render()
#4 /home/wisnu/Documents/project/operasional/app/Controllers/Ship.php(89): view()
#5 /home/wisnu/Documents/project/operasional/system/CodeIgniter.php(936): App\Controllers\Ship->edit()
#6 /home/wisnu/Documents/project/operasional/system/CodeIgniter.php(432): CodeIgniter\CodeIgniter->runController()
#7 /home/wisnu/Documents/project/operasional/system/CodeIgniter.php(333): CodeIgniter\CodeIgniter->handleRequest()
#8 /home/wisnu/Documents/project/operasional/public/index.php(44): CodeIgniter\CodeIgniter->run()
#9 /home/wisnu/Documents/project/operasional/system/Commands/Server/rewrite.php(45): require_once('/home/wisnu/Doc...')
#10 {main}
CRITICAL - 2023-06-08 10:17:58 --> Trying to access array offset on value of type null
#0 /home/wisnu/Documents/project/operasional/app/Views/apps/ship/edit.php(48): CodeIgniter\Debug\Exceptions->errorHandler()
#1 /home/wisnu/Documents/project/operasional/system/View/View.php(220): include('/home/wisnu/Doc...')
#2 /home/wisnu/Documents/project/operasional/system/View/View.php(222): CodeIgniter\View\View->CodeIgniter\View\{closure}()
#3 /home/wisnu/Documents/project/operasional/system/Common.php(1217): CodeIgniter\View\View->render()
#4 /home/wisnu/Documents/project/operasional/app/Controllers/Ship.php(89): view()
#5 /home/wisnu/Documents/project/operasional/system/CodeIgniter.php(936): App\Controllers\Ship->edit()
#6 /home/wisnu/Documents/project/operasional/system/CodeIgniter.php(432): CodeIgniter\CodeIgniter->runController()
#7 /home/wisnu/Documents/project/operasional/system/CodeIgniter.php(333): CodeIgniter\CodeIgniter->handleRequest()
#8 /home/wisnu/Documents/project/operasional/public/index.php(44): CodeIgniter\CodeIgniter->run()
#9 /home/wisnu/Documents/project/operasional/system/Commands/Server/rewrite.php(45): require_once('/home/wisnu/Doc...')
#10 {main}
CRITICAL - 2023-06-08 10:17:58 --> Trying to access array offset on value of type null
#0 /home/wisnu/Documents/project/operasional/app/Views/apps/ship/edit.php(48): CodeIgniter\Debug\Exceptions->errorHandler()
#1 /home/wisnu/Documents/project/operasional/system/View/View.php(220): include('/home/wisnu/Doc...')
#2 /home/wisnu/Documents/project/operasional/system/View/View.php(222): CodeIgniter\View\View->CodeIgniter\View\{closure}()
#3 /home/wisnu/Documents/project/operasional/system/Common.php(1217): CodeIgniter\View\View->render()
#4 /home/wisnu/Documents/project/operasional/app/Controllers/Ship.php(89): view()
#5 /home/wisnu/Documents/project/operasional/system/CodeIgniter.php(936): App\Controllers\Ship->edit()
#6 /home/wisnu/Documents/project/operasional/system/CodeIgniter.php(432): CodeIgniter\CodeIgniter->runController()
#7 /home/wisnu/Documents/project/operasional/system/CodeIgniter.php(333): CodeIgniter\CodeIgniter->handleRequest()
#8 /home/wisnu/Documents/project/operasional/public/index.php(44): CodeIgniter\CodeIgniter->run()
#9 /home/wisnu/Documents/project/operasional/system/Commands/Server/rewrite.php(45): require_once('/home/wisnu/Doc...')
#10 {main}
CRITICAL - 2023-06-08 10:18:06 --> Trying to access array offset on value of type null
#0 /home/wisnu/Documents/project/operasional/app/Views/apps/ship/edit.php(48): CodeIgniter\Debug\Exceptions->errorHandler()
#1 /home/wisnu/Documents/project/operasional/system/View/View.php(220): include('/home/wisnu/Doc...')
#2 /home/wisnu/Documents/project/operasional/system/View/View.php(222): CodeIgniter\View\View->CodeIgniter\View\{closure}()
#3 /home/wisnu/Documents/project/operasional/system/Common.php(1217): CodeIgniter\View\View->render()
#4 /home/wisnu/Documents/project/operasional/app/Controllers/Ship.php(89): view()
#5 /home/wisnu/Documents/project/operasional/system/CodeIgniter.php(936): App\Controllers\Ship->edit()
#6 /home/wisnu/Documents/project/operasional/system/CodeIgniter.php(432): CodeIgniter\CodeIgniter->runController()
#7 /home/wisnu/Documents/project/operasional/system/CodeIgniter.php(333): CodeIgniter\CodeIgniter->handleRequest()
#8 /home/wisnu/Documents/project/operasional/public/index.php(44): CodeIgniter\CodeIgniter->run()
#9 /home/wisnu/Documents/project/operasional/system/Commands/Server/rewrite.php(45): require_once('/home/wisnu/Doc...')
#10 {main}
CRITICAL - 2023-06-08 10:18:15 --> Trying to access array offset on value of type null
#0 /home/wisnu/Documents/project/operasional/app/Views/apps/ship/edit.php(48): CodeIgniter\Debug\Exceptions->errorHandler()
#1 /home/wisnu/Documents/project/operasional/system/View/View.php(220): include('/home/wisnu/Doc...')
#2 /home/wisnu/Documents/project/operasional/system/View/View.php(222): CodeIgniter\View\View->CodeIgniter\View\{closure}()
#3 /home/wisnu/Documents/project/operasional/system/Common.php(1217): CodeIgniter\View\View->render()
#4 /home/wisnu/Documents/project/operasional/app/Controllers/Ship.php(89): view()
#5 /home/wisnu/Documents/project/operasional/system/CodeIgniter.php(936): App\Controllers\Ship->edit()
#6 /home/wisnu/Documents/project/operasional/system/CodeIgniter.php(432): CodeIgniter\CodeIgniter->runController()
#7 /home/wisnu/Documents/project/operasional/system/CodeIgniter.php(333): CodeIgniter\CodeIgniter->handleRequest()
#8 /home/wisnu/Documents/project/operasional/public/index.php(44): CodeIgniter\CodeIgniter->run()
#9 /home/wisnu/Documents/project/operasional/system/Commands/Server/rewrite.php(45): require_once('/home/wisnu/Doc...')
#10 {main}
CRITICAL - 2023-06-08 10:18:15 --> Trying to access array offset on value of type null
#0 /home/wisnu/Documents/project/operasional/app/Views/apps/ship/edit.php(48): CodeIgniter\Debug\Exceptions->errorHandler()
#1 /home/wisnu/Documents/project/operasional/system/View/View.php(220): include('/home/wisnu/Doc...')
#2 /home/wisnu/Documents/project/operasional/system/View/View.php(222): CodeIgniter\View\View->CodeIgniter\View\{closure}()
#3 /home/wisnu/Documents/project/operasional/system/Common.php(1217): CodeIgniter\View\View->render()
#4 /home/wisnu/Documents/project/operasional/app/Controllers/Ship.php(89): view()
#5 /home/wisnu/Documents/project/operasional/system/CodeIgniter.php(936): App\Controllers\Ship->edit()
#6 /home/wisnu/Documents/project/operasional/system/CodeIgniter.php(432): CodeIgniter\CodeIgniter->runController()
#7 /home/wisnu/Documents/project/operasional/system/CodeIgniter.php(333): CodeIgniter\CodeIgniter->handleRequest()
#8 /home/wisnu/Documents/project/operasional/public/index.php(44): CodeIgniter\CodeIgniter->run()
#9 /home/wisnu/Documents/project/operasional/system/Commands/Server/rewrite.php(45): require_once('/home/wisnu/Doc...')
#10 {main}
CRITICAL - 2023-06-08 10:18:15 --> Trying to access array offset on value of type null
#0 /home/wisnu/Documents/project/operasional/app/Views/apps/ship/edit.php(48): CodeIgniter\Debug\Exceptions->errorHandler()
#1 /home/wisnu/Documents/project/operasional/system/View/View.php(220): include('/home/wisnu/Doc...')
#2 /home/wisnu/Documents/project/operasional/system/View/View.php(222): CodeIgniter\View\View->CodeIgniter\View\{closure}()
#3 /home/wisnu/Documents/project/operasional/system/Common.php(1217): CodeIgniter\View\View->render()
#4 /home/wisnu/Documents/project/operasional/app/Controllers/Ship.php(89): view()
#5 /home/wisnu/Documents/project/operasional/system/CodeIgniter.php(936): App\Controllers\Ship->edit()
#6 /home/wisnu/Documents/project/operasional/system/CodeIgniter.php(432): CodeIgniter\CodeIgniter->runController()
#7 /home/wisnu/Documents/project/operasional/system/CodeIgniter.php(333): CodeIgniter\CodeIgniter->handleRequest()
#8 /home/wisnu/Documents/project/operasional/public/index.php(44): CodeIgniter\CodeIgniter->run()
#9 /home/wisnu/Documents/project/operasional/system/Commands/Server/rewrite.php(45): require_once('/home/wisnu/Doc...')
#10 {main}
CRITICAL - 2023-06-08 10:18:15 --> Trying to access array offset on value of type null
#0 /home/wisnu/Documents/project/operasional/app/Views/apps/ship/edit.php(48): CodeIgniter\Debug\Exceptions->errorHandler()
#1 /home/wisnu/Documents/project/operasional/system/View/View.php(220): include('/home/wisnu/Doc...')
#2 /home/wisnu/Documents/project/operasional/system/View/View.php(222): CodeIgniter\View\View->CodeIgniter\View\{closure}()
#3 /home/wisnu/Documents/project/operasional/system/Common.php(1217): CodeIgniter\View\View->render()
#4 /home/wisnu/Documents/project/operasional/app/Controllers/Ship.php(89): view()
#5 /home/wisnu/Documents/project/operasional/system/CodeIgniter.php(936): App\Controllers\Ship->edit()
#6 /home/wisnu/Documents/project/operasional/system/CodeIgniter.php(432): CodeIgniter\CodeIgniter->runController()
#7 /home/wisnu/Documents/project/operasional/system/CodeIgniter.php(333): CodeIgniter\CodeIgniter->handleRequest()
#8 /home/wisnu/Documents/project/operasional/public/index.php(44): CodeIgniter\CodeIgniter->run()
#9 /home/wisnu/Documents/project/operasional/system/Commands/Server/rewrite.php(45): require_once('/home/wisnu/Doc...')
#10 {main}
CRITICAL - 2023-06-08 10:18:15 --> Trying to access array offset on value of type null
#0 /home/wisnu/Documents/project/operasional/app/Views/apps/ship/edit.php(48): CodeIgniter\Debug\Exceptions->errorHandler()
#1 /home/wisnu/Documents/project/operasional/system/View/View.php(220): include('/home/wisnu/Doc...')
#2 /home/wisnu/Documents/project/operasional/system/View/View.php(222): CodeIgniter\View\View->CodeIgniter\View\{closure}()
#3 /home/wisnu/Documents/project/operasional/system/Common.php(1217): CodeIgniter\View\View->render()
#4 /home/wisnu/Documents/project/operasional/app/Controllers/Ship.php(89): view()
#5 /home/wisnu/Documents/project/operasional/system/CodeIgniter.php(936): App\Controllers\Ship->edit()
#6 /home/wisnu/Documents/project/operasional/system/CodeIgniter.php(432): CodeIgniter\CodeIgniter->runController()
#7 /home/wisnu/Documents/project/operasional/system/CodeIgniter.php(333): CodeIgniter\CodeIgniter->handleRequest()
#8 /home/wisnu/Documents/project/operasional/public/index.php(44): CodeIgniter\CodeIgniter->run()
#9 /home/wisnu/Documents/project/operasional/system/Commands/Server/rewrite.php(45): require_once('/home/wisnu/Doc...')
#10 {main}
CRITICAL - 2023-06-08 10:18:15 --> Trying to access array offset on value of type null
#0 /home/wisnu/Documents/project/operasional/app/Views/apps/ship/edit.php(48): CodeIgniter\Debug\Exceptions->errorHandler()
#1 /home/wisnu/Documents/project/operasional/system/View/View.php(220): include('/home/wisnu/Doc...')
#2 /home/wisnu/Documents/project/operasional/system/View/View.php(222): CodeIgniter\View\View->CodeIgniter\View\{closure}()
#3 /home/wisnu/Documents/project/operasional/system/Common.php(1217): CodeIgniter\View\View->render()
#4 /home/wisnu/Documents/project/operasional/app/Controllers/Ship.php(89): view()
#5 /home/wisnu/Documents/project/operasional/system/CodeIgniter.php(936): App\Controllers\Ship->edit()
#6 /home/wisnu/Documents/project/operasional/system/CodeIgniter.php(432): CodeIgniter\CodeIgniter->runController()
#7 /home/wisnu/Documents/project/operasional/system/CodeIgniter.php(333): CodeIgniter\CodeIgniter->handleRequest()
#8 /home/wisnu/Documents/project/operasional/public/index.php(44): CodeIgniter\CodeIgniter->run()
#9 /home/wisnu/Documents/project/operasional/system/Commands/Server/rewrite.php(45): require_once('/home/wisnu/Doc...')
#10 {main}
CRITICAL - 2023-06-08 10:18:15 --> Trying to access array offset on value of type null
#0 /home/wisnu/Documents/project/operasional/app/Views/apps/ship/edit.php(48): CodeIgniter\Debug\Exceptions->errorHandler()
#1 /home/wisnu/Documents/project/operasional/system/View/View.php(220): include('/home/wisnu/Doc...')
#2 /home/wisnu/Documents/project/operasional/system/View/View.php(222): CodeIgniter\View\View->CodeIgniter\View\{closure}()
#3 /home/wisnu/Documents/project/operasional/system/Common.php(1217): CodeIgniter\View\View->render()
#4 /home/wisnu/Documents/project/operasional/app/Controllers/Ship.php(89): view()
#5 /home/wisnu/Documents/project/operasional/system/CodeIgniter.php(936): App\Controllers\Ship->edit()
#6 /home/wisnu/Documents/project/operasional/system/CodeIgniter.php(432): CodeIgniter\CodeIgniter->runController()
#7 /home/wisnu/Documents/project/operasional/system/CodeIgniter.php(333): CodeIgniter\CodeIgniter->handleRequest()
#8 /home/wisnu/Documents/project/operasional/public/index.php(44): CodeIgniter\CodeIgniter->run()
#9 /home/wisnu/Documents/project/operasional/system/Commands/Server/rewrite.php(45): require_once('/home/wisnu/Doc...')
#10 {main}
CRITICAL - 2023-06-08 10:18:21 --> Trying to access array offset on value of type null
#0 /home/wisnu/Documents/project/operasional/app/Views/apps/ship/edit.php(48): CodeIgniter\Debug\Exceptions->errorHandler()
#1 /home/wisnu/Documents/project/operasional/system/View/View.php(220): include('/home/wisnu/Doc...')
#2 /home/wisnu/Documents/project/operasional/system/View/View.php(222): CodeIgniter\View\View->CodeIgniter\View\{closure}()
#3 /home/wisnu/Documents/project/operasional/system/Common.php(1217): CodeIgniter\View\View->render()
#4 /home/wisnu/Documents/project/operasional/app/Controllers/Ship.php(89): view()
#5 /home/wisnu/Documents/project/operasional/system/CodeIgniter.php(936): App\Controllers\Ship->edit()
#6 /home/wisnu/Documents/project/operasional/system/CodeIgniter.php(432): CodeIgniter\CodeIgniter->runController()
#7 /home/wisnu/Documents/project/operasional/system/CodeIgniter.php(333): CodeIgniter\CodeIgniter->handleRequest()
#8 /home/wisnu/Documents/project/operasional/public/index.php(44): CodeIgniter\CodeIgniter->run()
#9 /home/wisnu/Documents/project/operasional/system/Commands/Server/rewrite.php(45): require_once('/home/wisnu/Doc...')
#10 {main}
CRITICAL - 2023-06-08 10:18:21 --> Trying to access array offset on value of type null
#0 /home/wisnu/Documents/project/operasional/app/Views/apps/ship/edit.php(48): CodeIgniter\Debug\Exceptions->errorHandler()
#1 /home/wisnu/Documents/project/operasional/system/View/View.php(220): include('/home/wisnu/Doc...')
#2 /home/wisnu/Documents/project/operasional/system/View/View.php(222): CodeIgniter\View\View->CodeIgniter\View\{closure}()
#3 /home/wisnu/Documents/project/operasional/system/Common.php(1217): CodeIgniter\View\View->render()
#4 /home/wisnu/Documents/project/operasional/app/Controllers/Ship.php(89): view()
#5 /home/wisnu/Documents/project/operasional/system/CodeIgniter.php(936): App\Controllers\Ship->edit()
#6 /home/wisnu/Documents/project/operasional/system/CodeIgniter.php(432): CodeIgniter\CodeIgniter->runController()
#7 /home/wisnu/Documents/project/operasional/system/CodeIgniter.php(333): CodeIgniter\CodeIgniter->handleRequest()
#8 /home/wisnu/Documents/project/operasional/public/index.php(44): CodeIgniter\CodeIgniter->run()
#9 /home/wisnu/Documents/project/operasional/system/Commands/Server/rewrite.php(45): require_once('/home/wisnu/Doc...')
#10 {main}
CRITICAL - 2023-06-08 10:18:21 --> Trying to access array offset on value of type null
#0 /home/wisnu/Documents/project/operasional/app/Views/apps/ship/edit.php(48): CodeIgniter\Debug\Exceptions->errorHandler()
#1 /home/wisnu/Documents/project/operasional/system/View/View.php(220): include('/home/wisnu/Doc...')
#2 /home/wisnu/Documents/project/operasional/system/View/View.php(222): CodeIgniter\View\View->CodeIgniter\View\{closure}()
#3 /home/wisnu/Documents/project/operasional/system/Common.php(1217): CodeIgniter\View\View->render()
#4 /home/wisnu/Documents/project/operasional/app/Controllers/Ship.php(89): view()
#5 /home/wisnu/Documents/project/operasional/system/CodeIgniter.php(936): App\Controllers\Ship->edit()
#6 /home/wisnu/Documents/project/operasional/system/CodeIgniter.php(432): CodeIgniter\CodeIgniter->runController()
#7 /home/wisnu/Documents/project/operasional/system/CodeIgniter.php(333): CodeIgniter\CodeIgniter->handleRequest()
#8 /home/wisnu/Documents/project/operasional/public/index.php(44): CodeIgniter\CodeIgniter->run()
#9 /home/wisnu/Documents/project/operasional/system/Commands/Server/rewrite.php(45): require_once('/home/wisnu/Doc...')
#10 {main}
CRITICAL - 2023-06-08 10:18:21 --> Trying to access array offset on value of type null
#0 /home/wisnu/Documents/project/operasional/app/Views/apps/ship/edit.php(48): CodeIgniter\Debug\Exceptions->errorHandler()
#1 /home/wisnu/Documents/project/operasional/system/View/View.php(220): include('/home/wisnu/Doc...')
#2 /home/wisnu/Documents/project/operasional/system/View/View.php(222): CodeIgniter\View\View->CodeIgniter\View\{closure}()
#3 /home/wisnu/Documents/project/operasional/system/Common.php(1217): CodeIgniter\View\View->render()
#4 /home/wisnu/Documents/project/operasional/app/Controllers/Ship.php(89): view()
#5 /home/wisnu/Documents/project/operasional/system/CodeIgniter.php(936): App\Controllers\Ship->edit()
#6 /home/wisnu/Documents/project/operasional/system/CodeIgniter.php(432): CodeIgniter\CodeIgniter->runController()
#7 /home/wisnu/Documents/project/operasional/system/CodeIgniter.php(333): CodeIgniter\CodeIgniter->handleRequest()
#8 /home/wisnu/Documents/project/operasional/public/index.php(44): CodeIgniter\CodeIgniter->run()
#9 /home/wisnu/Documents/project/operasional/system/Commands/Server/rewrite.php(45): require_once('/home/wisnu/Doc...')
#10 {main}
CRITICAL - 2023-06-08 10:18:21 --> Trying to access array offset on value of type null
#0 /home/wisnu/Documents/project/operasional/app/Views/apps/ship/edit.php(48): CodeIgniter\Debug\Exceptions->errorHandler()
#1 /home/wisnu/Documents/project/operasional/system/View/View.php(220): include('/home/wisnu/Doc...')
#2 /home/wisnu/Documents/project/operasional/system/View/View.php(222): CodeIgniter\View\View->CodeIgniter\View\{closure}()
#3 /home/wisnu/Documents/project/operasional/system/Common.php(1217): CodeIgniter\View\View->render()
#4 /home/wisnu/Documents/project/operasional/app/Controllers/Ship.php(89): view()
#5 /home/wisnu/Documents/project/operasional/system/CodeIgniter.php(936): App\Controllers\Ship->edit()
#6 /home/wisnu/Documents/project/operasional/system/CodeIgniter.php(432): CodeIgniter\CodeIgniter->runController()
#7 /home/wisnu/Documents/project/operasional/system/CodeIgniter.php(333): CodeIgniter\CodeIgniter->handleRequest()
#8 /home/wisnu/Documents/project/operasional/public/index.php(44): CodeIgniter\CodeIgniter->run()
#9 /home/wisnu/Documents/project/operasional/system/Commands/Server/rewrite.php(45): require_once('/home/wisnu/Doc...')
#10 {main}
CRITICAL - 2023-06-08 10:18:21 --> Trying to access array offset on value of type null
#0 /home/wisnu/Documents/project/operasional/app/Views/apps/ship/edit.php(48): CodeIgniter\Debug\Exceptions->errorHandler()
#1 /home/wisnu/Documents/project/operasional/system/View/View.php(220): include('/home/wisnu/Doc...')
#2 /home/wisnu/Documents/project/operasional/system/View/View.php(222): CodeIgniter\View\View->CodeIgniter\View\{closure}()
#3 /home/wisnu/Documents/project/operasional/system/Common.php(1217): CodeIgniter\View\View->render()
#4 /home/wisnu/Documents/project/operasional/app/Controllers/Ship.php(89): view()
#5 /home/wisnu/Documents/project/operasional/system/CodeIgniter.php(936): App\Controllers\Ship->edit()
#6 /home/wisnu/Documents/project/operasional/system/CodeIgniter.php(432): CodeIgniter\CodeIgniter->runController()
#7 /home/wisnu/Documents/project/operasional/system/CodeIgniter.php(333): CodeIgniter\CodeIgniter->handleRequest()
#8 /home/wisnu/Documents/project/operasional/public/index.php(44): CodeIgniter\CodeIgniter->run()
#9 /home/wisnu/Documents/project/operasional/system/Commands/Server/rewrite.php(45): require_once('/home/wisnu/Doc...')
#10 {main}
CRITICAL - 2023-06-08 10:18:21 --> Trying to access array offset on value of type null
#0 /home/wisnu/Documents/project/operasional/app/Views/apps/ship/edit.php(48): CodeIgniter\Debug\Exceptions->errorHandler()
#1 /home/wisnu/Documents/project/operasional/system/View/View.php(220): include('/home/wisnu/Doc...')
#2 /home/wisnu/Documents/project/operasional/system/View/View.php(222): CodeIgniter\View\View->CodeIgniter\View\{closure}()
#3 /home/wisnu/Documents/project/operasional/system/Common.php(1217): CodeIgniter\View\View->render()
#4 /home/wisnu/Documents/project/operasional/app/Controllers/Ship.php(89): view()
#5 /home/wisnu/Documents/project/operasional/system/CodeIgniter.php(936): App\Controllers\Ship->edit()
#6 /home/wisnu/Documents/project/operasional/system/CodeIgniter.php(432): CodeIgniter\CodeIgniter->runController()
#7 /home/wisnu/Documents/project/operasional/system/CodeIgniter.php(333): CodeIgniter\CodeIgniter->handleRequest()
#8 /home/wisnu/Documents/project/operasional/public/index.php(44): CodeIgniter\CodeIgniter->run()
#9 /home/wisnu/Documents/project/operasional/system/Commands/Server/rewrite.php(45): require_once('/home/wisnu/Doc...')
#10 {main}
ERROR - 2023-06-08 10:19:36 --> mysqli_sql_exception: Unknown column 'id' in 'where clause' in /home/wisnu/Documents/project/operasional/system/Database/MySQLi/Connection.php:314
Stack trace:
#0 /home/wisnu/Documents/project/operasional/system/Database/MySQLi/Connection.php(314): mysqli->query()
#1 /home/wisnu/Documents/project/operasional/system/Database/BaseConnection.php(713): CodeIgniter\Database\MySQLi\Connection->execute()
#2 /home/wisnu/Documents/project/operasional/system/Database/BaseConnection.php(641): CodeIgniter\Database\BaseConnection->simpleQuery()
#3 /home/wisnu/Documents/project/operasional/system/Database/BaseBuilder.php(2864): CodeIgniter\Database\BaseConnection->query()
#4 /home/wisnu/Documents/project/operasional/system/Model.php(422): CodeIgniter\Database\BaseBuilder->delete()
#5 /home/wisnu/Documents/project/operasional/system/BaseModel.php(1009): CodeIgniter\Model->doDelete()
#6 /home/wisnu/Documents/project/operasional/app/Controllers/Ship.php(110): CodeIgniter\BaseModel->delete()
#7 /home/wisnu/Documents/project/operasional/system/CodeIgniter.php(936): App\Controllers\Ship->delete()
#8 /home/wisnu/Documents/project/operasional/system/CodeIgniter.php(432): CodeIgniter\CodeIgniter->runController()
#9 /home/wisnu/Documents/project/operasional/system/CodeIgniter.php(333): CodeIgniter\CodeIgniter->handleRequest()
#10 /home/wisnu/Documents/project/operasional/public/index.php(44): CodeIgniter\CodeIgniter->run()
#11 /home/wisnu/Documents/project/operasional/system/Commands/Server/rewrite.php(45): require_once('/home/wisnu/Doc...')
#12 {main}
CRITICAL - 2023-06-08 10:19:36 --> Unknown column 'id' in 'where clause'
#0 /home/wisnu/Documents/project/operasional/system/Database/MySQLi/Connection.php(314): mysqli->query()
#1 /home/wisnu/Documents/project/operasional/system/Database/BaseConnection.php(713): CodeIgniter\Database\MySQLi\Connection->execute()
#2 /home/wisnu/Documents/project/operasional/system/Database/BaseConnection.php(641): CodeIgniter\Database\BaseConnection->simpleQuery()
#3 /home/wisnu/Documents/project/operasional/system/Database/BaseBuilder.php(2864): CodeIgniter\Database\BaseConnection->query()
#4 /home/wisnu/Documents/project/operasional/system/Model.php(422): CodeIgniter\Database\BaseBuilder->delete()
#5 /home/wisnu/Documents/project/operasional/system/BaseModel.php(1009): CodeIgniter\Model->doDelete()
#6 /home/wisnu/Documents/project/operasional/app/Controllers/Ship.php(110): CodeIgniter\BaseModel->delete()
#7 /home/wisnu/Documents/project/operasional/system/CodeIgniter.php(936): App\Controllers\Ship->delete()
#8 /home/wisnu/Documents/project/operasional/system/CodeIgniter.php(432): CodeIgniter\CodeIgniter->runController()
#9 /home/wisnu/Documents/project/operasional/system/CodeIgniter.php(333): CodeIgniter\CodeIgniter->handleRequest()
#10 /home/wisnu/Documents/project/operasional/public/index.php(44): CodeIgniter\CodeIgniter->run()
#11 /home/wisnu/Documents/project/operasional/system/Commands/Server/rewrite.php(45): require_once('/home/wisnu/Doc...')
#12 {main}
ERROR - 2023-06-08 10:24:47 --> mysqli_sql_exception: Expression #1 of SELECT list is not in GROUP BY clause and contains nonaggregated column 'operasional.c.month_date' which is not functionally dependent on columns in GROUP BY clause; this is incompatible with sql_mode=only_full_group_by in /home/wisnu/Documents/project/operasional/system/Database/MySQLi/Connection.php:314
Stack trace:
#0 /home/wisnu/Documents/project/operasional/system/Database/MySQLi/Connection.php(314): mysqli->query()
#1 /home/wisnu/Documents/project/operasional/system/Database/BaseConnection.php(713): CodeIgniter\Database\MySQLi\Connection->execute()
#2 /home/wisnu/Documents/project/operasional/system/Database/BaseConnection.php(641): CodeIgniter\Database\BaseConnection->simpleQuery()
#3 /home/wisnu/Documents/project/operasional/app/Models/DashboardModel.php(24): CodeIgniter\Database\BaseConnection->query()
#4 /home/wisnu/Documents/project/operasional/app/Controllers/Dashboard.php(25): App\Models\DashboardModel->getPon()
#5 /home/wisnu/Documents/project/operasional/system/CodeIgniter.php(936): App\Controllers\Dashboard->index()
#6 /home/wisnu/Documents/project/operasional/system/CodeIgniter.php(432): CodeIgniter\CodeIgniter->runController()
#7 /home/wisnu/Documents/project/operasional/system/CodeIgniter.php(333): CodeIgniter\CodeIgniter->handleRequest()
#8 /home/wisnu/Documents/project/operasional/public/index.php(44): CodeIgniter\CodeIgniter->run()
#9 /home/wisnu/Documents/project/operasional/system/Commands/Server/rewrite.php(45): require_once('/home/wisnu/Doc...')
#10 {main}
CRITICAL - 2023-06-08 10:24:47 --> Expression #1 of SELECT list is not in GROUP BY clause and contains nonaggregated column 'operasional.c.month_date' which is not functionally dependent on columns in GROUP BY clause; this is incompatible with sql_mode=only_full_group_by
#0 /home/wisnu/Documents/project/operasional/system/Database/MySQLi/Connection.php(314): mysqli->query()
#1 /home/wisnu/Documents/project/operasional/system/Database/BaseConnection.php(713): CodeIgniter\Database\MySQLi\Connection->execute()
#2 /home/wisnu/Documents/project/operasional/system/Database/BaseConnection.php(641): CodeIgniter\Database\BaseConnection->simpleQuery()
#3 /home/wisnu/Documents/project/operasional/app/Models/DashboardModel.php(24): CodeIgniter\Database\BaseConnection->query()
#4 /home/wisnu/Documents/project/operasional/app/Controllers/Dashboard.php(25): App\Models\DashboardModel->getPon()
#5 /home/wisnu/Documents/project/operasional/system/CodeIgniter.php(936): App\Controllers\Dashboard->index()
#6 /home/wisnu/Documents/project/operasional/system/CodeIgniter.php(432): CodeIgniter\CodeIgniter->runController()
#7 /home/wisnu/Documents/project/operasional/system/CodeIgniter.php(333): CodeIgniter\CodeIgniter->handleRequest()
#8 /home/wisnu/Documents/project/operasional/public/index.php(44): CodeIgniter\CodeIgniter->run()
#9 /home/wisnu/Documents/project/operasional/system/Commands/Server/rewrite.php(45): require_once('/home/wisnu/Doc...')
#10 {main}
CRITICAL - 2023-06-08 10:42:31 --> Trying to access array offset on value of type null
#0 /home/wisnu/Documents/project/operasional/app/Views/apps/ship/edit.php(48): CodeIgniter\Debug\Exceptions->errorHandler()
#1 /home/wisnu/Documents/project/operasional/system/View/View.php(220): include('/home/wisnu/Doc...')
#2 /home/wisnu/Documents/project/operasional/system/View/View.php(222): CodeIgniter\View\View->CodeIgniter\View\{closure}()
#3 /home/wisnu/Documents/project/operasional/system/Common.php(1217): CodeIgniter\View\View->render()
#4 /home/wisnu/Documents/project/operasional/app/Controllers/Ship.php(89): view()
#5 /home/wisnu/Documents/project/operasional/system/CodeIgniter.php(936): App\Controllers\Ship->edit()
#6 /home/wisnu/Documents/project/operasional/system/CodeIgniter.php(432): CodeIgniter\CodeIgniter->runController()
#7 /home/wisnu/Documents/project/operasional/system/CodeIgniter.php(333): CodeIgniter\CodeIgniter->handleRequest()
#8 /home/wisnu/Documents/project/operasional/public/index.php(44): CodeIgniter\CodeIgniter->run()
#9 /home/wisnu/Documents/project/operasional/system/Commands/Server/rewrite.php(45): require_once('/home/wisnu/Doc...')
#10 {main}
CRITICAL - 2023-06-08 10:42:31 --> Trying to access array offset on value of type null
#0 /home/wisnu/Documents/project/operasional/app/Views/apps/ship/edit.php(48): CodeIgniter\Debug\Exceptions->errorHandler()
#1 /home/wisnu/Documents/project/operasional/system/View/View.php(220): include('/home/wisnu/Doc...')
#2 /home/wisnu/Documents/project/operasional/system/View/View.php(222): CodeIgniter\View\View->CodeIgniter\View\{closure}()
#3 /home/wisnu/Documents/project/operasional/system/Common.php(1217): CodeIgniter\View\View->render()
#4 /home/wisnu/Documents/project/operasional/app/Controllers/Ship.php(89): view()
#5 /home/wisnu/Documents/project/operasional/system/CodeIgniter.php(936): App\Controllers\Ship->edit()
#6 /home/wisnu/Documents/project/operasional/system/CodeIgniter.php(432): CodeIgniter\CodeIgniter->runController()
#7 /home/wisnu/Documents/project/operasional/system/CodeIgniter.php(333): CodeIgniter\CodeIgniter->handleRequest()
#8 /home/wisnu/Documents/project/operasional/public/index.php(44): CodeIgniter\CodeIgniter->run()
#9 /home/wisnu/Documents/project/operasional/system/Commands/Server/rewrite.php(45): require_once('/home/wisnu/Doc...')
#10 {main}
CRITICAL - 2023-06-08 10:42:31 --> Trying to access array offset on value of type null
#0 /home/wisnu/Documents/project/operasional/app/Views/apps/ship/edit.php(48): CodeIgniter\Debug\Exceptions->errorHandler()
#1 /home/wisnu/Documents/project/operasional/system/View/View.php(220): include('/home/wisnu/Doc...')
#2 /home/wisnu/Documents/project/operasional/system/View/View.php(222): CodeIgniter\View\View->CodeIgniter\View\{closure}()
#3 /home/wisnu/Documents/project/operasional/system/Common.php(1217): CodeIgniter\View\View->render()
#4 /home/wisnu/Documents/project/operasional/app/Controllers/Ship.php(89): view()
#5 /home/wisnu/Documents/project/operasional/system/CodeIgniter.php(936): App\Controllers\Ship->edit()
#6 /home/wisnu/Documents/project/operasional/system/CodeIgniter.php(432): CodeIgniter\CodeIgniter->runController()
#7 /home/wisnu/Documents/project/operasional/system/CodeIgniter.php(333): CodeIgniter\CodeIgniter->handleRequest()
#8 /home/wisnu/Documents/project/operasional/public/index.php(44): CodeIgniter\CodeIgniter->run()
#9 /home/wisnu/Documents/project/operasional/system/Commands/Server/rewrite.php(45): require_once('/home/wisnu/Doc...')
#10 {main}
CRITICAL - 2023-06-08 10:42:31 --> Trying to access array offset on value of type null
#0 /home/wisnu/Documents/project/operasional/app/Views/apps/ship/edit.php(48): CodeIgniter\Debug\Exceptions->errorHandler()
#1 /home/wisnu/Documents/project/operasional/system/View/View.php(220): include('/home/wisnu/Doc...')
#2 /home/wisnu/Documents/project/operasional/system/View/View.php(222): CodeIgniter\View\View->CodeIgniter\View\{closure}()
#3 /home/wisnu/Documents/project/operasional/system/Common.php(1217): CodeIgniter\View\View->render()
#4 /home/wisnu/Documents/project/operasional/app/Controllers/Ship.php(89): view()
#5 /home/wisnu/Documents/project/operasional/system/CodeIgniter.php(936): App\Controllers\Ship->edit()
#6 /home/wisnu/Documents/project/operasional/system/CodeIgniter.php(432): CodeIgniter\CodeIgniter->runController()
#7 /home/wisnu/Documents/project/operasional/system/CodeIgniter.php(333): CodeIgniter\CodeIgniter->handleRequest()
#8 /home/wisnu/Documents/project/operasional/public/index.php(44): CodeIgniter\CodeIgniter->run()
#9 /home/wisnu/Documents/project/operasional/system/Commands/Server/rewrite.php(45): require_once('/home/wisnu/Doc...')
#10 {main}
CRITICAL - 2023-06-08 10:42:31 --> Trying to access array offset on value of type null
#0 /home/wisnu/Documents/project/operasional/app/Views/apps/ship/edit.php(48): CodeIgniter\Debug\Exceptions->errorHandler()
#1 /home/wisnu/Documents/project/operasional/system/View/View.php(220): include('/home/wisnu/Doc...')
#2 /home/wisnu/Documents/project/operasional/system/View/View.php(222): CodeIgniter\View\View->CodeIgniter\View\{closure}()
#3 /home/wisnu/Documents/project/operasional/system/Common.php(1217): CodeIgniter\View\View->render()
#4 /home/wisnu/Documents/project/operasional/app/Controllers/Ship.php(89): view()
#5 /home/wisnu/Documents/project/operasional/system/CodeIgniter.php(936): App\Controllers\Ship->edit()
#6 /home/wisnu/Documents/project/operasional/system/CodeIgniter.php(432): CodeIgniter\CodeIgniter->runController()
#7 /home/wisnu/Documents/project/operasional/system/CodeIgniter.php(333): CodeIgniter\CodeIgniter->handleRequest()
#8 /home/wisnu/Documents/project/operasional/public/index.php(44): CodeIgniter\CodeIgniter->run()
#9 /home/wisnu/Documents/project/operasional/system/Commands/Server/rewrite.php(45): require_once('/home/wisnu/Doc...')
#10 {main}
CRITICAL - 2023-06-08 10:42:31 --> Trying to access array offset on value of type null
#0 /home/wisnu/Documents/project/operasional/app/Views/apps/ship/edit.php(48): CodeIgniter\Debug\Exceptions->errorHandler()
#1 /home/wisnu/Documents/project/operasional/system/View/View.php(220): include('/home/wisnu/Doc...')
#2 /home/wisnu/Documents/project/operasional/system/View/View.php(222): CodeIgniter\View\View->CodeIgniter\View\{closure}()
#3 /home/wisnu/Documents/project/operasional/system/Common.php(1217): CodeIgniter\View\View->render()
#4 /home/wisnu/Documents/project/operasional/app/Controllers/Ship.php(89): view()
#5 /home/wisnu/Documents/project/operasional/system/CodeIgniter.php(936): App\Controllers\Ship->edit()
#6 /home/wisnu/Documents/project/operasional/system/CodeIgniter.php(432): CodeIgniter\CodeIgniter->runController()
#7 /home/wisnu/Documents/project/operasional/system/CodeIgniter.php(333): CodeIgniter\CodeIgniter->handleRequest()
#8 /home/wisnu/Documents/project/operasional/public/index.php(44): CodeIgniter\CodeIgniter->run()
#9 /home/wisnu/Documents/project/operasional/system/Commands/Server/rewrite.php(45): require_once('/home/wisnu/Doc...')
#10 {main}
CRITICAL - 2023-06-08 10:42:31 --> Trying to access array offset on value of type null
#0 /home/wisnu/Documents/project/operasional/app/Views/apps/ship/edit.php(48): CodeIgniter\Debug\Exceptions->errorHandler()
#1 /home/wisnu/Documents/project/operasional/system/View/View.php(220): include('/home/wisnu/Doc...')
#2 /home/wisnu/Documents/project/operasional/system/View/View.php(222): CodeIgniter\View\View->CodeIgniter\View\{closure}()
#3 /home/wisnu/Documents/project/operasional/system/Common.php(1217): CodeIgniter\View\View->render()
#4 /home/wisnu/Documents/project/operasional/app/Controllers/Ship.php(89): view()
#5 /home/wisnu/Documents/project/operasional/system/CodeIgniter.php(936): App\Controllers\Ship->edit()
#6 /home/wisnu/Documents/project/operasional/system/CodeIgniter.php(432): CodeIgniter\CodeIgniter->runController()
#7 /home/wisnu/Documents/project/operasional/system/CodeIgniter.php(333): CodeIgniter\CodeIgniter->handleRequest()
#8 /home/wisnu/Documents/project/operasional/public/index.php(44): CodeIgniter\CodeIgniter->run()
#9 /home/wisnu/Documents/project/operasional/system/Commands/Server/rewrite.php(45): require_once('/home/wisnu/Doc...')
#10 {main}
