ERROR - 2023-02-28 00:47:00 --> mysqli_sql_exception: Unknown column 'username' in 'where clause' in F:\Project\xampp\htdocs\operasional\system\Database\MySQLi\Connection.php:314
Stack trace:
#0 F:\Project\xampp\htdocs\operasional\system\Database\MySQLi\Connection.php(314): mysqli->query('SELECT *\nFROM `...')
#1 F:\Project\xampp\htdocs\operasional\system\Database\BaseConnection.php(713): CodeIgniter\Database\MySQLi\Connection->execute('SELECT *\nFROM `...')
#2 F:\Project\xampp\htdocs\operasional\system\Database\BaseConnection.php(641): CodeIgniter\Database\BaseConnection->simpleQuery('SELECT *\nFROM `...')
#3 F:\Project\xampp\htdocs\operasional\system\Database\BaseBuilder.php(1866): CodeIgniter\Database\BaseConnection->query('SELECT *\nFROM `...', Array, false)
#4 F:\Project\xampp\htdocs\operasional\system\Model.php(247): CodeIgniter\Database\BaseBuilder->get()
#5 F:\Project\xampp\htdocs\operasional\system\BaseModel.php(624): CodeIgniter\Model->doFirst()
#6 F:\Project\xampp\htdocs\operasional\app\Controllers\Login.php(15): CodeIgniter\BaseModel->first()
#7 F:\Project\xampp\htdocs\operasional\system\CodeIgniter.php(936): App\Controllers\Login->auth()
#8 F:\Project\xampp\htdocs\operasional\system\CodeIgniter.php(432): CodeIgniter\CodeIgniter->runController(Object(App\Controllers\Login))
#9 F:\Project\xampp\htdocs\operasional\system\CodeIgniter.php(333): CodeIgniter\CodeIgniter->handleRequest(NULL, Object(Config\Cache), false)
#10 F:\Project\xampp\htdocs\operasional\public\index.php(44): CodeIgniter\CodeIgniter->run()
#11 F:\Project\xampp\htdocs\operasional\system\Commands\Server\rewrite.php(45): require_once('F:\\Project\\xamp...')
#12 {main}
ERROR - 2023-02-28 00:47:03 --> mysqli_sql_exception: Unknown column 'username' in 'where clause' in F:\Project\xampp\htdocs\operasional\system\Database\MySQLi\Connection.php:314
Stack trace:
#0 F:\Project\xampp\htdocs\operasional\system\Database\MySQLi\Connection.php(314): mysqli->query('SELECT *\nFROM `...')
#1 F:\Project\xampp\htdocs\operasional\system\Database\BaseConnection.php(713): CodeIgniter\Database\MySQLi\Connection->execute('SELECT *\nFROM `...')
#2 F:\Project\xampp\htdocs\operasional\system\Database\BaseConnection.php(641): CodeIgniter\Database\BaseConnection->simpleQuery('SELECT *\nFROM `...')
#3 F:\Project\xampp\htdocs\operasional\system\Database\BaseBuilder.php(1866): CodeIgniter\Database\BaseConnection->query('SELECT *\nFROM `...', Array, false)
#4 F:\Project\xampp\htdocs\operasional\system\Model.php(247): CodeIgniter\Database\BaseBuilder->get()
#5 F:\Project\xampp\htdocs\operasional\system\BaseModel.php(624): CodeIgniter\Model->doFirst()
#6 F:\Project\xampp\htdocs\operasional\app\Controllers\Login.php(15): CodeIgniter\BaseModel->first()
#7 F:\Project\xampp\htdocs\operasional\system\CodeIgniter.php(936): App\Controllers\Login->auth()
#8 F:\Project\xampp\htdocs\operasional\system\CodeIgniter.php(432): CodeIgniter\CodeIgniter->runController(Object(App\Controllers\Login))
#9 F:\Project\xampp\htdocs\operasional\system\CodeIgniter.php(333): CodeIgniter\CodeIgniter->handleRequest(NULL, Object(Config\Cache), false)
#10 F:\Project\xampp\htdocs\operasional\public\index.php(44): CodeIgniter\CodeIgniter->run()
#11 F:\Project\xampp\htdocs\operasional\system\Commands\Server\rewrite.php(45): require_once('F:\\Project\\xamp...')
#12 {main}
ERROR - 2023-02-28 00:49:11 --> mysqli_sql_exception: Unknown column 'username' in 'where clause' in F:\Project\xampp\htdocs\operasional\system\Database\MySQLi\Connection.php:314
Stack trace:
#0 F:\Project\xampp\htdocs\operasional\system\Database\MySQLi\Connection.php(314): mysqli->query('SELECT *\nFROM `...')
#1 F:\Project\xampp\htdocs\operasional\system\Database\BaseConnection.php(713): CodeIgniter\Database\MySQLi\Connection->execute('SELECT *\nFROM `...')
#2 F:\Project\xampp\htdocs\operasional\system\Database\BaseConnection.php(641): CodeIgniter\Database\BaseConnection->simpleQuery('SELECT *\nFROM `...')
#3 F:\Project\xampp\htdocs\operasional\system\Database\BaseBuilder.php(1866): CodeIgniter\Database\BaseConnection->query('SELECT *\nFROM `...', Array, false)
#4 F:\Project\xampp\htdocs\operasional\system\Model.php(247): CodeIgniter\Database\BaseBuilder->get()
#5 F:\Project\xampp\htdocs\operasional\system\BaseModel.php(624): CodeIgniter\Model->doFirst()
#6 F:\Project\xampp\htdocs\operasional\app\Controllers\Login.php(15): CodeIgniter\BaseModel->first()
#7 F:\Project\xampp\htdocs\operasional\system\CodeIgniter.php(936): App\Controllers\Login->auth()
#8 F:\Project\xampp\htdocs\operasional\system\CodeIgniter.php(432): CodeIgniter\CodeIgniter->runController(Object(App\Controllers\Login))
#9 F:\Project\xampp\htdocs\operasional\system\CodeIgniter.php(333): CodeIgniter\CodeIgniter->handleRequest(NULL, Object(Config\Cache), false)
#10 F:\Project\xampp\htdocs\operasional\public\index.php(44): CodeIgniter\CodeIgniter->run()
#11 F:\Project\xampp\htdocs\operasional\system\Commands\Server\rewrite.php(45): require_once('F:\\Project\\xamp...')
#12 {main}
ERROR - 2023-02-28 00:50:11 --> mysqli_sql_exception: Unknown column 'username' in 'where clause' in F:\Project\xampp\htdocs\operasional\system\Database\MySQLi\Connection.php:314
Stack trace:
#0 F:\Project\xampp\htdocs\operasional\system\Database\MySQLi\Connection.php(314): mysqli->query('SELECT *\nFROM `...')
#1 F:\Project\xampp\htdocs\operasional\system\Database\BaseConnection.php(713): CodeIgniter\Database\MySQLi\Connection->execute('SELECT *\nFROM `...')
#2 F:\Project\xampp\htdocs\operasional\system\Database\BaseConnection.php(641): CodeIgniter\Database\BaseConnection->simpleQuery('SELECT *\nFROM `...')
#3 F:\Project\xampp\htdocs\operasional\system\Database\BaseBuilder.php(1866): CodeIgniter\Database\BaseConnection->query('SELECT *\nFROM `...', Array, false)
#4 F:\Project\xampp\htdocs\operasional\system\Model.php(247): CodeIgniter\Database\BaseBuilder->get()
#5 F:\Project\xampp\htdocs\operasional\system\BaseModel.php(624): CodeIgniter\Model->doFirst()
#6 F:\Project\xampp\htdocs\operasional\app\Controllers\Login.php(15): CodeIgniter\BaseModel->first()
#7 F:\Project\xampp\htdocs\operasional\system\CodeIgniter.php(936): App\Controllers\Login->auth()
#8 F:\Project\xampp\htdocs\operasional\system\CodeIgniter.php(432): CodeIgniter\CodeIgniter->runController(Object(App\Controllers\Login))
#9 F:\Project\xampp\htdocs\operasional\system\CodeIgniter.php(333): CodeIgniter\CodeIgniter->handleRequest(NULL, Object(Config\Cache), false)
#10 F:\Project\xampp\htdocs\operasional\public\index.php(44): CodeIgniter\CodeIgniter->run()
#11 F:\Project\xampp\htdocs\operasional\system\Commands\Server\rewrite.php(45): require_once('F:\\Project\\xamp...')
#12 {main}
ERROR - 2023-02-28 00:57:15 --> mysqli_sql_exception: Unknown column 'username' in 'where clause' in F:\Project\xampp\htdocs\operasional\system\Database\MySQLi\Connection.php:314
Stack trace:
#0 F:\Project\xampp\htdocs\operasional\system\Database\MySQLi\Connection.php(314): mysqli->query('SELECT *\nFROM `...')
#1 F:\Project\xampp\htdocs\operasional\system\Database\BaseConnection.php(713): CodeIgniter\Database\MySQLi\Connection->execute('SELECT *\nFROM `...')
#2 F:\Project\xampp\htdocs\operasional\system\Database\BaseConnection.php(641): CodeIgniter\Database\BaseConnection->simpleQuery('SELECT *\nFROM `...')
#3 F:\Project\xampp\htdocs\operasional\system\Database\BaseBuilder.php(1866): CodeIgniter\Database\BaseConnection->query('SELECT *\nFROM `...', Array, false)
#4 F:\Project\xampp\htdocs\operasional\system\Model.php(247): CodeIgniter\Database\BaseBuilder->get()
#5 F:\Project\xampp\htdocs\operasional\system\BaseModel.php(624): CodeIgniter\Model->doFirst()
#6 F:\Project\xampp\htdocs\operasional\app\Controllers\Login.php(15): CodeIgniter\BaseModel->first()
#7 F:\Project\xampp\htdocs\operasional\system\CodeIgniter.php(936): App\Controllers\Login->auth()
#8 F:\Project\xampp\htdocs\operasional\system\CodeIgniter.php(432): CodeIgniter\CodeIgniter->runController(Object(App\Controllers\Login))
#9 F:\Project\xampp\htdocs\operasional\system\CodeIgniter.php(333): CodeIgniter\CodeIgniter->handleRequest(NULL, Object(Config\Cache), false)
#10 F:\Project\xampp\htdocs\operasional\public\index.php(44): CodeIgniter\CodeIgniter->run()
#11 F:\Project\xampp\htdocs\operasional\system\Commands\Server\rewrite.php(45): require_once('F:\\Project\\xamp...')
#12 {main}
ERROR - 2023-02-28 01:03:56 --> mysqli_sql_exception: Unknown column 'username' in 'field list' in F:\Project\xampp\htdocs\operasional\system\Database\MySQLi\Connection.php:314
Stack trace:
#0 F:\Project\xampp\htdocs\operasional\system\Database\MySQLi\Connection.php(314): mysqli->query('INSERT INTO `us...')
#1 F:\Project\xampp\htdocs\operasional\system\Database\BaseConnection.php(713): CodeIgniter\Database\MySQLi\Connection->execute('INSERT INTO `us...')
#2 F:\Project\xampp\htdocs\operasional\system\Database\BaseConnection.php(641): CodeIgniter\Database\BaseConnection->simpleQuery('INSERT INTO `us...')
#3 F:\Project\xampp\htdocs\operasional\system\Database\BaseBuilder.php(2263): CodeIgniter\Database\BaseConnection->query('INSERT INTO `us...', Array, false)
#4 F:\Project\xampp\htdocs\operasional\system\Model.php(278): CodeIgniter\Database\BaseBuilder->insert()
#5 F:\Project\xampp\htdocs\operasional\system\BaseModel.php(758): CodeIgniter\Model->doInsert(Array)
#6 F:\Project\xampp\htdocs\operasional\system\Model.php(705): CodeIgniter\BaseModel->insert(Array, false)
#7 F:\Project\xampp\htdocs\operasional\system\BaseModel.php(667): CodeIgniter\Model->insert(Array, false)
#8 F:\Project\xampp\htdocs\operasional\app\Controllers\Register.php(30): CodeIgniter\BaseModel->save(Array)
#9 F:\Project\xampp\htdocs\operasional\system\CodeIgniter.php(936): App\Controllers\Register->save()
#10 F:\Project\xampp\htdocs\operasional\system\CodeIgniter.php(432): CodeIgniter\CodeIgniter->runController(Object(App\Controllers\Register))
#11 F:\Project\xampp\htdocs\operasional\system\CodeIgniter.php(333): CodeIgniter\CodeIgniter->handleRequest(NULL, Object(Config\Cache), false)
#12 F:\Project\xampp\htdocs\operasional\public\index.php(44): CodeIgniter\CodeIgniter->run()
#13 F:\Project\xampp\htdocs\operasional\system\Commands\Server\rewrite.php(45): require_once('F:\\Project\\xamp...')
#14 {main}
ERROR - 2023-02-28 01:04:01 --> mysqli_sql_exception: Unknown column 'username' in 'where clause' in F:\Project\xampp\htdocs\operasional\system\Database\MySQLi\Connection.php:314
Stack trace:
#0 F:\Project\xampp\htdocs\operasional\system\Database\MySQLi\Connection.php(314): mysqli->query('SELECT *\nFROM `...')
#1 F:\Project\xampp\htdocs\operasional\system\Database\BaseConnection.php(713): CodeIgniter\Database\MySQLi\Connection->execute('SELECT *\nFROM `...')
#2 F:\Project\xampp\htdocs\operasional\system\Database\BaseConnection.php(641): CodeIgniter\Database\BaseConnection->simpleQuery('SELECT *\nFROM `...')
#3 F:\Project\xampp\htdocs\operasional\system\Database\BaseBuilder.php(1866): CodeIgniter\Database\BaseConnection->query('SELECT *\nFROM `...', Array, false)
#4 F:\Project\xampp\htdocs\operasional\system\Model.php(247): CodeIgniter\Database\BaseBuilder->get()
#5 F:\Project\xampp\htdocs\operasional\system\BaseModel.php(624): CodeIgniter\Model->doFirst()
#6 F:\Project\xampp\htdocs\operasional\app\Controllers\Login.php(15): CodeIgniter\BaseModel->first()
#7 F:\Project\xampp\htdocs\operasional\system\CodeIgniter.php(936): App\Controllers\Login->auth()
#8 F:\Project\xampp\htdocs\operasional\system\CodeIgniter.php(432): CodeIgniter\CodeIgniter->runController(Object(App\Controllers\Login))
#9 F:\Project\xampp\htdocs\operasional\system\CodeIgniter.php(333): CodeIgniter\CodeIgniter->handleRequest(NULL, Object(Config\Cache), false)
#10 F:\Project\xampp\htdocs\operasional\public\index.php(44): CodeIgniter\CodeIgniter->run()
#11 F:\Project\xampp\htdocs\operasional\system\Commands\Server\rewrite.php(45): require_once('F:\\Project\\xamp...')
#12 {main}
ERROR - 2023-02-28 01:07:41 --> mysqli_sql_exception: Unknown column 'username' in 'field list' in F:\Project\xampp\htdocs\operasional\system\Database\MySQLi\Connection.php:314
Stack trace:
#0 F:\Project\xampp\htdocs\operasional\system\Database\MySQLi\Connection.php(314): mysqli->query('INSERT INTO `us...')
#1 F:\Project\xampp\htdocs\operasional\system\Database\BaseConnection.php(713): CodeIgniter\Database\MySQLi\Connection->execute('INSERT INTO `us...')
#2 F:\Project\xampp\htdocs\operasional\system\Database\BaseConnection.php(641): CodeIgniter\Database\BaseConnection->simpleQuery('INSERT INTO `us...')
#3 F:\Project\xampp\htdocs\operasional\system\Database\BaseBuilder.php(2263): CodeIgniter\Database\BaseConnection->query('INSERT INTO `us...', Array, false)
#4 F:\Project\xampp\htdocs\operasional\system\Model.php(278): CodeIgniter\Database\BaseBuilder->insert()
#5 F:\Project\xampp\htdocs\operasional\system\BaseModel.php(758): CodeIgniter\Model->doInsert(Array)
#6 F:\Project\xampp\htdocs\operasional\system\Model.php(705): CodeIgniter\BaseModel->insert(Array, false)
#7 F:\Project\xampp\htdocs\operasional\system\BaseModel.php(667): CodeIgniter\Model->insert(Array, false)
#8 F:\Project\xampp\htdocs\operasional\app\Controllers\Register.php(29): CodeIgniter\BaseModel->save(Array)
#9 F:\Project\xampp\htdocs\operasional\system\CodeIgniter.php(936): App\Controllers\Register->save()
#10 F:\Project\xampp\htdocs\operasional\system\CodeIgniter.php(432): CodeIgniter\CodeIgniter->runController(Object(App\Controllers\Register))
#11 F:\Project\xampp\htdocs\operasional\system\CodeIgniter.php(333): CodeIgniter\CodeIgniter->handleRequest(NULL, Object(Config\Cache), false)
#12 F:\Project\xampp\htdocs\operasional\public\index.php(44): CodeIgniter\CodeIgniter->run()
#13 F:\Project\xampp\htdocs\operasional\system\Commands\Server\rewrite.php(45): require_once('F:\\Project\\xamp...')
#14 {main}
ERROR - 2023-02-28 01:10:00 --> mysqli_sql_exception: Unknown column 'username' in 'where clause' in F:\Project\xampp\htdocs\operasional\system\Database\MySQLi\Connection.php:314
Stack trace:
#0 F:\Project\xampp\htdocs\operasional\system\Database\MySQLi\Connection.php(314): mysqli->query('SELECT *\nFROM `...')
#1 F:\Project\xampp\htdocs\operasional\system\Database\BaseConnection.php(713): CodeIgniter\Database\MySQLi\Connection->execute('SELECT *\nFROM `...')
#2 F:\Project\xampp\htdocs\operasional\system\Database\BaseConnection.php(641): CodeIgniter\Database\BaseConnection->simpleQuery('SELECT *\nFROM `...')
#3 F:\Project\xampp\htdocs\operasional\system\Database\BaseBuilder.php(1866): CodeIgniter\Database\BaseConnection->query('SELECT *\nFROM `...', Array, false)
#4 F:\Project\xampp\htdocs\operasional\system\Model.php(247): CodeIgniter\Database\BaseBuilder->get()
#5 F:\Project\xampp\htdocs\operasional\system\BaseModel.php(624): CodeIgniter\Model->doFirst()
#6 F:\Project\xampp\htdocs\operasional\app\Controllers\Login.php(15): CodeIgniter\BaseModel->first()
#7 F:\Project\xampp\htdocs\operasional\system\CodeIgniter.php(936): App\Controllers\Login->auth()
#8 F:\Project\xampp\htdocs\operasional\system\CodeIgniter.php(432): CodeIgniter\CodeIgniter->runController(Object(App\Controllers\Login))
#9 F:\Project\xampp\htdocs\operasional\system\CodeIgniter.php(333): CodeIgniter\CodeIgniter->handleRequest(NULL, Object(Config\Cache), false)
#10 F:\Project\xampp\htdocs\operasional\public\index.php(44): CodeIgniter\CodeIgniter->run()
#11 F:\Project\xampp\htdocs\operasional\system\Commands\Server\rewrite.php(45): require_once('F:\\Project\\xamp...')
#12 {main}
ERROR - 2023-02-28 01:19:40 --> mysqli_sql_exception: Unknown column 'username' in 'field list' in F:\Project\xampp\htdocs\operasional\system\Database\MySQLi\Connection.php:314
Stack trace:
#0 F:\Project\xampp\htdocs\operasional\system\Database\MySQLi\Connection.php(314): mysqli->query('INSERT INTO `us...')
#1 F:\Project\xampp\htdocs\operasional\system\Database\BaseConnection.php(713): CodeIgniter\Database\MySQLi\Connection->execute('INSERT INTO `us...')
#2 F:\Project\xampp\htdocs\operasional\system\Database\BaseConnection.php(641): CodeIgniter\Database\BaseConnection->simpleQuery('INSERT INTO `us...')
#3 F:\Project\xampp\htdocs\operasional\system\Database\BaseBuilder.php(2263): CodeIgniter\Database\BaseConnection->query('INSERT INTO `us...', Array, false)
#4 F:\Project\xampp\htdocs\operasional\system\Model.php(278): CodeIgniter\Database\BaseBuilder->insert()
#5 F:\Project\xampp\htdocs\operasional\system\BaseModel.php(758): CodeIgniter\Model->doInsert(Array)
#6 F:\Project\xampp\htdocs\operasional\system\Model.php(705): CodeIgniter\BaseModel->insert(Array, false)
#7 F:\Project\xampp\htdocs\operasional\system\BaseModel.php(667): CodeIgniter\Model->insert(Array, false)
#8 F:\Project\xampp\htdocs\operasional\app\Controllers\Register.php(29): CodeIgniter\BaseModel->save(Array)
#9 F:\Project\xampp\htdocs\operasional\system\CodeIgniter.php(936): App\Controllers\Register->save()
#10 F:\Project\xampp\htdocs\operasional\system\CodeIgniter.php(432): CodeIgniter\CodeIgniter->runController(Object(App\Controllers\Register))
#11 F:\Project\xampp\htdocs\operasional\system\CodeIgniter.php(333): CodeIgniter\CodeIgniter->handleRequest(NULL, Object(Config\Cache), false)
#12 F:\Project\xampp\htdocs\operasional\public\index.php(44): CodeIgniter\CodeIgniter->run()
#13 F:\Project\xampp\htdocs\operasional\system\Commands\Server\rewrite.php(45): require_once('F:\\Project\\xamp...')
#14 {main}
ERROR - 2023-02-28 01:22:48 --> mysqli_sql_exception: Unknown column 'username' in 'where clause' in F:\Project\xampp\htdocs\operasional\system\Database\MySQLi\Connection.php:314
Stack trace:
#0 F:\Project\xampp\htdocs\operasional\system\Database\MySQLi\Connection.php(314): mysqli->query('SELECT *\nFROM `...')
#1 F:\Project\xampp\htdocs\operasional\system\Database\BaseConnection.php(713): CodeIgniter\Database\MySQLi\Connection->execute('SELECT *\nFROM `...')
#2 F:\Project\xampp\htdocs\operasional\system\Database\BaseConnection.php(641): CodeIgniter\Database\BaseConnection->simpleQuery('SELECT *\nFROM `...')
#3 F:\Project\xampp\htdocs\operasional\system\Database\BaseBuilder.php(1866): CodeIgniter\Database\BaseConnection->query('SELECT *\nFROM `...', Array, false)
#4 F:\Project\xampp\htdocs\operasional\system\Model.php(247): CodeIgniter\Database\BaseBuilder->get()
#5 F:\Project\xampp\htdocs\operasional\system\BaseModel.php(624): CodeIgniter\Model->doFirst()
#6 F:\Project\xampp\htdocs\operasional\app\Controllers\Login.php(15): CodeIgniter\BaseModel->first()
#7 F:\Project\xampp\htdocs\operasional\system\CodeIgniter.php(936): App\Controllers\Login->auth()
#8 F:\Project\xampp\htdocs\operasional\system\CodeIgniter.php(432): CodeIgniter\CodeIgniter->runController(Object(App\Controllers\Login))
#9 F:\Project\xampp\htdocs\operasional\system\CodeIgniter.php(333): CodeIgniter\CodeIgniter->handleRequest(NULL, Object(Config\Cache), false)
#10 F:\Project\xampp\htdocs\operasional\public\index.php(44): CodeIgniter\CodeIgniter->run()
#11 F:\Project\xampp\htdocs\operasional\system\Commands\Server\rewrite.php(45): require_once('F:\\Project\\xamp...')
#12 {main}
ERROR - 2023-02-28 01:23:57 --> mysqli_sql_exception: Unknown column 'username' in 'where clause' in F:\Project\xampp\htdocs\operasional\system\Database\MySQLi\Connection.php:314
Stack trace:
#0 F:\Project\xampp\htdocs\operasional\system\Database\MySQLi\Connection.php(314): mysqli->query('SELECT *\nFROM `...')
#1 F:\Project\xampp\htdocs\operasional\system\Database\BaseConnection.php(713): CodeIgniter\Database\MySQLi\Connection->execute('SELECT *\nFROM `...')
#2 F:\Project\xampp\htdocs\operasional\system\Database\BaseConnection.php(641): CodeIgniter\Database\BaseConnection->simpleQuery('SELECT *\nFROM `...')
#3 F:\Project\xampp\htdocs\operasional\system\Database\BaseBuilder.php(1866): CodeIgniter\Database\BaseConnection->query('SELECT *\nFROM `...', Array, false)
#4 F:\Project\xampp\htdocs\operasional\system\Model.php(247): CodeIgniter\Database\BaseBuilder->get()
#5 F:\Project\xampp\htdocs\operasional\system\BaseModel.php(624): CodeIgniter\Model->doFirst()
#6 F:\Project\xampp\htdocs\operasional\app\Controllers\Login.php(15): CodeIgniter\BaseModel->first()
#7 F:\Project\xampp\htdocs\operasional\system\CodeIgniter.php(936): App\Controllers\Login->auth()
#8 F:\Project\xampp\htdocs\operasional\system\CodeIgniter.php(432): CodeIgniter\CodeIgniter->runController(Object(App\Controllers\Login))
#9 F:\Project\xampp\htdocs\operasional\system\CodeIgniter.php(333): CodeIgniter\CodeIgniter->handleRequest(NULL, Object(Config\Cache), false)
#10 F:\Project\xampp\htdocs\operasional\public\index.php(44): CodeIgniter\CodeIgniter->run()
#11 F:\Project\xampp\htdocs\operasional\system\Commands\Server\rewrite.php(45): require_once('F:\\Project\\xamp...')
#12 {main}
ERROR - 2023-02-28 01:26:35 --> mysqli_sql_exception: Unknown column 'username' in 'where clause' in F:\Project\xampp\htdocs\operasional\system\Database\MySQLi\Connection.php:314
Stack trace:
#0 F:\Project\xampp\htdocs\operasional\system\Database\MySQLi\Connection.php(314): mysqli->query('SELECT *\nFROM `...')
#1 F:\Project\xampp\htdocs\operasional\system\Database\BaseConnection.php(713): CodeIgniter\Database\MySQLi\Connection->execute('SELECT *\nFROM `...')
#2 F:\Project\xampp\htdocs\operasional\system\Database\BaseConnection.php(641): CodeIgniter\Database\BaseConnection->simpleQuery('SELECT *\nFROM `...')
#3 F:\Project\xampp\htdocs\operasional\system\Database\BaseBuilder.php(1866): CodeIgniter\Database\BaseConnection->query('SELECT *\nFROM `...', Array, false)
#4 F:\Project\xampp\htdocs\operasional\system\Model.php(247): CodeIgniter\Database\BaseBuilder->get()
#5 F:\Project\xampp\htdocs\operasional\system\BaseModel.php(624): CodeIgniter\Model->doFirst()
#6 F:\Project\xampp\htdocs\operasional\app\Controllers\Login.php(15): CodeIgniter\BaseModel->first()
#7 F:\Project\xampp\htdocs\operasional\system\CodeIgniter.php(936): App\Controllers\Login->auth()
#8 F:\Project\xampp\htdocs\operasional\system\CodeIgniter.php(432): CodeIgniter\CodeIgniter->runController(Object(App\Controllers\Login))
#9 F:\Project\xampp\htdocs\operasional\system\CodeIgniter.php(333): CodeIgniter\CodeIgniter->handleRequest(NULL, Object(Config\Cache), false)
#10 F:\Project\xampp\htdocs\operasional\public\index.php(44): CodeIgniter\CodeIgniter->run()
#11 F:\Project\xampp\htdocs\operasional\system\Commands\Server\rewrite.php(45): require_once('F:\\Project\\xamp...')
#12 {main}
CRITICAL - 2023-02-28 01:26:35 --> Unknown column 'username' in 'where clause'
#0 F:\Project\xampp\htdocs\operasional\system\Database\MySQLi\Connection.php(314): mysqli->query('SELECT *\nFROM `...')
#1 F:\Project\xampp\htdocs\operasional\system\Database\BaseConnection.php(713): CodeIgniter\Database\MySQLi\Connection->execute('SELECT *\nFROM `...')
#2 F:\Project\xampp\htdocs\operasional\system\Database\BaseConnection.php(641): CodeIgniter\Database\BaseConnection->simpleQuery('SELECT *\nFROM `...')
#3 F:\Project\xampp\htdocs\operasional\system\Database\BaseBuilder.php(1866): CodeIgniter\Database\BaseConnection->query('SELECT *\nFROM `...', Array, false)
#4 F:\Project\xampp\htdocs\operasional\system\Model.php(247): CodeIgniter\Database\BaseBuilder->get()
#5 F:\Project\xampp\htdocs\operasional\system\BaseModel.php(624): CodeIgniter\Model->doFirst()
#6 F:\Project\xampp\htdocs\operasional\app\Controllers\Login.php(15): CodeIgniter\BaseModel->first()
#7 F:\Project\xampp\htdocs\operasional\system\CodeIgniter.php(936): App\Controllers\Login->auth()
#8 F:\Project\xampp\htdocs\operasional\system\CodeIgniter.php(432): CodeIgniter\CodeIgniter->runController(Object(App\Controllers\Login))
#9 F:\Project\xampp\htdocs\operasional\system\CodeIgniter.php(333): CodeIgniter\CodeIgniter->handleRequest(NULL, Object(Config\Cache), false)
#10 F:\Project\xampp\htdocs\operasional\public\index.php(44): CodeIgniter\CodeIgniter->run()
#11 F:\Project\xampp\htdocs\operasional\system\Commands\Server\rewrite.php(45): require_once('F:\\Project\\xamp...')
#12 {main}
ERROR - 2023-02-28 01:26:55 --> mysqli_sql_exception: Unknown column 'username' in 'field list' in F:\Project\xampp\htdocs\operasional\system\Database\MySQLi\Connection.php:314
Stack trace:
#0 F:\Project\xampp\htdocs\operasional\system\Database\MySQLi\Connection.php(314): mysqli->query('INSERT INTO `us...')
#1 F:\Project\xampp\htdocs\operasional\system\Database\BaseConnection.php(713): CodeIgniter\Database\MySQLi\Connection->execute('INSERT INTO `us...')
#2 F:\Project\xampp\htdocs\operasional\system\Database\BaseConnection.php(641): CodeIgniter\Database\BaseConnection->simpleQuery('INSERT INTO `us...')
#3 F:\Project\xampp\htdocs\operasional\system\Database\BaseBuilder.php(2263): CodeIgniter\Database\BaseConnection->query('INSERT INTO `us...', Array, false)
#4 F:\Project\xampp\htdocs\operasional\system\Model.php(278): CodeIgniter\Database\BaseBuilder->insert()
#5 F:\Project\xampp\htdocs\operasional\system\BaseModel.php(758): CodeIgniter\Model->doInsert(Array)
#6 F:\Project\xampp\htdocs\operasional\system\Model.php(705): CodeIgniter\BaseModel->insert(Array, false)
#7 F:\Project\xampp\htdocs\operasional\system\BaseModel.php(667): CodeIgniter\Model->insert(Array, false)
#8 F:\Project\xampp\htdocs\operasional\app\Controllers\Register.php(29): CodeIgniter\BaseModel->save(Array)
#9 F:\Project\xampp\htdocs\operasional\system\CodeIgniter.php(936): App\Controllers\Register->save()
#10 F:\Project\xampp\htdocs\operasional\system\CodeIgniter.php(432): CodeIgniter\CodeIgniter->runController(Object(App\Controllers\Register))
#11 F:\Project\xampp\htdocs\operasional\system\CodeIgniter.php(333): CodeIgniter\CodeIgniter->handleRequest(NULL, Object(Config\Cache), false)
#12 F:\Project\xampp\htdocs\operasional\public\index.php(44): CodeIgniter\CodeIgniter->run()
#13 F:\Project\xampp\htdocs\operasional\system\Commands\Server\rewrite.php(45): require_once('F:\\Project\\xamp...')
#14 {main}
CRITICAL - 2023-02-28 01:26:55 --> Unknown column 'username' in 'field list'
#0 F:\Project\xampp\htdocs\operasional\system\Database\MySQLi\Connection.php(314): mysqli->query('INSERT INTO `us...')
#1 F:\Project\xampp\htdocs\operasional\system\Database\BaseConnection.php(713): CodeIgniter\Database\MySQLi\Connection->execute('INSERT INTO `us...')
#2 F:\Project\xampp\htdocs\operasional\system\Database\BaseConnection.php(641): CodeIgniter\Database\BaseConnection->simpleQuery('INSERT INTO `us...')
#3 F:\Project\xampp\htdocs\operasional\system\Database\BaseBuilder.php(2263): CodeIgniter\Database\BaseConnection->query('INSERT INTO `us...', Array, false)
#4 F:\Project\xampp\htdocs\operasional\system\Model.php(278): CodeIgniter\Database\BaseBuilder->insert()
#5 F:\Project\xampp\htdocs\operasional\system\BaseModel.php(758): CodeIgniter\Model->doInsert(Array)
#6 F:\Project\xampp\htdocs\operasional\system\Model.php(705): CodeIgniter\BaseModel->insert(Array, false)
#7 F:\Project\xampp\htdocs\operasional\system\BaseModel.php(667): CodeIgniter\Model->insert(Array, false)
#8 F:\Project\xampp\htdocs\operasional\app\Controllers\Register.php(29): CodeIgniter\BaseModel->save(Array)
#9 F:\Project\xampp\htdocs\operasional\system\CodeIgniter.php(936): App\Controllers\Register->save()
#10 F:\Project\xampp\htdocs\operasional\system\CodeIgniter.php(432): CodeIgniter\CodeIgniter->runController(Object(App\Controllers\Register))
#11 F:\Project\xampp\htdocs\operasional\system\CodeIgniter.php(333): CodeIgniter\CodeIgniter->handleRequest(NULL, Object(Config\Cache), false)
#12 F:\Project\xampp\htdocs\operasional\public\index.php(44): CodeIgniter\CodeIgniter->run()
#13 F:\Project\xampp\htdocs\operasional\system\Commands\Server\rewrite.php(45): require_once('F:\\Project\\xamp...')
#14 {main}
