CRITICAL - 2023-03-06 21:25:59 --> Attempt to read property "ship_id" on array
#0 F:\Project\xampp\htdocs\operasional\app\Views\apps\schedule\add.php(52): CodeIgniter\Debug\Exceptions->errorHandler(2, 'Attempt to read...', 'F:\\Project\\xamp...', 52)
#1 F:\Project\xampp\htdocs\operasional\system\View\View.php(220): include('F:\\Project\\xamp...')
#2 F:\Project\xampp\htdocs\operasional\system\View\View.php(222): CodeIgniter\View\View->CodeIgniter\View\{closure}()
#3 F:\Project\xampp\htdocs\operasional\system\Common.php(1217): CodeIgniter\View\View->render('apps/schedule/a...', Array, true)
#4 F:\Project\xampp\htdocs\operasional\app\Controllers\Schedule.php(33): view('apps/schedule/a...', Array)
#5 F:\Project\xampp\htdocs\operasional\system\CodeIgniter.php(936): App\Controllers\Schedule->add()
#6 F:\Project\xampp\htdocs\operasional\system\CodeIgniter.php(432): CodeIgniter\CodeIgniter->runController(Object(App\Controllers\Schedule))
#7 F:\Project\xampp\htdocs\operasional\system\CodeIgniter.php(333): CodeIgniter\CodeIgniter->handleRequest(NULL, Object(Config\Cache), false)
#8 F:\Project\xampp\htdocs\operasional\public\index.php(44): CodeIgniter\CodeIgniter->run()
#9 F:\Project\xampp\htdocs\operasional\system\Commands\Server\rewrite.php(45): require_once('F:\\Project\\xamp...')
#10 {main}
CRITICAL - 2023-03-06 21:26:40 --> Attempt to read property "ship_name" on array
#0 F:\Project\xampp\htdocs\operasional\app\Views\apps\schedule\add.php(52): CodeIgniter\Debug\Exceptions->errorHandler(2, 'Attempt to read...', 'F:\\Project\\xamp...', 52)
#1 F:\Project\xampp\htdocs\operasional\system\View\View.php(220): include('F:\\Project\\xamp...')
#2 F:\Project\xampp\htdocs\operasional\system\View\View.php(222): CodeIgniter\View\View->CodeIgniter\View\{closure}()
#3 F:\Project\xampp\htdocs\operasional\system\Common.php(1217): CodeIgniter\View\View->render('apps/schedule/a...', Array, true)
#4 F:\Project\xampp\htdocs\operasional\app\Controllers\Schedule.php(33): view('apps/schedule/a...', Array)
#5 F:\Project\xampp\htdocs\operasional\system\CodeIgniter.php(936): App\Controllers\Schedule->add()
#6 F:\Project\xampp\htdocs\operasional\system\CodeIgniter.php(432): CodeIgniter\CodeIgniter->runController(Object(App\Controllers\Schedule))
#7 F:\Project\xampp\htdocs\operasional\system\CodeIgniter.php(333): CodeIgniter\CodeIgniter->handleRequest(NULL, Object(Config\Cache), false)
#8 F:\Project\xampp\htdocs\operasional\public\index.php(44): CodeIgniter\CodeIgniter->run()
#9 F:\Project\xampp\htdocs\operasional\system\Commands\Server\rewrite.php(45): require_once('F:\\Project\\xamp...')
#10 {main}
CRITICAL - 2023-03-06 21:28:25 --> Attempt to read property "ship_name" on array
#0 F:\Project\xampp\htdocs\operasional\app\Views\apps\schedule\add.php(52): CodeIgniter\Debug\Exceptions->errorHandler(2, 'Attempt to read...', 'F:\\Project\\xamp...', 52)
#1 F:\Project\xampp\htdocs\operasional\system\View\View.php(220): include('F:\\Project\\xamp...')
#2 F:\Project\xampp\htdocs\operasional\system\View\View.php(222): CodeIgniter\View\View->CodeIgniter\View\{closure}()
#3 F:\Project\xampp\htdocs\operasional\system\Common.php(1217): CodeIgniter\View\View->render('apps/schedule/a...', Array, true)
#4 F:\Project\xampp\htdocs\operasional\app\Controllers\Schedule.php(33): view('apps/schedule/a...', Array)
#5 F:\Project\xampp\htdocs\operasional\system\CodeIgniter.php(936): App\Controllers\Schedule->add()
#6 F:\Project\xampp\htdocs\operasional\system\CodeIgniter.php(432): CodeIgniter\CodeIgniter->runController(Object(App\Controllers\Schedule))
#7 F:\Project\xampp\htdocs\operasional\system\CodeIgniter.php(333): CodeIgniter\CodeIgniter->handleRequest(NULL, Object(Config\Cache), false)
#8 F:\Project\xampp\htdocs\operasional\public\index.php(44): CodeIgniter\CodeIgniter->run()
#9 F:\Project\xampp\htdocs\operasional\system\Commands\Server\rewrite.php(45): require_once('F:\\Project\\xamp...')
#10 {main}
CRITICAL - 2023-03-06 21:28:42 --> syntax error, unexpected token "[", expecting identifier or variable or "{" or "$"
#0 F:\Project\xampp\htdocs\operasional\system\View\View.php(222): CodeIgniter\View\View->CodeIgniter\View\{closure}()
#1 F:\Project\xampp\htdocs\operasional\system\Common.php(1217): CodeIgniter\View\View->render('apps/schedule/a...', Array, true)
#2 F:\Project\xampp\htdocs\operasional\app\Controllers\Schedule.php(33): view('apps/schedule/a...', Array)
#3 F:\Project\xampp\htdocs\operasional\system\CodeIgniter.php(936): App\Controllers\Schedule->add()
#4 F:\Project\xampp\htdocs\operasional\system\CodeIgniter.php(432): CodeIgniter\CodeIgniter->runController(Object(App\Controllers\Schedule))
#5 F:\Project\xampp\htdocs\operasional\system\CodeIgniter.php(333): CodeIgniter\CodeIgniter->handleRequest(NULL, Object(Config\Cache), false)
#6 F:\Project\xampp\htdocs\operasional\public\index.php(44): CodeIgniter\CodeIgniter->run()
#7 F:\Project\xampp\htdocs\operasional\system\Commands\Server\rewrite.php(45): require_once('F:\\Project\\xamp...')
#8 {main}
