ERROR - 2023-06-07 14:22:46 --> mysqli_sql_exception: Expression #1 of SELECT list is not in GROUP BY clause and contains nonaggregated column 'operasional.c.month_date' which is not functionally dependent on columns in GROUP BY clause; this is incompatible with sql_mode=only_full_group_by in /home/wisnu/Documents/project/operasional/system/Database/MySQLi/Connection.php:314
Stack trace:
#0 /home/wisnu/Documents/project/operasional/system/Database/MySQLi/Connection.php(314): mysqli->query()
#1 /home/wisnu/Documents/project/operasional/system/Database/BaseConnection.php(713): CodeIgniter\Database\MySQLi\Connection->execute()
#2 /home/wisnu/Documents/project/operasional/system/Database/BaseConnection.php(641): CodeIgniter\Database\BaseConnection->simpleQuery()
#3 /home/wisnu/Documents/project/operasional/app/Models/DashboardModel.php(24): CodeIgniter\Database\BaseConnection->query()
#4 /home/wisnu/Documents/project/operasional/app/Controllers/Dashboard.php(25): App\Models\DashboardModel->getPon()
#5 /home/wisnu/Documents/project/operasional/system/CodeIgniter.php(936): App\Controllers\Dashboard->index()
#6 /home/wisnu/Documents/project/operasional/system/CodeIgniter.php(432): CodeIgniter\CodeIgniter->runController()
#7 /home/wisnu/Documents/project/operasional/system/CodeIgniter.php(333): CodeIgniter\CodeIgniter->handleRequest()
#8 /home/wisnu/Documents/project/operasional/public/index.php(44): CodeIgniter\CodeIgniter->run()
#9 /home/wisnu/Documents/project/operasional/system/Commands/Server/rewrite.php(45): require_once('/home/wisnu/Doc...')
#10 {main}
CRITICAL - 2023-06-07 14:22:46 --> Expression #1 of SELECT list is not in GROUP BY clause and contains nonaggregated column 'operasional.c.month_date' which is not functionally dependent on columns in GROUP BY clause; this is incompatible with sql_mode=only_full_group_by
#0 /home/wisnu/Documents/project/operasional/system/Database/MySQLi/Connection.php(314): mysqli->query()
#1 /home/wisnu/Documents/project/operasional/system/Database/BaseConnection.php(713): CodeIgniter\Database\MySQLi\Connection->execute()
#2 /home/wisnu/Documents/project/operasional/system/Database/BaseConnection.php(641): CodeIgniter\Database\BaseConnection->simpleQuery()
#3 /home/wisnu/Documents/project/operasional/app/Models/DashboardModel.php(24): CodeIgniter\Database\BaseConnection->query()
#4 /home/wisnu/Documents/project/operasional/app/Controllers/Dashboard.php(25): App\Models\DashboardModel->getPon()
#5 /home/wisnu/Documents/project/operasional/system/CodeIgniter.php(936): App\Controllers\Dashboard->index()
#6 /home/wisnu/Documents/project/operasional/system/CodeIgniter.php(432): CodeIgniter\CodeIgniter->runController()
#7 /home/wisnu/Documents/project/operasional/system/CodeIgniter.php(333): CodeIgniter\CodeIgniter->handleRequest()
#8 /home/wisnu/Documents/project/operasional/public/index.php(44): CodeIgniter\CodeIgniter->run()
#9 /home/wisnu/Documents/project/operasional/system/Commands/Server/rewrite.php(45): require_once('/home/wisnu/Doc...')
#10 {main}
CRITICAL - 2023-06-07 14:58:07 --> preg_match(): Compilation failed: unmatched closing parenthesis at offset 15
#0 [internal function]: CodeIgniter\Debug\Exceptions->errorHandler()
#1 /home/wisnu/Documents/project/operasional/system/Router/Router.php(409): preg_match()
#2 /home/wisnu/Documents/project/operasional/system/Router/Router.php(152): CodeIgniter\Router\Router->checkRoutes()
#3 /home/wisnu/Documents/project/operasional/system/CodeIgniter.php(816): CodeIgniter\Router\Router->handle()
#4 /home/wisnu/Documents/project/operasional/system/CodeIgniter.php(385): CodeIgniter\CodeIgniter->tryToRouteIt()
#5 /home/wisnu/Documents/project/operasional/system/CodeIgniter.php(333): CodeIgniter\CodeIgniter->handleRequest()
#6 /home/wisnu/Documents/project/operasional/public/index.php(44): CodeIgniter\CodeIgniter->run()
#7 /home/wisnu/Documents/project/operasional/system/Commands/Server/rewrite.php(45): require_once('/home/wisnu/Doc...')
#8 {main}
CRITICAL - 2023-06-07 14:59:49 --> preg_match(): Compilation failed: unmatched closing parenthesis at offset 15
#0 [internal function]: CodeIgniter\Debug\Exceptions->errorHandler()
#1 /home/wisnu/Documents/project/operasional/system/Router/Router.php(409): preg_match()
#2 /home/wisnu/Documents/project/operasional/system/Router/Router.php(152): CodeIgniter\Router\Router->checkRoutes()
#3 /home/wisnu/Documents/project/operasional/system/CodeIgniter.php(816): CodeIgniter\Router\Router->handle()
#4 /home/wisnu/Documents/project/operasional/system/CodeIgniter.php(385): CodeIgniter\CodeIgniter->tryToRouteIt()
#5 /home/wisnu/Documents/project/operasional/system/CodeIgniter.php(333): CodeIgniter\CodeIgniter->handleRequest()
#6 /home/wisnu/Documents/project/operasional/public/index.php(44): CodeIgniter\CodeIgniter->run()
#7 /home/wisnu/Documents/project/operasional/system/Commands/Server/rewrite.php(45): require_once('/home/wisnu/Doc...')
#8 {main}
CRITICAL - 2023-06-07 15:02:57 --> preg_match(): Compilation failed: unmatched closing parenthesis at offset 15
#0 [internal function]: CodeIgniter\Debug\Exceptions->errorHandler()
#1 /home/wisnu/Documents/project/operasional/system/Router/Router.php(409): preg_match()
#2 /home/wisnu/Documents/project/operasional/system/Router/Router.php(152): CodeIgniter\Router\Router->checkRoutes()
#3 /home/wisnu/Documents/project/operasional/system/CodeIgniter.php(816): CodeIgniter\Router\Router->handle()
#4 /home/wisnu/Documents/project/operasional/system/CodeIgniter.php(385): CodeIgniter\CodeIgniter->tryToRouteIt()
#5 /home/wisnu/Documents/project/operasional/system/CodeIgniter.php(333): CodeIgniter\CodeIgniter->handleRequest()
#6 /home/wisnu/Documents/project/operasional/public/index.php(44): CodeIgniter\CodeIgniter->run()
#7 /home/wisnu/Documents/project/operasional/system/Commands/Server/rewrite.php(45): require_once('/home/wisnu/Doc...')
#8 {main}
CRITICAL - 2023-06-07 15:05:40 --> preg_match(): Compilation failed: unmatched closing parenthesis at offset 15
#0 [internal function]: CodeIgniter\Debug\Exceptions->errorHandler()
#1 /home/wisnu/Documents/project/operasional/system/Router/Router.php(409): preg_match()
#2 /home/wisnu/Documents/project/operasional/system/Router/Router.php(152): CodeIgniter\Router\Router->checkRoutes()
#3 /home/wisnu/Documents/project/operasional/system/CodeIgniter.php(816): CodeIgniter\Router\Router->handle()
#4 /home/wisnu/Documents/project/operasional/system/CodeIgniter.php(385): CodeIgniter\CodeIgniter->tryToRouteIt()
#5 /home/wisnu/Documents/project/operasional/system/CodeIgniter.php(333): CodeIgniter\CodeIgniter->handleRequest()
#6 /home/wisnu/Documents/project/operasional/public/index.php(44): CodeIgniter\CodeIgniter->run()
#7 /home/wisnu/Documents/project/operasional/system/Commands/Server/rewrite.php(45): require_once('/home/wisnu/Doc...')
#8 {main}
CRITICAL - 2023-06-07 15:06:23 --> preg_match(): Compilation failed: unmatched closing parenthesis at offset 15
#0 [internal function]: CodeIgniter\Debug\Exceptions->errorHandler()
#1 /home/wisnu/Documents/project/operasional/system/Router/Router.php(409): preg_match()
#2 /home/wisnu/Documents/project/operasional/system/Router/Router.php(152): CodeIgniter\Router\Router->checkRoutes()
#3 /home/wisnu/Documents/project/operasional/system/CodeIgniter.php(816): CodeIgniter\Router\Router->handle()
#4 /home/wisnu/Documents/project/operasional/system/CodeIgniter.php(385): CodeIgniter\CodeIgniter->tryToRouteIt()
#5 /home/wisnu/Documents/project/operasional/system/CodeIgniter.php(333): CodeIgniter\CodeIgniter->handleRequest()
#6 /home/wisnu/Documents/project/operasional/public/index.php(44): CodeIgniter\CodeIgniter->run()
#7 /home/wisnu/Documents/project/operasional/system/Commands/Server/rewrite.php(45): require_once('/home/wisnu/Doc...')
#8 {main}
CRITICAL - 2023-06-07 15:07:14 --> preg_match(): Compilation failed: unmatched closing parenthesis at offset 15
#0 [internal function]: CodeIgniter\Debug\Exceptions->errorHandler()
#1 /home/wisnu/Documents/project/operasional/system/Router/Router.php(409): preg_match()
#2 /home/wisnu/Documents/project/operasional/system/Router/Router.php(152): CodeIgniter\Router\Router->checkRoutes()
#3 /home/wisnu/Documents/project/operasional/system/CodeIgniter.php(816): CodeIgniter\Router\Router->handle()
#4 /home/wisnu/Documents/project/operasional/system/CodeIgniter.php(385): CodeIgniter\CodeIgniter->tryToRouteIt()
#5 /home/wisnu/Documents/project/operasional/system/CodeIgniter.php(333): CodeIgniter\CodeIgniter->handleRequest()
#6 /home/wisnu/Documents/project/operasional/public/index.php(44): CodeIgniter\CodeIgniter->run()
#7 /home/wisnu/Documents/project/operasional/system/Commands/Server/rewrite.php(45): require_once('/home/wisnu/Doc...')
#8 {main}
CRITICAL - 2023-06-07 15:07:19 --> preg_match(): Compilation failed: unmatched closing parenthesis at offset 15
#0 [internal function]: CodeIgniter\Debug\Exceptions->errorHandler()
#1 /home/wisnu/Documents/project/operasional/system/Router/Router.php(409): preg_match()
#2 /home/wisnu/Documents/project/operasional/system/Router/Router.php(152): CodeIgniter\Router\Router->checkRoutes()
#3 /home/wisnu/Documents/project/operasional/system/CodeIgniter.php(816): CodeIgniter\Router\Router->handle()
#4 /home/wisnu/Documents/project/operasional/system/CodeIgniter.php(385): CodeIgniter\CodeIgniter->tryToRouteIt()
#5 /home/wisnu/Documents/project/operasional/system/CodeIgniter.php(333): CodeIgniter\CodeIgniter->handleRequest()
#6 /home/wisnu/Documents/project/operasional/public/index.php(44): CodeIgniter\CodeIgniter->run()
#7 /home/wisnu/Documents/project/operasional/system/Commands/Server/rewrite.php(45): require_once('/home/wisnu/Doc...')
#8 {main}
CRITICAL - 2023-06-07 15:07:57 --> preg_match(): Compilation failed: unmatched closing parenthesis at offset 15
#0 [internal function]: CodeIgniter\Debug\Exceptions->errorHandler()
#1 /home/wisnu/Documents/project/operasional/system/Router/Router.php(409): preg_match()
#2 /home/wisnu/Documents/project/operasional/system/Router/Router.php(152): CodeIgniter\Router\Router->checkRoutes()
#3 /home/wisnu/Documents/project/operasional/system/CodeIgniter.php(816): CodeIgniter\Router\Router->handle()
#4 /home/wisnu/Documents/project/operasional/system/CodeIgniter.php(385): CodeIgniter\CodeIgniter->tryToRouteIt()
#5 /home/wisnu/Documents/project/operasional/system/CodeIgniter.php(333): CodeIgniter\CodeIgniter->handleRequest()
#6 /home/wisnu/Documents/project/operasional/public/index.php(44): CodeIgniter\CodeIgniter->run()
#7 /home/wisnu/Documents/project/operasional/system/Commands/Server/rewrite.php(45): require_once('/home/wisnu/Doc...')
#8 {main}
CRITICAL - 2023-06-07 15:10:39 --> preg_match(): Compilation failed: unmatched closing parenthesis at offset 15
#0 [internal function]: CodeIgniter\Debug\Exceptions->errorHandler()
#1 /home/wisnu/Documents/project/operasional/system/Router/Router.php(409): preg_match()
#2 /home/wisnu/Documents/project/operasional/system/Router/Router.php(152): CodeIgniter\Router\Router->checkRoutes()
#3 /home/wisnu/Documents/project/operasional/system/CodeIgniter.php(816): CodeIgniter\Router\Router->handle()
#4 /home/wisnu/Documents/project/operasional/system/CodeIgniter.php(385): CodeIgniter\CodeIgniter->tryToRouteIt()
#5 /home/wisnu/Documents/project/operasional/system/CodeIgniter.php(333): CodeIgniter\CodeIgniter->handleRequest()
#6 /home/wisnu/Documents/project/operasional/public/index.php(44): CodeIgniter\CodeIgniter->run()
#7 /home/wisnu/Documents/project/operasional/system/Commands/Server/rewrite.php(45): require_once('/home/wisnu/Doc...')
#8 {main}
CRITICAL - 2023-06-07 15:15:25 --> preg_match(): Compilation failed: unmatched closing parenthesis at offset 15
#0 [internal function]: CodeIgniter\Debug\Exceptions->errorHandler()
#1 /home/wisnu/Documents/project/operasional/system/Router/Router.php(409): preg_match()
#2 /home/wisnu/Documents/project/operasional/system/Router/Router.php(152): CodeIgniter\Router\Router->checkRoutes()
#3 /home/wisnu/Documents/project/operasional/system/CodeIgniter.php(816): CodeIgniter\Router\Router->handle()
#4 /home/wisnu/Documents/project/operasional/system/CodeIgniter.php(385): CodeIgniter\CodeIgniter->tryToRouteIt()
#5 /home/wisnu/Documents/project/operasional/system/CodeIgniter.php(333): CodeIgniter\CodeIgniter->handleRequest()
#6 /home/wisnu/Documents/project/operasional/public/index.php(44): CodeIgniter\CodeIgniter->run()
#7 /home/wisnu/Documents/project/operasional/system/Commands/Server/rewrite.php(45): require_once('/home/wisnu/Doc...')
#8 {main}
CRITICAL - 2023-06-07 15:15:32 --> preg_match(): Compilation failed: unmatched closing parenthesis at offset 15
#0 [internal function]: CodeIgniter\Debug\Exceptions->errorHandler()
#1 /home/wisnu/Documents/project/operasional/system/Router/Router.php(409): preg_match()
#2 /home/wisnu/Documents/project/operasional/system/Router/Router.php(152): CodeIgniter\Router\Router->checkRoutes()
#3 /home/wisnu/Documents/project/operasional/system/CodeIgniter.php(816): CodeIgniter\Router\Router->handle()
#4 /home/wisnu/Documents/project/operasional/system/CodeIgniter.php(385): CodeIgniter\CodeIgniter->tryToRouteIt()
#5 /home/wisnu/Documents/project/operasional/system/CodeIgniter.php(333): CodeIgniter\CodeIgniter->handleRequest()
#6 /home/wisnu/Documents/project/operasional/public/index.php(44): CodeIgniter\CodeIgniter->run()
#7 /home/wisnu/Documents/project/operasional/system/Commands/Server/rewrite.php(45): require_once('/home/wisnu/Doc...')
#8 {main}
CRITICAL - 2023-06-07 15:15:42 --> preg_match(): Compilation failed: unmatched closing parenthesis at offset 15
#0 [internal function]: CodeIgniter\Debug\Exceptions->errorHandler()
#1 /home/wisnu/Documents/project/operasional/system/Router/Router.php(409): preg_match()
#2 /home/wisnu/Documents/project/operasional/system/Router/Router.php(152): CodeIgniter\Router\Router->checkRoutes()
#3 /home/wisnu/Documents/project/operasional/system/CodeIgniter.php(816): CodeIgniter\Router\Router->handle()
#4 /home/wisnu/Documents/project/operasional/system/CodeIgniter.php(385): CodeIgniter\CodeIgniter->tryToRouteIt()
#5 /home/wisnu/Documents/project/operasional/system/CodeIgniter.php(333): CodeIgniter\CodeIgniter->handleRequest()
#6 /home/wisnu/Documents/project/operasional/public/index.php(44): CodeIgniter\CodeIgniter->run()
#7 /home/wisnu/Documents/project/operasional/system/Commands/Server/rewrite.php(45): require_once('/home/wisnu/Doc...')
#8 {main}
CRITICAL - 2023-06-07 15:17:12 --> preg_match(): Compilation failed: unmatched closing parenthesis at offset 15
#0 [internal function]: CodeIgniter\Debug\Exceptions->errorHandler()
#1 /home/wisnu/Documents/project/operasional/system/Router/Router.php(409): preg_match()
#2 /home/wisnu/Documents/project/operasional/system/Router/Router.php(152): CodeIgniter\Router\Router->checkRoutes()
#3 /home/wisnu/Documents/project/operasional/system/CodeIgniter.php(816): CodeIgniter\Router\Router->handle()
#4 /home/wisnu/Documents/project/operasional/system/CodeIgniter.php(385): CodeIgniter\CodeIgniter->tryToRouteIt()
#5 /home/wisnu/Documents/project/operasional/system/CodeIgniter.php(333): CodeIgniter\CodeIgniter->handleRequest()
#6 /home/wisnu/Documents/project/operasional/public/index.php(44): CodeIgniter\CodeIgniter->run()
#7 /home/wisnu/Documents/project/operasional/system/Commands/Server/rewrite.php(45): require_once('/home/wisnu/Doc...')
#8 {main}
CRITICAL - 2023-06-07 15:17:23 --> preg_match(): Compilation failed: unmatched closing parenthesis at offset 15
#0 [internal function]: CodeIgniter\Debug\Exceptions->errorHandler()
#1 /home/wisnu/Documents/project/operasional/system/Router/Router.php(409): preg_match()
#2 /home/wisnu/Documents/project/operasional/system/Router/Router.php(152): CodeIgniter\Router\Router->checkRoutes()
#3 /home/wisnu/Documents/project/operasional/system/CodeIgniter.php(816): CodeIgniter\Router\Router->handle()
#4 /home/wisnu/Documents/project/operasional/system/CodeIgniter.php(385): CodeIgniter\CodeIgniter->tryToRouteIt()
#5 /home/wisnu/Documents/project/operasional/system/CodeIgniter.php(333): CodeIgniter\CodeIgniter->handleRequest()
#6 /home/wisnu/Documents/project/operasional/public/index.php(44): CodeIgniter\CodeIgniter->run()
#7 /home/wisnu/Documents/project/operasional/system/Commands/Server/rewrite.php(45): require_once('/home/wisnu/Doc...')
#8 {main}
CRITICAL - 2023-06-07 15:24:44 --> preg_match(): Compilation failed: unmatched closing parenthesis at offset 15
#0 [internal function]: CodeIgniter\Debug\Exceptions->errorHandler()
#1 /home/wisnu/Documents/project/operasional/system/Router/Router.php(409): preg_match()
#2 /home/wisnu/Documents/project/operasional/system/Router/Router.php(152): CodeIgniter\Router\Router->checkRoutes()
#3 /home/wisnu/Documents/project/operasional/system/CodeIgniter.php(816): CodeIgniter\Router\Router->handle()
#4 /home/wisnu/Documents/project/operasional/system/CodeIgniter.php(385): CodeIgniter\CodeIgniter->tryToRouteIt()
#5 /home/wisnu/Documents/project/operasional/system/CodeIgniter.php(333): CodeIgniter\CodeIgniter->handleRequest()
#6 /home/wisnu/Documents/project/operasional/public/index.php(44): CodeIgniter\CodeIgniter->run()
#7 /home/wisnu/Documents/project/operasional/system/Commands/Server/rewrite.php(45): require_once('/home/wisnu/Doc...')
#8 {main}
CRITICAL - 2023-06-07 15:26:57 --> preg_match(): Compilation failed: unmatched closing parenthesis at offset 15
#0 [internal function]: CodeIgniter\Debug\Exceptions->errorHandler()
#1 /home/wisnu/Documents/project/operasional/system/Router/Router.php(409): preg_match()
#2 /home/wisnu/Documents/project/operasional/system/Router/Router.php(152): CodeIgniter\Router\Router->checkRoutes()
#3 /home/wisnu/Documents/project/operasional/system/CodeIgniter.php(816): CodeIgniter\Router\Router->handle()
#4 /home/wisnu/Documents/project/operasional/system/CodeIgniter.php(385): CodeIgniter\CodeIgniter->tryToRouteIt()
#5 /home/wisnu/Documents/project/operasional/system/CodeIgniter.php(333): CodeIgniter\CodeIgniter->handleRequest()
#6 /home/wisnu/Documents/project/operasional/public/index.php(44): CodeIgniter\CodeIgniter->run()
#7 /home/wisnu/Documents/project/operasional/system/Commands/Server/rewrite.php(45): require_once('/home/wisnu/Doc...')
#8 {main}
CRITICAL - 2023-06-07 15:32:36 --> preg_match(): Compilation failed: unmatched closing parenthesis at offset 15
#0 [internal function]: CodeIgniter\Debug\Exceptions->errorHandler()
#1 /home/wisnu/Documents/project/operasional/system/Router/Router.php(409): preg_match()
#2 /home/wisnu/Documents/project/operasional/system/Router/Router.php(152): CodeIgniter\Router\Router->checkRoutes()
#3 /home/wisnu/Documents/project/operasional/system/CodeIgniter.php(816): CodeIgniter\Router\Router->handle()
#4 /home/wisnu/Documents/project/operasional/system/CodeIgniter.php(385): CodeIgniter\CodeIgniter->tryToRouteIt()
#5 /home/wisnu/Documents/project/operasional/system/CodeIgniter.php(333): CodeIgniter\CodeIgniter->handleRequest()
#6 /home/wisnu/Documents/project/operasional/public/index.php(44): CodeIgniter\CodeIgniter->run()
#7 /home/wisnu/Documents/project/operasional/system/Commands/Server/rewrite.php(45): require_once('/home/wisnu/Doc...')
#8 {main}
CRITICAL - 2023-06-07 15:34:11 --> Call to undefined function App\Controllers\showByDate()
#0 /home/wisnu/Documents/project/operasional/system/CodeIgniter.php(936): App\Controllers\Operation->find()
#1 /home/wisnu/Documents/project/operasional/system/CodeIgniter.php(432): CodeIgniter\CodeIgniter->runController()
#2 /home/wisnu/Documents/project/operasional/system/CodeIgniter.php(333): CodeIgniter\CodeIgniter->handleRequest()
#3 /home/wisnu/Documents/project/operasional/public/index.php(44): CodeIgniter\CodeIgniter->run()
#4 /home/wisnu/Documents/project/operasional/system/Commands/Server/rewrite.php(45): require_once('/home/wisnu/Doc...')
#5 {main}
CRITICAL - 2023-06-07 15:42:08 -->  route cannot be found while reverse-routing.
#0 /home/wisnu/Documents/project/operasional/system/HTTP/RedirectResponse.php(63): CodeIgniter\HTTP\Exceptions\HTTPException::forInvalidRedirectRoute()
#1 /home/wisnu/Documents/project/operasional/app/Controllers/Operation.php(178): CodeIgniter\HTTP\RedirectResponse->route()
#2 /home/wisnu/Documents/project/operasional/system/CodeIgniter.php(936): App\Controllers\Operation->find()
#3 /home/wisnu/Documents/project/operasional/system/CodeIgniter.php(432): CodeIgniter\CodeIgniter->runController()
#4 /home/wisnu/Documents/project/operasional/system/CodeIgniter.php(333): CodeIgniter\CodeIgniter->handleRequest()
#5 /home/wisnu/Documents/project/operasional/public/index.php(44): CodeIgniter\CodeIgniter->run()
#6 /home/wisnu/Documents/project/operasional/system/Commands/Server/rewrite.php(45): require_once('/home/wisnu/Doc...')
#7 {main}
CRITICAL - 2023-06-07 15:43:46 -->  route cannot be found while reverse-routing.
#0 /home/wisnu/Documents/project/operasional/system/HTTP/RedirectResponse.php(63): CodeIgniter\HTTP\Exceptions\HTTPException::forInvalidRedirectRoute()
#1 /home/wisnu/Documents/project/operasional/app/Controllers/Operation.php(178): CodeIgniter\HTTP\RedirectResponse->route()
#2 /home/wisnu/Documents/project/operasional/system/CodeIgniter.php(936): App\Controllers\Operation->find()
#3 /home/wisnu/Documents/project/operasional/system/CodeIgniter.php(432): CodeIgniter\CodeIgniter->runController()
#4 /home/wisnu/Documents/project/operasional/system/CodeIgniter.php(333): CodeIgniter\CodeIgniter->handleRequest()
#5 /home/wisnu/Documents/project/operasional/public/index.php(44): CodeIgniter\CodeIgniter->run()
#6 /home/wisnu/Documents/project/operasional/system/Commands/Server/rewrite.php(45): require_once('/home/wisnu/Doc...')
#7 {main}
CRITICAL - 2023-06-07 15:44:33 -->  route cannot be found while reverse-routing.
#0 /home/wisnu/Documents/project/operasional/system/HTTP/RedirectResponse.php(63): CodeIgniter\HTTP\Exceptions\HTTPException::forInvalidRedirectRoute()
#1 /home/wisnu/Documents/project/operasional/app/Controllers/Operation.php(178): CodeIgniter\HTTP\RedirectResponse->route()
#2 /home/wisnu/Documents/project/operasional/system/CodeIgniter.php(936): App\Controllers\Operation->find()
#3 /home/wisnu/Documents/project/operasional/system/CodeIgniter.php(432): CodeIgniter\CodeIgniter->runController()
#4 /home/wisnu/Documents/project/operasional/system/CodeIgniter.php(333): CodeIgniter\CodeIgniter->handleRequest()
#5 /home/wisnu/Documents/project/operasional/public/index.php(44): CodeIgniter\CodeIgniter->run()
#6 /home/wisnu/Documents/project/operasional/system/Commands/Server/rewrite.php(45): require_once('/home/wisnu/Doc...')
#7 {main}
CRITICAL - 2023-06-07 15:44:46 -->  route cannot be found while reverse-routing.
#0 /home/wisnu/Documents/project/operasional/system/HTTP/RedirectResponse.php(63): CodeIgniter\HTTP\Exceptions\HTTPException::forInvalidRedirectRoute()
#1 /home/wisnu/Documents/project/operasional/app/Controllers/Operation.php(178): CodeIgniter\HTTP\RedirectResponse->route()
#2 /home/wisnu/Documents/project/operasional/system/CodeIgniter.php(936): App\Controllers\Operation->find()
#3 /home/wisnu/Documents/project/operasional/system/CodeIgniter.php(432): CodeIgniter\CodeIgniter->runController()
#4 /home/wisnu/Documents/project/operasional/system/CodeIgniter.php(333): CodeIgniter\CodeIgniter->handleRequest()
#5 /home/wisnu/Documents/project/operasional/public/index.php(44): CodeIgniter\CodeIgniter->run()
#6 /home/wisnu/Documents/project/operasional/system/Commands/Server/rewrite.php(45): require_once('/home/wisnu/Doc...')
#7 {main}
CRITICAL - 2023-06-07 15:47:08 --> Object of class CodeIgniter\HTTP\RedirectResponse could not be converted to string
#0 /home/wisnu/Documents/project/operasional/system/CodeIgniter.php(936): App\Controllers\Operation->find()
#1 /home/wisnu/Documents/project/operasional/system/CodeIgniter.php(432): CodeIgniter\CodeIgniter->runController()
#2 /home/wisnu/Documents/project/operasional/system/CodeIgniter.php(333): CodeIgniter\CodeIgniter->handleRequest()
#3 /home/wisnu/Documents/project/operasional/public/index.php(44): CodeIgniter\CodeIgniter->run()
#4 /home/wisnu/Documents/project/operasional/system/Commands/Server/rewrite.php(45): require_once('/home/wisnu/Doc...')
#5 {main}
ERROR - 2023-06-07 17:57:54 --> mysqli_sql_exception: Expression #1 of SELECT list is not in GROUP BY clause and contains nonaggregated column 'operasional.c.month_date' which is not functionally dependent on columns in GROUP BY clause; this is incompatible with sql_mode=only_full_group_by in /home/wisnu/Documents/project/operasional/system/Database/MySQLi/Connection.php:314
Stack trace:
#0 /home/wisnu/Documents/project/operasional/system/Database/MySQLi/Connection.php(314): mysqli->query()
#1 /home/wisnu/Documents/project/operasional/system/Database/BaseConnection.php(713): CodeIgniter\Database\MySQLi\Connection->execute()
#2 /home/wisnu/Documents/project/operasional/system/Database/BaseConnection.php(641): CodeIgniter\Database\BaseConnection->simpleQuery()
#3 /home/wisnu/Documents/project/operasional/app/Models/DashboardModel.php(24): CodeIgniter\Database\BaseConnection->query()
#4 /home/wisnu/Documents/project/operasional/app/Controllers/Dashboard.php(25): App\Models\DashboardModel->getPon()
#5 /home/wisnu/Documents/project/operasional/system/CodeIgniter.php(936): App\Controllers\Dashboard->index()
#6 /home/wisnu/Documents/project/operasional/system/CodeIgniter.php(432): CodeIgniter\CodeIgniter->runController()
#7 /home/wisnu/Documents/project/operasional/system/CodeIgniter.php(333): CodeIgniter\CodeIgniter->handleRequest()
#8 /home/wisnu/Documents/project/operasional/public/index.php(44): CodeIgniter\CodeIgniter->run()
#9 /home/wisnu/Documents/project/operasional/system/Commands/Server/rewrite.php(45): require_once('/home/wisnu/Doc...')
#10 {main}
CRITICAL - 2023-06-07 17:57:54 --> Expression #1 of SELECT list is not in GROUP BY clause and contains nonaggregated column 'operasional.c.month_date' which is not functionally dependent on columns in GROUP BY clause; this is incompatible with sql_mode=only_full_group_by
#0 /home/wisnu/Documents/project/operasional/system/Database/MySQLi/Connection.php(314): mysqli->query()
#1 /home/wisnu/Documents/project/operasional/system/Database/BaseConnection.php(713): CodeIgniter\Database\MySQLi\Connection->execute()
#2 /home/wisnu/Documents/project/operasional/system/Database/BaseConnection.php(641): CodeIgniter\Database\BaseConnection->simpleQuery()
#3 /home/wisnu/Documents/project/operasional/app/Models/DashboardModel.php(24): CodeIgniter\Database\BaseConnection->query()
#4 /home/wisnu/Documents/project/operasional/app/Controllers/Dashboard.php(25): App\Models\DashboardModel->getPon()
#5 /home/wisnu/Documents/project/operasional/system/CodeIgniter.php(936): App\Controllers\Dashboard->index()
#6 /home/wisnu/Documents/project/operasional/system/CodeIgniter.php(432): CodeIgniter\CodeIgniter->runController()
#7 /home/wisnu/Documents/project/operasional/system/CodeIgniter.php(333): CodeIgniter\CodeIgniter->handleRequest()
#8 /home/wisnu/Documents/project/operasional/public/index.php(44): CodeIgniter\CodeIgniter->run()
#9 /home/wisnu/Documents/project/operasional/system/Commands/Server/rewrite.php(45): require_once('/home/wisnu/Doc...')
#10 {main}
CRITICAL - 2023-06-07 18:17:44 --> Use of undefined constant selected - assumed 'selected' (this will throw an Error in a future version of PHP)
#0 /home/wisnu/Documents/project/operasional/app/Views/apps/operations/index.php(43): CodeIgniter\Debug\Exceptions->errorHandler()
#1 /home/wisnu/Documents/project/operasional/system/View/View.php(220): include('/home/wisnu/Doc...')
#2 /home/wisnu/Documents/project/operasional/system/View/View.php(222): CodeIgniter\View\View->CodeIgniter\View\{closure}()
#3 /home/wisnu/Documents/project/operasional/system/Common.php(1217): CodeIgniter\View\View->render()
#4 /home/wisnu/Documents/project/operasional/app/Controllers/Operation.php(160): view()
#5 /home/wisnu/Documents/project/operasional/system/CodeIgniter.php(936): App\Controllers\Operation->showByDate()
#6 /home/wisnu/Documents/project/operasional/system/CodeIgniter.php(432): CodeIgniter\CodeIgniter->runController()
#7 /home/wisnu/Documents/project/operasional/system/CodeIgniter.php(333): CodeIgniter\CodeIgniter->handleRequest()
#8 /home/wisnu/Documents/project/operasional/public/index.php(44): CodeIgniter\CodeIgniter->run()
#9 /home/wisnu/Documents/project/operasional/system/Commands/Server/rewrite.php(45): require_once('/home/wisnu/Doc...')
#10 {main}
CRITICAL - 2023-06-07 20:50:26 --> Undefined variable: data
#0 /home/wisnu/Documents/project/operasional/app/Views/apps/operations/index.php(43): CodeIgniter\Debug\Exceptions->errorHandler()
#1 /home/wisnu/Documents/project/operasional/system/View/View.php(220): include('/home/wisnu/Doc...')
#2 /home/wisnu/Documents/project/operasional/system/View/View.php(222): CodeIgniter\View\View->CodeIgniter\View\{closure}()
#3 /home/wisnu/Documents/project/operasional/system/Common.php(1217): CodeIgniter\View\View->render()
#4 /home/wisnu/Documents/project/operasional/app/Controllers/Operation.php(39): view()
#5 /home/wisnu/Documents/project/operasional/system/CodeIgniter.php(936): App\Controllers\Operation->index()
#6 /home/wisnu/Documents/project/operasional/system/CodeIgniter.php(432): CodeIgniter\CodeIgniter->runController()
#7 /home/wisnu/Documents/project/operasional/system/CodeIgniter.php(333): CodeIgniter\CodeIgniter->handleRequest()
#8 /home/wisnu/Documents/project/operasional/public/index.php(44): CodeIgniter\CodeIgniter->run()
#9 /home/wisnu/Documents/project/operasional/system/Commands/Server/rewrite.php(45): require_once('/home/wisnu/Doc...')
#10 {main}
CRITICAL - 2023-06-07 21:53:02 --> Class 'App\Controllers\ScheduleModel' not found
#0 /home/wisnu/Documents/project/operasional/system/CodeIgniter.php(936): App\Controllers\Ship->index()
#1 /home/wisnu/Documents/project/operasional/system/CodeIgniter.php(432): CodeIgniter\CodeIgniter->runController()
#2 /home/wisnu/Documents/project/operasional/system/CodeIgniter.php(333): CodeIgniter\CodeIgniter->handleRequest()
#3 /home/wisnu/Documents/project/operasional/public/index.php(44): CodeIgniter\CodeIgniter->run()
#4 /home/wisnu/Documents/project/operasional/system/Commands/Server/rewrite.php(45): require_once('/home/wisnu/Doc...')
#5 {main}
CRITICAL - 2023-06-07 21:53:36 --> Undefined index: width
#0 /home/wisnu/Documents/project/operasional/app/Views/apps/ship/index.php(65): CodeIgniter\Debug\Exceptions->errorHandler()
#1 /home/wisnu/Documents/project/operasional/system/View/View.php(220): include('/home/wisnu/Doc...')
#2 /home/wisnu/Documents/project/operasional/system/View/View.php(222): CodeIgniter\View\View->CodeIgniter\View\{closure}()
#3 /home/wisnu/Documents/project/operasional/system/Common.php(1217): CodeIgniter\View\View->render()
#4 /home/wisnu/Documents/project/operasional/app/Controllers/Ship.php(30): view()
#5 /home/wisnu/Documents/project/operasional/system/CodeIgniter.php(936): App\Controllers\Ship->index()
#6 /home/wisnu/Documents/project/operasional/system/CodeIgniter.php(432): CodeIgniter\CodeIgniter->runController()
#7 /home/wisnu/Documents/project/operasional/system/CodeIgniter.php(333): CodeIgniter\CodeIgniter->handleRequest()
#8 /home/wisnu/Documents/project/operasional/public/index.php(44): CodeIgniter\CodeIgniter->run()
#9 /home/wisnu/Documents/project/operasional/system/Commands/Server/rewrite.php(45): require_once('/home/wisnu/Doc...')
#10 {main}
CRITICAL - 2023-06-07 21:54:05 --> Undefined index: width
#0 /home/wisnu/Documents/project/operasional/app/Views/apps/ship/index.php(65): CodeIgniter\Debug\Exceptions->errorHandler()
#1 /home/wisnu/Documents/project/operasional/system/View/View.php(220): include('/home/wisnu/Doc...')
#2 /home/wisnu/Documents/project/operasional/system/View/View.php(222): CodeIgniter\View\View->CodeIgniter\View\{closure}()
#3 /home/wisnu/Documents/project/operasional/system/Common.php(1217): CodeIgniter\View\View->render()
#4 /home/wisnu/Documents/project/operasional/app/Controllers/Ship.php(30): view()
#5 /home/wisnu/Documents/project/operasional/system/CodeIgniter.php(936): App\Controllers\Ship->index()
#6 /home/wisnu/Documents/project/operasional/system/CodeIgniter.php(432): CodeIgniter\CodeIgniter->runController()
#7 /home/wisnu/Documents/project/operasional/system/CodeIgniter.php(333): CodeIgniter\CodeIgniter->handleRequest()
#8 /home/wisnu/Documents/project/operasional/public/index.php(44): CodeIgniter\CodeIgniter->run()
#9 /home/wisnu/Documents/project/operasional/system/Commands/Server/rewrite.php(45): require_once('/home/wisnu/Doc...')
#10 {main}
CRITICAL - 2023-06-07 21:54:07 --> Undefined index: width
#0 /home/wisnu/Documents/project/operasional/app/Views/apps/ship/index.php(65): CodeIgniter\Debug\Exceptions->errorHandler()
#1 /home/wisnu/Documents/project/operasional/system/View/View.php(220): include('/home/wisnu/Doc...')
#2 /home/wisnu/Documents/project/operasional/system/View/View.php(222): CodeIgniter\View\View->CodeIgniter\View\{closure}()
#3 /home/wisnu/Documents/project/operasional/system/Common.php(1217): CodeIgniter\View\View->render()
#4 /home/wisnu/Documents/project/operasional/app/Controllers/Ship.php(30): view()
#5 /home/wisnu/Documents/project/operasional/system/CodeIgniter.php(936): App\Controllers\Ship->index()
#6 /home/wisnu/Documents/project/operasional/system/CodeIgniter.php(432): CodeIgniter\CodeIgniter->runController()
#7 /home/wisnu/Documents/project/operasional/system/CodeIgniter.php(333): CodeIgniter\CodeIgniter->handleRequest()
#8 /home/wisnu/Documents/project/operasional/public/index.php(44): CodeIgniter\CodeIgniter->run()
#9 /home/wisnu/Documents/project/operasional/system/Commands/Server/rewrite.php(45): require_once('/home/wisnu/Doc...')
#10 {main}
CRITICAL - 2023-06-07 21:54:11 --> Undefined index: width
#0 /home/wisnu/Documents/project/operasional/app/Views/apps/ship/index.php(65): CodeIgniter\Debug\Exceptions->errorHandler()
#1 /home/wisnu/Documents/project/operasional/system/View/View.php(220): include('/home/wisnu/Doc...')
#2 /home/wisnu/Documents/project/operasional/system/View/View.php(222): CodeIgniter\View\View->CodeIgniter\View\{closure}()
#3 /home/wisnu/Documents/project/operasional/system/Common.php(1217): CodeIgniter\View\View->render()
#4 /home/wisnu/Documents/project/operasional/app/Controllers/Ship.php(30): view()
#5 /home/wisnu/Documents/project/operasional/system/CodeIgniter.php(936): App\Controllers\Ship->index()
#6 /home/wisnu/Documents/project/operasional/system/CodeIgniter.php(432): CodeIgniter\CodeIgniter->runController()
#7 /home/wisnu/Documents/project/operasional/system/CodeIgniter.php(333): CodeIgniter\CodeIgniter->handleRequest()
#8 /home/wisnu/Documents/project/operasional/public/index.php(44): CodeIgniter\CodeIgniter->run()
#9 /home/wisnu/Documents/project/operasional/system/Commands/Server/rewrite.php(45): require_once('/home/wisnu/Doc...')
#10 {main}
CRITICAL - 2023-06-07 21:54:48 --> Undefined index: width
#0 /home/wisnu/Documents/project/operasional/app/Views/apps/ship/index.php(65): CodeIgniter\Debug\Exceptions->errorHandler()
#1 /home/wisnu/Documents/project/operasional/system/View/View.php(220): include('/home/wisnu/Doc...')
#2 /home/wisnu/Documents/project/operasional/system/View/View.php(222): CodeIgniter\View\View->CodeIgniter\View\{closure}()
#3 /home/wisnu/Documents/project/operasional/system/Common.php(1217): CodeIgniter\View\View->render()
#4 /home/wisnu/Documents/project/operasional/app/Controllers/Ship.php(30): view()
#5 /home/wisnu/Documents/project/operasional/system/CodeIgniter.php(936): App\Controllers\Ship->index()
#6 /home/wisnu/Documents/project/operasional/system/CodeIgniter.php(432): CodeIgniter\CodeIgniter->runController()
#7 /home/wisnu/Documents/project/operasional/system/CodeIgniter.php(333): CodeIgniter\CodeIgniter->handleRequest()
#8 /home/wisnu/Documents/project/operasional/public/index.php(44): CodeIgniter\CodeIgniter->run()
#9 /home/wisnu/Documents/project/operasional/system/Commands/Server/rewrite.php(45): require_once('/home/wisnu/Doc...')
#10 {main}
CRITICAL - 2023-06-07 21:55:15 --> Undefined variable: schedule
#0 /home/wisnu/Documents/project/operasional/app/Views/apps/ship/index.php(67): CodeIgniter\Debug\Exceptions->errorHandler()
#1 /home/wisnu/Documents/project/operasional/system/View/View.php(220): include('/home/wisnu/Doc...')
#2 /home/wisnu/Documents/project/operasional/system/View/View.php(222): CodeIgniter\View\View->CodeIgniter\View\{closure}()
#3 /home/wisnu/Documents/project/operasional/system/Common.php(1217): CodeIgniter\View\View->render()
#4 /home/wisnu/Documents/project/operasional/app/Controllers/Ship.php(30): view()
#5 /home/wisnu/Documents/project/operasional/system/CodeIgniter.php(936): App\Controllers\Ship->index()
#6 /home/wisnu/Documents/project/operasional/system/CodeIgniter.php(432): CodeIgniter\CodeIgniter->runController()
#7 /home/wisnu/Documents/project/operasional/system/CodeIgniter.php(333): CodeIgniter\CodeIgniter->handleRequest()
#8 /home/wisnu/Documents/project/operasional/public/index.php(44): CodeIgniter\CodeIgniter->run()
#9 /home/wisnu/Documents/project/operasional/system/Commands/Server/rewrite.php(45): require_once('/home/wisnu/Doc...')
#10 {main}
